<?xml version="1.0" encoding="UTF-8"?>
<testsuite xmlns:xsi="http://www.w3.org/2001/XMLSchema-instance" xsi:noNamespaceSchemaLocation="https://maven.apache.org/surefire/maven-surefire-plugin/xsd/surefire-test-report-3.0.xsd" version="3.0" name="Selenium_4_Tests.TestDevToolsPerformance" time="4.733" tests="2" errors="0" skipped="0" failures="0">
  <properties>
    <property name="java.specification.version" value="17"/>
    <property name="sun.cpu.isalist" value="amd64"/>
    <property name="sun.jnu.encoding" value="Cp1252"/>
    <property name="java.class.path" value="C:\Douglas\Automation\Proyectos\Selenium\Pumpkins\Four Project\carbonfour-selenium-4\target\test-classes;C:\Douglas\Automation\Proyectos\Selenium\Pumpkins\Four Project\carbonfour-selenium-4\target\classes;C:\Users\dougl\.m2\repository\org\seleniumhq\selenium\selenium-java\4.12.1\selenium-java-4.12.1.jar;C:\Users\dougl\.m2\repository\org\seleniumhq\selenium\selenium-api\4.12.1\selenium-api-4.12.1.jar;C:\Users\dougl\.m2\repository\org\seleniumhq\selenium\selenium-chrome-driver\4.12.1\selenium-chrome-driver-4.12.1.jar;C:\Users\dougl\.m2\repository\com\google\auto\service\auto-service-annotations\1.1.1\auto-service-annotations-1.1.1.jar;C:\Users\dougl\.m2\repository\com\google\guava\guava\32.1.2-jre\guava-32.1.2-jre.jar;C:\Users\dougl\.m2\repository\com\google\guava\failureaccess\1.0.1\failureaccess-1.0.1.jar;C:\Users\dougl\.m2\repository\com\google\guava\listenablefuture\9999.0-empty-to-avoid-conflict-with-guava\listenablefuture-9999.0-empty-to-avoid-conflict-with-guava.jar;C:\Users\dougl\.m2\repository\com\google\code\findbugs\jsr305\3.0.2\jsr305-3.0.2.jar;C:\Users\dougl\.m2\repository\org\checkerframework\checker-qual\3.33.0\checker-qual-3.33.0.jar;C:\Users\dougl\.m2\repository\com\google\errorprone\error_prone_annotations\2.18.0\error_prone_annotations-2.18.0.jar;C:\Users\dougl\.m2\repository\com\google\j2objc\j2objc-annotations\2.8\j2objc-annotations-2.8.jar;C:\Users\dougl\.m2\repository\org\seleniumhq\selenium\selenium-chromium-driver\4.12.1\selenium-chromium-driver-4.12.1.jar;C:\Users\dougl\.m2\repository\org\seleniumhq\selenium\selenium-json\4.12.1\selenium-json-4.12.1.jar;C:\Users\dougl\.m2\repository\org\seleniumhq\selenium\selenium-manager\4.12.1\selenium-manager-4.12.1.jar;C:\Users\dougl\.m2\repository\org\seleniumhq\selenium\selenium-devtools-v114\4.12.1\selenium-devtools-v114-4.12.1.jar;C:\Users\dougl\.m2\repository\org\seleniumhq\selenium\selenium-devtools-v115\4.12.1\selenium-devtools-v115-4.12.1.jar;C:\Users\dougl\.m2\repository\org\seleniumhq\selenium\selenium-devtools-v116\4.12.1\selenium-devtools-v116-4.12.1.jar;C:\Users\dougl\.m2\repository\org\seleniumhq\selenium\selenium-devtools-v85\4.12.1\selenium-devtools-v85-4.12.1.jar;C:\Users\dougl\.m2\repository\org\seleniumhq\selenium\selenium-edge-driver\4.12.1\selenium-edge-driver-4.12.1.jar;C:\Users\dougl\.m2\repository\org\seleniumhq\selenium\selenium-firefox-driver\4.12.1\selenium-firefox-driver-4.12.1.jar;C:\Users\dougl\.m2\repository\org\seleniumhq\selenium\selenium-http\4.12.1\selenium-http-4.12.1.jar;C:\Users\dougl\.m2\repository\dev\failsafe\failsafe\3.3.2\failsafe-3.3.2.jar;C:\Users\dougl\.m2\repository\org\seleniumhq\selenium\selenium-ie-driver\4.12.1\selenium-ie-driver-4.12.1.jar;C:\Users\dougl\.m2\repository\org\seleniumhq\selenium\selenium-remote-driver\4.12.1\selenium-remote-driver-4.12.1.jar;C:\Users\dougl\.m2\repository\io\netty\netty-buffer\4.1.96.Final\netty-buffer-4.1.96.Final.jar;C:\Users\dougl\.m2\repository\io\netty\netty-codec-http\4.1.96.Final\netty-codec-http-4.1.96.Final.jar;C:\Users\dougl\.m2\repository\io\netty\netty-codec\4.1.96.Final\netty-codec-4.1.96.Final.jar;C:\Users\dougl\.m2\repository\io\netty\netty-handler\4.1.96.Final\netty-handler-4.1.96.Final.jar;C:\Users\dougl\.m2\repository\io\netty\netty-common\4.1.96.Final\netty-common-4.1.96.Final.jar;C:\Users\dougl\.m2\repository\io\netty\netty-transport-classes-epoll\4.1.96.Final\netty-transport-classes-epoll-4.1.96.Final.jar;C:\Users\dougl\.m2\repository\io\netty\netty-transport-classes-kqueue\4.1.96.Final\netty-transport-classes-kqueue-4.1.96.Final.jar;C:\Users\dougl\.m2\repository\io\netty\netty-transport-native-epoll\4.1.96.Final\netty-transport-native-epoll-4.1.96.Final.jar;C:\Users\dougl\.m2\repository\io\netty\netty-transport-native-kqueue\4.1.96.Final\netty-transport-native-kqueue-4.1.96.Final.jar;C:\Users\dougl\.m2\repository\io\netty\netty-transport-native-unix-common\4.1.96.Final\netty-transport-native-unix-common-4.1.96.Final.jar;C:\Users\dougl\.m2\repository\io\netty\netty-transport\4.1.96.Final\netty-transport-4.1.96.Final.jar;C:\Users\dougl\.m2\repository\io\netty\netty-resolver\4.1.96.Final\netty-resolver-4.1.96.Final.jar;C:\Users\dougl\.m2\repository\io\opentelemetry\opentelemetry-api\1.28.0\opentelemetry-api-1.28.0.jar;C:\Users\dougl\.m2\repository\io\opentelemetry\opentelemetry-context\1.28.0\opentelemetry-context-1.28.0.jar;C:\Users\dougl\.m2\repository\io\opentelemetry\opentelemetry-exporter-logging\1.28.0\opentelemetry-exporter-logging-1.28.0.jar;C:\Users\dougl\.m2\repository\io\opentelemetry\opentelemetry-sdk-metrics\1.28.0\opentelemetry-sdk-metrics-1.28.0.jar;C:\Users\dougl\.m2\repository\io\opentelemetry\opentelemetry-extension-incubator\1.28.0-alpha\opentelemetry-extension-incubator-1.28.0-alpha.jar;C:\Users\dougl\.m2\repository\io\opentelemetry\opentelemetry-sdk-logs\1.28.0\opentelemetry-sdk-logs-1.28.0.jar;C:\Users\dougl\.m2\repository\io\opentelemetry\opentelemetry-sdk-common\1.28.0\opentelemetry-sdk-common-1.28.0.jar;C:\Users\dougl\.m2\repository\io\opentelemetry\opentelemetry-sdk-extension-autoconfigure-spi\1.28.0\opentelemetry-sdk-extension-autoconfigure-spi-1.28.0.jar;C:\Users\dougl\.m2\repository\io\opentelemetry\opentelemetry-sdk-extension-autoconfigure\1.28.0\opentelemetry-sdk-extension-autoconfigure-1.28.0.jar;C:\Users\dougl\.m2\repository\io\opentelemetry\opentelemetry-api-events\1.28.0-alpha\opentelemetry-api-events-1.28.0-alpha.jar;C:\Users\dougl\.m2\repository\io\opentelemetry\opentelemetry-sdk-trace\1.28.0\opentelemetry-sdk-trace-1.28.0.jar;C:\Users\dougl\.m2\repository\io\opentelemetry\opentelemetry-sdk\1.28.0\opentelemetry-sdk-1.28.0.jar;C:\Users\dougl\.m2\repository\io\opentelemetry\opentelemetry-semconv\1.28.0-alpha\opentelemetry-semconv-1.28.0-alpha.jar;C:\Users\dougl\.m2\repository\org\asynchttpclient\async-http-client\2.12.3\async-http-client-2.12.3.jar;C:\Users\dougl\.m2\repository\org\asynchttpclient\async-http-client-netty-utils\2.12.3\async-http-client-netty-utils-2.12.3.jar;C:\Users\dougl\.m2\repository\io\netty\netty-codec-socks\4.1.60.Final\netty-codec-socks-4.1.60.Final.jar;C:\Users\dougl\.m2\repository\io\netty\netty-handler-proxy\4.1.60.Final\netty-handler-proxy-4.1.60.Final.jar;C:\Users\dougl\.m2\repository\io\netty\netty-transport-native-epoll\4.1.60.Final\netty-transport-native-epoll-4.1.60.Final-linux-x86_64.jar;C:\Users\dougl\.m2\repository\io\netty\netty-transport-native-kqueue\4.1.60.Final\netty-transport-native-kqueue-4.1.60.Final-osx-x86_64.jar;C:\Users\dougl\.m2\repository\org\reactivestreams\reactive-streams\1.0.3\reactive-streams-1.0.3.jar;C:\Users\dougl\.m2\repository\com\typesafe\netty\netty-reactive-streams\2.0.4\netty-reactive-streams-2.0.4.jar;C:\Users\dougl\.m2\repository\com\sun\activation\jakarta.activation\1.2.2\jakarta.activation-1.2.2.jar;C:\Users\dougl\.m2\repository\org\seleniumhq\selenium\selenium-os\4.12.1\selenium-os-4.12.1.jar;C:\Users\dougl\.m2\repository\org\apache\commons\commons-exec\1.3\commons-exec-1.3.jar;C:\Users\dougl\.m2\repository\org\seleniumhq\selenium\selenium-safari-driver\4.12.1\selenium-safari-driver-4.12.1.jar;C:\Users\dougl\.m2\repository\org\seleniumhq\selenium\selenium-support\4.12.1\selenium-support-4.12.1.jar;C:\Users\dougl\.m2\repository\org\assertj\assertj-core\3.24.2\assertj-core-3.24.2.jar;C:\Users\dougl\.m2\repository\net\bytebuddy\byte-buddy\1.12.21\byte-buddy-1.12.21.jar;C:\Users\dougl\.m2\repository\org\projectlombok\lombok\1.18.28\lombok-1.18.28.jar;C:\Users\dougl\.m2\repository\org\slf4j\slf4j-simple\2.0.9\slf4j-simple-2.0.9.jar;C:\Users\dougl\.m2\repository\org\slf4j\slf4j-api\2.0.9\slf4j-api-2.0.9.jar;C:\Users\dougl\.m2\repository\com\github\javafaker\javafaker\1.0.2\javafaker-1.0.2.jar;C:\Users\dougl\.m2\repository\org\apache\commons\commons-lang3\3.5\commons-lang3-3.5.jar;C:\Users\dougl\.m2\repository\org\yaml\snakeyaml\1.23\snakeyaml-1.23-android.jar;C:\Users\dougl\.m2\repository\com\github\mifmif\generex\1.0.2\generex-1.0.2.jar;C:\Users\dougl\.m2\repository\dk\brics\automaton\automaton\1.11-8\automaton-1.11-8.jar;C:\Users\dougl\.m2\repository\com\deque\html\axe-core\selenium\4.7.0\selenium-4.7.0.jar;C:\Users\dougl\.m2\repository\commons-io\commons-io\2.11.0\commons-io-2.11.0.jar;C:\Users\dougl\.m2\repository\io\github\bonigarcia\webdrivermanager\5.3.1\webdrivermanager-5.3.1.jar;C:\Users\dougl\.m2\repository\com\google\code\gson\gson\2.10\gson-2.10.jar;C:\Users\dougl\.m2\repository\com\github\docker-java\docker-java\3.2.13\docker-java-3.2.13.jar;C:\Users\dougl\.m2\repository\com\github\docker-java\docker-java-core\3.2.13\docker-java-core-3.2.13.jar;C:\Users\dougl\.m2\repository\com\github\docker-java\docker-java-api\3.2.13\docker-java-api-3.2.13.jar;C:\Users\dougl\.m2\repository\org\apache\commons\commons-compress\1.21\commons-compress-1.21.jar;C:\Users\dougl\.m2\repository\org\bouncycastle\bcpkix-jdk15on\1.64\bcpkix-jdk15on-1.64.jar;C:\Users\dougl\.m2\repository\org\bouncycastle\bcprov-jdk15on\1.64\bcprov-jdk15on-1.64.jar;C:\Users\dougl\.m2\repository\org\slf4j\jcl-over-slf4j\1.7.30\jcl-over-slf4j-1.7.30.jar;C:\Users\dougl\.m2\repository\com\github\docker-java\docker-java-transport-httpclient5\3.2.13\docker-java-transport-httpclient5-3.2.13.jar;C:\Users\dougl\.m2\repository\com\github\docker-java\docker-java-transport\3.2.13\docker-java-transport-3.2.13.jar;C:\Users\dougl\.m2\repository\net\java\dev\jna\jna\5.8.0\jna-5.8.0.jar;C:\Users\dougl\.m2\repository\org\brotli\dec\0.1.2\dec-0.1.2.jar;C:\Users\dougl\.m2\repository\org\apache\httpcomponents\client5\httpclient5\5.1.3\httpclient5-5.1.3.jar;C:\Users\dougl\.m2\repository\org\apache\httpcomponents\core5\httpcore5\5.1.3\httpcore5-5.1.3.jar;C:\Users\dougl\.m2\repository\org\apache\httpcomponents\core5\httpcore5-h2\5.1.3\httpcore5-h2-5.1.3.jar;C:\Users\dougl\.m2\repository\commons-codec\commons-codec\1.15\commons-codec-1.15.jar;C:\Users\dougl\.m2\repository\com\deque\html\axe-core\dequeutilites\4.7.0\dequeutilites-4.7.0.jar;C:\Users\dougl\.m2\repository\io\qameta\allure\allure-junit5\2.24.0\allure-junit5-2.24.0.jar;C:\Users\dougl\.m2\repository\io\qameta\allure\allure-junit-platform\2.24.0\allure-junit-platform-2.24.0.jar;C:\Users\dougl\.m2\repository\io\qameta\allure\allure-java-commons\2.24.0\allure-java-commons-2.24.0.jar;C:\Users\dougl\.m2\repository\io\qameta\allure\allure-model\2.24.0\allure-model-2.24.0.jar;C:\Users\dougl\.m2\repository\io\qameta\allure\allure-test-filter\2.24.0\allure-test-filter-2.24.0.jar;C:\Users\dougl\.m2\repository\org\junit\platform\junit-platform-launcher\1.9.2\junit-platform-launcher-1.9.2.jar;C:\Users\dougl\.m2\repository\com\fasterxml\jackson\core\jackson-databind\2.15.2\jackson-databind-2.15.2.jar;C:\Users\dougl\.m2\repository\com\fasterxml\jackson\core\jackson-annotations\2.15.2\jackson-annotations-2.15.2.jar;C:\Users\dougl\.m2\repository\com\fasterxml\jackson\core\jackson-core\2.15.2\jackson-core-2.15.2.jar;C:\Users\dougl\.m2\repository\org\junit\jupiter\junit-jupiter-api\5.10.0\junit-jupiter-api-5.10.0.jar;C:\Users\dougl\.m2\repository\org\opentest4j\opentest4j\1.3.0\opentest4j-1.3.0.jar;C:\Users\dougl\.m2\repository\org\junit\platform\junit-platform-commons\1.10.0\junit-platform-commons-1.10.0.jar;C:\Users\dougl\.m2\repository\org\apiguardian\apiguardian-api\1.1.2\apiguardian-api-1.1.2.jar;C:\Users\dougl\.m2\repository\org\junit\jupiter\junit-jupiter-engine\5.10.0\junit-jupiter-engine-5.10.0.jar;C:\Users\dougl\.m2\repository\org\junit\platform\junit-platform-engine\1.10.0\junit-platform-engine-1.10.0.jar;C:\Users\dougl\.m2\repository\org\junit\jupiter\junit-jupiter-params\5.10.0\junit-jupiter-params-5.10.0.jar;"/>
    <property name="java.vm.vendor" value="Amazon.com Inc."/>
    <property name="sun.arch.data.model" value="64"/>
    <property name="user.variant" value=""/>
    <property name="java.vendor.url" value="https://aws.amazon.com/corretto/"/>
    <property name="user.timezone" value="America/Bogota"/>
    <property name="os.name" value="Windows 11"/>
    <property name="java.vm.specification.version" value="17"/>
    <property name="sun.java.launcher" value="SUN_STANDARD"/>
    <property name="user.country" value="CO"/>
    <property name="sun.boot.library.path" value="C:\Program Files\Amazon Corretto\jdk17.0.6_10\bin"/>
    <property name="sun.java.command" value="C:\Users\dougl\AppData\Local\Temp\surefire39709750491246177\surefirebooter-20230907102336383_3.jar C:\Users\dougl\AppData\Local\Temp\surefire39709750491246177 2023-09-07T10-23-36_227-jvmRun1 surefire-20230907102336383_1tmp surefire_0-20230907102336383_2tmp"/>
    <property name="jdk.debug" value="release"/>
    <property name="surefire.test.class.path" value="C:\Douglas\Automation\Proyectos\Selenium\Pumpkins\Four Project\carbonfour-selenium-4\target\test-classes;C:\Douglas\Automation\Proyectos\Selenium\Pumpkins\Four Project\carbonfour-selenium-4\target\classes;C:\Users\dougl\.m2\repository\org\seleniumhq\selenium\selenium-java\4.12.1\selenium-java-4.12.1.jar;C:\Users\dougl\.m2\repository\org\seleniumhq\selenium\selenium-api\4.12.1\selenium-api-4.12.1.jar;C:\Users\dougl\.m2\repository\org\seleniumhq\selenium\selenium-chrome-driver\4.12.1\selenium-chrome-driver-4.12.1.jar;C:\Users\dougl\.m2\repository\com\google\auto\service\auto-service-annotations\1.1.1\auto-service-annotations-1.1.1.jar;C:\Users\dougl\.m2\repository\com\google\guava\guava\32.1.2-jre\guava-32.1.2-jre.jar;C:\Users\dougl\.m2\repository\com\google\guava\failureaccess\1.0.1\failureaccess-1.0.1.jar;C:\Users\dougl\.m2\repository\com\google\guava\listenablefuture\9999.0-empty-to-avoid-conflict-with-guava\listenablefuture-9999.0-empty-to-avoid-conflict-with-guava.jar;C:\Users\dougl\.m2\repository\com\google\code\findbugs\jsr305\3.0.2\jsr305-3.0.2.jar;C:\Users\dougl\.m2\repository\org\checkerframework\checker-qual\3.33.0\checker-qual-3.33.0.jar;C:\Users\dougl\.m2\repository\com\google\errorprone\error_prone_annotations\2.18.0\error_prone_annotations-2.18.0.jar;C:\Users\dougl\.m2\repository\com\google\j2objc\j2objc-annotations\2.8\j2objc-annotations-2.8.jar;C:\Users\dougl\.m2\repository\org\seleniumhq\selenium\selenium-chromium-driver\4.12.1\selenium-chromium-driver-4.12.1.jar;C:\Users\dougl\.m2\repository\org\seleniumhq\selenium\selenium-json\4.12.1\selenium-json-4.12.1.jar;C:\Users\dougl\.m2\repository\org\seleniumhq\selenium\selenium-manager\4.12.1\selenium-manager-4.12.1.jar;C:\Users\dougl\.m2\repository\org\seleniumhq\selenium\selenium-devtools-v114\4.12.1\selenium-devtools-v114-4.12.1.jar;C:\Users\dougl\.m2\repository\org\seleniumhq\selenium\selenium-devtools-v115\4.12.1\selenium-devtools-v115-4.12.1.jar;C:\Users\dougl\.m2\repository\org\seleniumhq\selenium\selenium-devtools-v116\4.12.1\selenium-devtools-v116-4.12.1.jar;C:\Users\dougl\.m2\repository\org\seleniumhq\selenium\selenium-devtools-v85\4.12.1\selenium-devtools-v85-4.12.1.jar;C:\Users\dougl\.m2\repository\org\seleniumhq\selenium\selenium-edge-driver\4.12.1\selenium-edge-driver-4.12.1.jar;C:\Users\dougl\.m2\repository\org\seleniumhq\selenium\selenium-firefox-driver\4.12.1\selenium-firefox-driver-4.12.1.jar;C:\Users\dougl\.m2\repository\org\seleniumhq\selenium\selenium-http\4.12.1\selenium-http-4.12.1.jar;C:\Users\dougl\.m2\repository\dev\failsafe\failsafe\3.3.2\failsafe-3.3.2.jar;C:\Users\dougl\.m2\repository\org\seleniumhq\selenium\selenium-ie-driver\4.12.1\selenium-ie-driver-4.12.1.jar;C:\Users\dougl\.m2\repository\org\seleniumhq\selenium\selenium-remote-driver\4.12.1\selenium-remote-driver-4.12.1.jar;C:\Users\dougl\.m2\repository\io\netty\netty-buffer\4.1.96.Final\netty-buffer-4.1.96.Final.jar;C:\Users\dougl\.m2\repository\io\netty\netty-codec-http\4.1.96.Final\netty-codec-http-4.1.96.Final.jar;C:\Users\dougl\.m2\repository\io\netty\netty-codec\4.1.96.Final\netty-codec-4.1.96.Final.jar;C:\Users\dougl\.m2\repository\io\netty\netty-handler\4.1.96.Final\netty-handler-4.1.96.Final.jar;C:\Users\dougl\.m2\repository\io\netty\netty-common\4.1.96.Final\netty-common-4.1.96.Final.jar;C:\Users\dougl\.m2\repository\io\netty\netty-transport-classes-epoll\4.1.96.Final\netty-transport-classes-epoll-4.1.96.Final.jar;C:\Users\dougl\.m2\repository\io\netty\netty-transport-classes-kqueue\4.1.96.Final\netty-transport-classes-kqueue-4.1.96.Final.jar;C:\Users\dougl\.m2\repository\io\netty\netty-transport-native-epoll\4.1.96.Final\netty-transport-native-epoll-4.1.96.Final.jar;C:\Users\dougl\.m2\repository\io\netty\netty-transport-native-kqueue\4.1.96.Final\netty-transport-native-kqueue-4.1.96.Final.jar;C:\Users\dougl\.m2\repository\io\netty\netty-transport-native-unix-common\4.1.96.Final\netty-transport-native-unix-common-4.1.96.Final.jar;C:\Users\dougl\.m2\repository\io\netty\netty-transport\4.1.96.Final\netty-transport-4.1.96.Final.jar;C:\Users\dougl\.m2\repository\io\netty\netty-resolver\4.1.96.Final\netty-resolver-4.1.96.Final.jar;C:\Users\dougl\.m2\repository\io\opentelemetry\opentelemetry-api\1.28.0\opentelemetry-api-1.28.0.jar;C:\Users\dougl\.m2\repository\io\opentelemetry\opentelemetry-context\1.28.0\opentelemetry-context-1.28.0.jar;C:\Users\dougl\.m2\repository\io\opentelemetry\opentelemetry-exporter-logging\1.28.0\opentelemetry-exporter-logging-1.28.0.jar;C:\Users\dougl\.m2\repository\io\opentelemetry\opentelemetry-sdk-metrics\1.28.0\opentelemetry-sdk-metrics-1.28.0.jar;C:\Users\dougl\.m2\repository\io\opentelemetry\opentelemetry-extension-incubator\1.28.0-alpha\opentelemetry-extension-incubator-1.28.0-alpha.jar;C:\Users\dougl\.m2\repository\io\opentelemetry\opentelemetry-sdk-logs\1.28.0\opentelemetry-sdk-logs-1.28.0.jar;C:\Users\dougl\.m2\repository\io\opentelemetry\opentelemetry-sdk-common\1.28.0\opentelemetry-sdk-common-1.28.0.jar;C:\Users\dougl\.m2\repository\io\opentelemetry\opentelemetry-sdk-extension-autoconfigure-spi\1.28.0\opentelemetry-sdk-extension-autoconfigure-spi-1.28.0.jar;C:\Users\dougl\.m2\repository\io\opentelemetry\opentelemetry-sdk-extension-autoconfigure\1.28.0\opentelemetry-sdk-extension-autoconfigure-1.28.0.jar;C:\Users\dougl\.m2\repository\io\opentelemetry\opentelemetry-api-events\1.28.0-alpha\opentelemetry-api-events-1.28.0-alpha.jar;C:\Users\dougl\.m2\repository\io\opentelemetry\opentelemetry-sdk-trace\1.28.0\opentelemetry-sdk-trace-1.28.0.jar;C:\Users\dougl\.m2\repository\io\opentelemetry\opentelemetry-sdk\1.28.0\opentelemetry-sdk-1.28.0.jar;C:\Users\dougl\.m2\repository\io\opentelemetry\opentelemetry-semconv\1.28.0-alpha\opentelemetry-semconv-1.28.0-alpha.jar;C:\Users\dougl\.m2\repository\org\asynchttpclient\async-http-client\2.12.3\async-http-client-2.12.3.jar;C:\Users\dougl\.m2\repository\org\asynchttpclient\async-http-client-netty-utils\2.12.3\async-http-client-netty-utils-2.12.3.jar;C:\Users\dougl\.m2\repository\io\netty\netty-codec-socks\4.1.60.Final\netty-codec-socks-4.1.60.Final.jar;C:\Users\dougl\.m2\repository\io\netty\netty-handler-proxy\4.1.60.Final\netty-handler-proxy-4.1.60.Final.jar;C:\Users\dougl\.m2\repository\io\netty\netty-transport-native-epoll\4.1.60.Final\netty-transport-native-epoll-4.1.60.Final-linux-x86_64.jar;C:\Users\dougl\.m2\repository\io\netty\netty-transport-native-kqueue\4.1.60.Final\netty-transport-native-kqueue-4.1.60.Final-osx-x86_64.jar;C:\Users\dougl\.m2\repository\org\reactivestreams\reactive-streams\1.0.3\reactive-streams-1.0.3.jar;C:\Users\dougl\.m2\repository\com\typesafe\netty\netty-reactive-streams\2.0.4\netty-reactive-streams-2.0.4.jar;C:\Users\dougl\.m2\repository\com\sun\activation\jakarta.activation\1.2.2\jakarta.activation-1.2.2.jar;C:\Users\dougl\.m2\repository\org\seleniumhq\selenium\selenium-os\4.12.1\selenium-os-4.12.1.jar;C:\Users\dougl\.m2\repository\org\apache\commons\commons-exec\1.3\commons-exec-1.3.jar;C:\Users\dougl\.m2\repository\org\seleniumhq\selenium\selenium-safari-driver\4.12.1\selenium-safari-driver-4.12.1.jar;C:\Users\dougl\.m2\repository\org\seleniumhq\selenium\selenium-support\4.12.1\selenium-support-4.12.1.jar;C:\Users\dougl\.m2\repository\org\assertj\assertj-core\3.24.2\assertj-core-3.24.2.jar;C:\Users\dougl\.m2\repository\net\bytebuddy\byte-buddy\1.12.21\byte-buddy-1.12.21.jar;C:\Users\dougl\.m2\repository\org\projectlombok\lombok\1.18.28\lombok-1.18.28.jar;C:\Users\dougl\.m2\repository\org\slf4j\slf4j-simple\2.0.9\slf4j-simple-2.0.9.jar;C:\Users\dougl\.m2\repository\org\slf4j\slf4j-api\2.0.9\slf4j-api-2.0.9.jar;C:\Users\dougl\.m2\repository\com\github\javafaker\javafaker\1.0.2\javafaker-1.0.2.jar;C:\Users\dougl\.m2\repository\org\apache\commons\commons-lang3\3.5\commons-lang3-3.5.jar;C:\Users\dougl\.m2\repository\org\yaml\snakeyaml\1.23\snakeyaml-1.23-android.jar;C:\Users\dougl\.m2\repository\com\github\mifmif\generex\1.0.2\generex-1.0.2.jar;C:\Users\dougl\.m2\repository\dk\brics\automaton\automaton\1.11-8\automaton-1.11-8.jar;C:\Users\dougl\.m2\repository\com\deque\html\axe-core\selenium\4.7.0\selenium-4.7.0.jar;C:\Users\dougl\.m2\repository\commons-io\commons-io\2.11.0\commons-io-2.11.0.jar;C:\Users\dougl\.m2\repository\io\github\bonigarcia\webdrivermanager\5.3.1\webdrivermanager-5.3.1.jar;C:\Users\dougl\.m2\repository\com\google\code\gson\gson\2.10\gson-2.10.jar;C:\Users\dougl\.m2\repository\com\github\docker-java\docker-java\3.2.13\docker-java-3.2.13.jar;C:\Users\dougl\.m2\repository\com\github\docker-java\docker-java-core\3.2.13\docker-java-core-3.2.13.jar;C:\Users\dougl\.m2\repository\com\github\docker-java\docker-java-api\3.2.13\docker-java-api-3.2.13.jar;C:\Users\dougl\.m2\repository\org\apache\commons\commons-compress\1.21\commons-compress-1.21.jar;C:\Users\dougl\.m2\repository\org\bouncycastle\bcpkix-jdk15on\1.64\bcpkix-jdk15on-1.64.jar;C:\Users\dougl\.m2\repository\org\bouncycastle\bcprov-jdk15on\1.64\bcprov-jdk15on-1.64.jar;C:\Users\dougl\.m2\repository\org\slf4j\jcl-over-slf4j\1.7.30\jcl-over-slf4j-1.7.30.jar;C:\Users\dougl\.m2\repository\com\github\docker-java\docker-java-transport-httpclient5\3.2.13\docker-java-transport-httpclient5-3.2.13.jar;C:\Users\dougl\.m2\repository\com\github\docker-java\docker-java-transport\3.2.13\docker-java-transport-3.2.13.jar;C:\Users\dougl\.m2\repository\net\java\dev\jna\jna\5.8.0\jna-5.8.0.jar;C:\Users\dougl\.m2\repository\org\brotli\dec\0.1.2\dec-0.1.2.jar;C:\Users\dougl\.m2\repository\org\apache\httpcomponents\client5\httpclient5\5.1.3\httpclient5-5.1.3.jar;C:\Users\dougl\.m2\repository\org\apache\httpcomponents\core5\httpcore5\5.1.3\httpcore5-5.1.3.jar;C:\Users\dougl\.m2\repository\org\apache\httpcomponents\core5\httpcore5-h2\5.1.3\httpcore5-h2-5.1.3.jar;C:\Users\dougl\.m2\repository\commons-codec\commons-codec\1.15\commons-codec-1.15.jar;C:\Users\dougl\.m2\repository\com\deque\html\axe-core\dequeutilites\4.7.0\dequeutilites-4.7.0.jar;C:\Users\dougl\.m2\repository\io\qameta\allure\allure-junit5\2.24.0\allure-junit5-2.24.0.jar;C:\Users\dougl\.m2\repository\io\qameta\allure\allure-junit-platform\2.24.0\allure-junit-platform-2.24.0.jar;C:\Users\dougl\.m2\repository\io\qameta\allure\allure-java-commons\2.24.0\allure-java-commons-2.24.0.jar;C:\Users\dougl\.m2\repository\io\qameta\allure\allure-model\2.24.0\allure-model-2.24.0.jar;C:\Users\dougl\.m2\repository\io\qameta\allure\allure-test-filter\2.24.0\allure-test-filter-2.24.0.jar;C:\Users\dougl\.m2\repository\org\junit\platform\junit-platform-launcher\1.9.2\junit-platform-launcher-1.9.2.jar;C:\Users\dougl\.m2\repository\com\fasterxml\jackson\core\jackson-databind\2.15.2\jackson-databind-2.15.2.jar;C:\Users\dougl\.m2\repository\com\fasterxml\jackson\core\jackson-annotations\2.15.2\jackson-annotations-2.15.2.jar;C:\Users\dougl\.m2\repository\com\fasterxml\jackson\core\jackson-core\2.15.2\jackson-core-2.15.2.jar;C:\Users\dougl\.m2\repository\org\junit\jupiter\junit-jupiter-api\5.10.0\junit-jupiter-api-5.10.0.jar;C:\Users\dougl\.m2\repository\org\opentest4j\opentest4j\1.3.0\opentest4j-1.3.0.jar;C:\Users\dougl\.m2\repository\org\junit\platform\junit-platform-commons\1.10.0\junit-platform-commons-1.10.0.jar;C:\Users\dougl\.m2\repository\org\apiguardian\apiguardian-api\1.1.2\apiguardian-api-1.1.2.jar;C:\Users\dougl\.m2\repository\org\junit\jupiter\junit-jupiter-engine\5.10.0\junit-jupiter-engine-5.10.0.jar;C:\Users\dougl\.m2\repository\org\junit\platform\junit-platform-engine\1.10.0\junit-platform-engine-1.10.0.jar;C:\Users\dougl\.m2\repository\org\junit\jupiter\junit-jupiter-params\5.10.0\junit-jupiter-params-5.10.0.jar;"/>
    <property name="sun.cpu.endian" value="little"/>
    <property name="user.home" value="C:\Users\dougl"/>
    <property name="user.language" value="es"/>
    <property name="java.specification.vendor" value="Oracle Corporation"/>
    <property name="java.version.date" value="2023-01-17"/>
    <property name="java.home" value="C:\Program Files\Amazon Corretto\jdk17.0.6_10"/>
    <property name="file.separator" value="\"/>
    <property name="basedir" value="C:\Douglas\Automation\Proyectos\Selenium\Pumpkins\Four Project\carbonfour-selenium-4"/>
    <property name="java.vm.compressedOopsMode" value="Zero based"/>
    <property name="line.separator" value="&#10;"/>
    <property name="java.vm.specification.vendor" value="Oracle Corporation"/>
    <property name="java.specification.name" value="Java Platform API Specification"/>
    <property name="surefire.real.class.path" value="C:\Users\dougl\AppData\Local\Temp\surefire39709750491246177\surefirebooter-20230907102336383_3.jar"/>
    <property name="user.script" value=""/>
    <property name="sun.management.compiler" value="HotSpot 64-Bit Tiered Compilers"/>
    <property name="java.runtime.version" value="17.0.6+10-LTS"/>
    <property name="user.name" value="dougl"/>
    <property name="path.separator" value=";"/>
    <property name="os.version" value="10.0"/>
    <property name="java.runtime.name" value="OpenJDK Runtime Environment"/>
    <property name="file.encoding" value="Cp1252"/>
    <property name="java.vm.name" value="OpenJDK 64-Bit Server VM"/>
    <property name="java.vendor.version" value="Corretto-17.0.6.10.1"/>
    <property name="localRepository" value="C:\Users\dougl\.m2\repository"/>
    <property name="java.vendor.url.bug" value="https://github.com/corretto/corretto-17/issues/"/>
    <property name="java.io.tmpdir" value="C:\Users\dougl\AppData\Local\Temp\"/>
    <property name="java.version" value="17.0.6"/>
    <property name="user.dir" value="C:\Douglas\Automation\Proyectos\Selenium\Pumpkins\Four Project\carbonfour-selenium-4"/>
    <property name="os.arch" value="amd64"/>
    <property name="java.vm.specification.name" value="Java Virtual Machine Specification"/>
    <property name="sun.os.patch.level" value=""/>
    <property name="native.encoding" value="Cp1252"/>
    <property name="java.library.path" value="C:\Program Files\Amazon Corretto\jdk17.0.6_10\bin;C:\Windows\Sun\Java\bin;C:\Windows\system32;C:\Windows;C:\Program Files\Amazon Corretto\jdk17.0.6_10\bin;C:\Program Files (x86)\NVIDIA Corporation\PhysX\Common;C:\Windows\system32;C:\Windows;C:\Windows\System32\Wbem;C:\Windows\System32\WindowsPowerShell\v1.0\;C:\Windows\System32\OpenSSH\;C:\Program Files\Amazon Corretto\jdk17.0.6_10\bin;C:\Program Files\Maven\bin;C:\Program Files\Calibre2\;C:\Program Files\nodejs\;C:\Program Files\Git\cmd;C:\Program Files\PowerShell\7\;C:\Users\dougl\AppData\Local\Microsoft\WindowsApps;C:\Users\dougl\AppData\Local\Programs\Microsoft VS Code\bin;C:\Program Files\JetBrains\IntelliJ IDEA 2022.1\bin;;C:\Users\dougl\AppData\Local\GitHubDesktop\bin;C:\Program Files\JetBrains\Aqua 232.8660.199\bin;;C:\Users\dougl\AppData\Roaming\npm;C:\Users\dougl\AppData\Local\Programs\Microsoft VS Code Insiders\bin;."/>
    <property name="java.vm.info" value="mixed mode, sharing"/>
    <property name="java.vendor" value="Amazon.com Inc."/>
    <property name="java.vm.version" value="17.0.6+10-LTS"/>
    <property name="sun.io.unicode.encoding" value="UnicodeLittle"/>
    <property name="java.class.version" value="61.0"/>
  </properties>
  <testcase name="testPerformanceCaptureHttpRequests" classname="Selenium_4_Tests.TestDevToolsPerformance" time="2.319">
    <system-out><![CDATA[Request URI: https://linkedin.com/
Request URI + Assertions: true
Request Type: Optional[Document]
Request Method: GET
Request Headers: {Upgrade-Insecure-Requests=1, User-Agent=Mozilla/5.0 (Windows NT 10.0; Win64; x64) AppleWebKit/537.36 (KHTML, like Gecko) Chrome/116.0.0.0 Safari/537.36 Edg/116.0.1938.69, sec-ch-ua="Chromium";v="116", "Not)A;Brand";v="24", "Microsoft Edge";v="116", sec-ch-ua-mobile=?0, sec-ch-ua-platform="Windows"}
Request Post Data: Optional.empty
Request Mixed Content Type: Optional[none]
Request Referrer Policy: strict-origin-when-cross-origin
Request Is Signed Exchanged: false
Request Document URL: https://linkedin.com/
Request Initiator: org.openqa.selenium.devtools.v114.network.model.Initiator@7a375751
Request Timestamp: 2489638.719582

Request URI: https://www.linkedin.com/
Request URI + Assertions: true
Request Type: Optional[Document]
Request Method: GET
Request Headers: {Upgrade-Insecure-Requests=1, User-Agent=Mozilla/5.0 (Windows NT 10.0; Win64; x64) AppleWebKit/537.36 (KHTML, like Gecko) Chrome/116.0.0.0 Safari/537.36 Edg/116.0.1938.69, sec-ch-ua="Chromium";v="116", "Not)A;Brand";v="24", "Microsoft Edge";v="116", sec-ch-ua-mobile=?0, sec-ch-ua-platform="Windows"}
Request Post Data: Optional.empty
Request Mixed Content Type: Optional[none]
Request Referrer Policy: strict-origin-when-cross-origin
Request Is Signed Exchanged: false
Request Document URL: https://www.linkedin.com/
Request Initiator: org.openqa.selenium.devtools.v114.network.model.Initiator@7dae764f
Request Timestamp: 2489639.014606

Request URI: https://media.licdn.com/media//AAYQAgSrAAgAAQAAAAAAAEFQ0SVTwDSXRqWvckCS4gYqEA.svg
Request URI + Assertions: false
Request Type: Optional[Image]
Request Method: GET
Request Headers: {sec-ch-ua="Chromium";v="116", "Not)A;Brand";v="24", "Microsoft Edge";v="116", Referer=https://www.linkedin.com/, sec-ch-ua-mobile=?0, User-Agent=Mozilla/5.0 (Windows NT 10.0; Win64; x64) AppleWebKit/537.36 (KHTML, like Gecko) Chrome/116.0.0.0 Safari/537.36 Edg/116.0.1938.69, sec-ch-ua-platform="Windows"}
Request Post Data: Optional.empty
Request Mixed Content Type: Optional[none]
Request Referrer Policy: strict-origin-when-cross-origin
Request Is Signed Exchanged: false
Request Document URL: https://www.linkedin.com/
Request Initiator: org.openqa.selenium.devtools.v114.network.model.Initiator@2a5a2073
Request Timestamp: 2489639.321542

Request URI: https://static.licdn.com/aero-v1/sc/h/1q4tkikft1b7he1f07as4cx0m
Request URI + Assertions: false
Request Type: Optional[Stylesheet]
Request Method: GET
Request Headers: {sec-ch-ua="Chromium";v="116", "Not)A;Brand";v="24", "Microsoft Edge";v="116", Referer=https://www.linkedin.com/, sec-ch-ua-mobile=?0, User-Agent=Mozilla/5.0 (Windows NT 10.0; Win64; x64) AppleWebKit/537.36 (KHTML, like Gecko) Chrome/116.0.0.0 Safari/537.36 Edg/116.0.1938.69, sec-ch-ua-platform="Windows"}
Request Post Data: Optional.empty
Request Mixed Content Type: Optional[none]
Request Referrer Policy: strict-origin-when-cross-origin
Request Is Signed Exchanged: false
Request Document URL: https://www.linkedin.com/
Request Initiator: org.openqa.selenium.devtools.v114.network.model.Initiator@7a5e6ffc
Request Timestamp: 2489639.32126

Request URI: https://static.licdn.com/aero-v1/sc/h/cchc4xla3dglu106e9mw6snkx
Request URI + Assertions: false
Request Type: Optional[Script]
Request Method: GET
Request Headers: {sec-ch-ua="Chromium";v="116", "Not)A;Brand";v="24", "Microsoft Edge";v="116", Referer=https://www.linkedin.com/, sec-ch-ua-mobile=?0, User-Agent=Mozilla/5.0 (Windows NT 10.0; Win64; x64) AppleWebKit/537.36 (KHTML, like Gecko) Chrome/116.0.0.0 Safari/537.36 Edg/116.0.1938.69, sec-ch-ua-platform="Windows"}
Request Post Data: Optional.empty
Request Mixed Content Type: Optional[none]
Request Referrer Policy: strict-origin-when-cross-origin
Request Is Signed Exchanged: false
Request Document URL: https://www.linkedin.com/
Request Initiator: org.openqa.selenium.devtools.v114.network.model.Initiator@5895fcf3
Request Timestamp: 2489639.390061

Request URI: https://static.licdn.com/aero-v1/sc/h/1b3cfsdjfv8op3mz5yc3s2qlq
Request URI + Assertions: false
Request Type: Optional[Script]
Request Method: GET
Request Headers: {sec-ch-ua="Chromium";v="116", "Not)A;Brand";v="24", "Microsoft Edge";v="116", Referer=https://www.linkedin.com/, sec-ch-ua-mobile=?0, User-Agent=Mozilla/5.0 (Windows NT 10.0; Win64; x64) AppleWebKit/537.36 (KHTML, like Gecko) Chrome/116.0.0.0 Safari/537.36 Edg/116.0.1938.69, sec-ch-ua-platform="Windows"}
Request Post Data: Optional.empty
Request Mixed Content Type: Optional[none]
Request Referrer Policy: strict-origin-when-cross-origin
Request Is Signed Exchanged: false
Request Document URL: https://www.linkedin.com/
Request Initiator: org.openqa.selenium.devtools.v114.network.model.Initiator@7c877a36
Request Timestamp: 2489639.38972

Request URI: https://static.licdn.com/aero-v1/sc/h/8fkga714vy9b2wk5auqo5reeb
Request URI + Assertions: false
Request Type: Optional[XHR]
Request Method: GET
Request Headers: {sec-ch-ua="Chromium";v="116", "Not)A;Brand";v="24", "Microsoft Edge";v="116", Referer=https://www.linkedin.com/, sec-ch-ua-mobile=?0, User-Agent=Mozilla/5.0 (Windows NT 10.0; Win64; x64) AppleWebKit/537.36 (KHTML, like Gecko) Chrome/116.0.0.0 Safari/537.36 Edg/116.0.1938.69, sec-ch-ua-platform="Windows"}
Request Post Data: Optional.empty
Request Mixed Content Type: Optional[none]
Request Referrer Policy: strict-origin-when-cross-origin
Request Is Signed Exchanged: false
Request Document URL: https://www.linkedin.com/
Request Initiator: org.openqa.selenium.devtools.v114.network.model.Initiator@271791b9
Request Timestamp: 2489639.598545

Request URI: https://static.licdn.com/aero-v1/sc/h/8wykgzgbqy0t3fnkgborvz54u
Request URI + Assertions: false
Request Type: Optional[XHR]
Request Method: GET
Request Headers: {sec-ch-ua="Chromium";v="116", "Not)A;Brand";v="24", "Microsoft Edge";v="116", Referer=https://www.linkedin.com/, sec-ch-ua-mobile=?0, User-Agent=Mozilla/5.0 (Windows NT 10.0; Win64; x64) AppleWebKit/537.36 (KHTML, like Gecko) Chrome/116.0.0.0 Safari/537.36 Edg/116.0.1938.69, sec-ch-ua-platform="Windows"}
Request Post Data: Optional.empty
Request Mixed Content Type: Optional[none]
Request Referrer Policy: strict-origin-when-cross-origin
Request Is Signed Exchanged: false
Request Document URL: https://www.linkedin.com/
Request Initiator: org.openqa.selenium.devtools.v114.network.model.Initiator@6026124f
Request Timestamp: 2489639.599783

Request URI: https://static.licdn.com/aero-v1/sc/h/ddi43qwelxeqjxdd45pe3fvs1
Request URI + Assertions: false
Request Type: Optional[XHR]
Request Method: GET
Request Headers: {sec-ch-ua="Chromium";v="116", "Not)A;Brand";v="24", "Microsoft Edge";v="116", Referer=https://www.linkedin.com/, sec-ch-ua-mobile=?0, User-Agent=Mozilla/5.0 (Windows NT 10.0; Win64; x64) AppleWebKit/537.36 (KHTML, like Gecko) Chrome/116.0.0.0 Safari/537.36 Edg/116.0.1938.69, sec-ch-ua-platform="Windows"}
Request Post Data: Optional.empty
Request Mixed Content Type: Optional[none]
Request Referrer Policy: strict-origin-when-cross-origin
Request Is Signed Exchanged: false
Request Document URL: https://www.linkedin.com/
Request Initiator: org.openqa.selenium.devtools.v114.network.model.Initiator@1df78b82
Request Timestamp: 2489639.597496

Request URI: https://static.licdn.com/aero-v1/sc/h/8m736dfzskmdn6bwwqz67iiki
Request URI + Assertions: false
Request Type: Optional[Script]
Request Method: GET
Request Headers: {sec-ch-ua="Chromium";v="116", "Not)A;Brand";v="24", "Microsoft Edge";v="116", Referer=https://www.linkedin.com/, sec-ch-ua-mobile=?0, User-Agent=Mozilla/5.0 (Windows NT 10.0; Win64; x64) AppleWebKit/537.36 (KHTML, like Gecko) Chrome/116.0.0.0 Safari/537.36 Edg/116.0.1938.69, sec-ch-ua-platform="Windows"}
Request Post Data: Optional.empty
Request Mixed Content Type: Optional[none]
Request Referrer Policy: strict-origin-when-cross-origin
Request Is Signed Exchanged: false
Request Document URL: https://www.linkedin.com/
Request Initiator: org.openqa.selenium.devtools.v114.network.model.Initiator@f0bc988
Request Timestamp: 2489639.598211

Request URI: https://static.licdn.com/aero-v1/sc/h/4chtt12k98xwnba1nimld2oyg
Request URI + Assertions: false
Request Type: Optional[XHR]
Request Method: GET
Request Headers: {sec-ch-ua="Chromium";v="116", "Not)A;Brand";v="24", "Microsoft Edge";v="116", Referer=https://www.linkedin.com/, sec-ch-ua-mobile=?0, User-Agent=Mozilla/5.0 (Windows NT 10.0; Win64; x64) AppleWebKit/537.36 (KHTML, like Gecko) Chrome/116.0.0.0 Safari/537.36 Edg/116.0.1938.69, sec-ch-ua-platform="Windows"}
Request Post Data: Optional.empty
Request Mixed Content Type: Optional[none]
Request Referrer Policy: strict-origin-when-cross-origin
Request Is Signed Exchanged: false
Request Document URL: https://www.linkedin.com/
Request Initiator: org.openqa.selenium.devtools.v114.network.model.Initiator@33fb7763
Request Timestamp: 2489639.600461

Request URI: https://static.licdn.com/aero-v1/sc/h/92eb1xekc34eklevj0io6x4ki
Request URI + Assertions: false
Request Type: Optional[XHR]
Request Method: GET
Request Headers: {sec-ch-ua="Chromium";v="116", "Not)A;Brand";v="24", "Microsoft Edge";v="116", Referer=https://www.linkedin.com/, sec-ch-ua-mobile=?0, User-Agent=Mozilla/5.0 (Windows NT 10.0; Win64; x64) AppleWebKit/537.36 (KHTML, like Gecko) Chrome/116.0.0.0 Safari/537.36 Edg/116.0.1938.69, sec-ch-ua-platform="Windows"}
Request Post Data: Optional.empty
Request Mixed Content Type: Optional[none]
Request Referrer Policy: strict-origin-when-cross-origin
Request Is Signed Exchanged: false
Request Document URL: https://www.linkedin.com/
Request Initiator: org.openqa.selenium.devtools.v114.network.model.Initiator@7944f0a7
Request Timestamp: 2489639.600072

Request URI: https://static.licdn.com/aero-v1/sc/h/e5ka7p8s9n5r0z9p6kpmm3hig
Request URI + Assertions: false
Request Type: Optional[XHR]
Request Method: GET
Request Headers: {sec-ch-ua="Chromium";v="116", "Not)A;Brand";v="24", "Microsoft Edge";v="116", Referer=https://www.linkedin.com/, sec-ch-ua-mobile=?0, User-Agent=Mozilla/5.0 (Windows NT 10.0; Win64; x64) AppleWebKit/537.36 (KHTML, like Gecko) Chrome/116.0.0.0 Safari/537.36 Edg/116.0.1938.69, sec-ch-ua-platform="Windows"}
Request Post Data: Optional.empty
Request Mixed Content Type: Optional[none]
Request Referrer Policy: strict-origin-when-cross-origin
Request Is Signed Exchanged: false
Request Document URL: https://www.linkedin.com/
Request Initiator: org.openqa.selenium.devtools.v114.network.model.Initiator@53e7fa58
Request Timestamp: 2489639.600706

Request URI: https://static.licdn.com/aero-v1/sc/h/6ulnj3n2ijcmhej768y6oj1hr
Request URI + Assertions: false
Request Type: Optional[XHR]
Request Method: GET
Request Headers: {sec-ch-ua="Chromium";v="116", "Not)A;Brand";v="24", "Microsoft Edge";v="116", Referer=https://www.linkedin.com/, sec-ch-ua-mobile=?0, User-Agent=Mozilla/5.0 (Windows NT 10.0; Win64; x64) AppleWebKit/537.36 (KHTML, like Gecko) Chrome/116.0.0.0 Safari/537.36 Edg/116.0.1938.69, sec-ch-ua-platform="Windows"}
Request Post Data: Optional.empty
Request Mixed Content Type: Optional[none]
Request Referrer Policy: strict-origin-when-cross-origin
Request Is Signed Exchanged: false
Request Document URL: https://www.linkedin.com/
Request Initiator: org.openqa.selenium.devtools.v114.network.model.Initiator@6686a462
Request Timestamp: 2489639.599062

Request URI: https://static.licdn.com/aero-v1/sc/h/7kb6sn3tm4cx918cx9a5jlb0
Request URI + Assertions: false
Request Type: Optional[XHR]
Request Method: GET
Request Headers: {sec-ch-ua="Chromium";v="116", "Not)A;Brand";v="24", "Microsoft Edge";v="116", Referer=https://www.linkedin.com/, sec-ch-ua-mobile=?0, User-Agent=Mozilla/5.0 (Windows NT 10.0; Win64; x64) AppleWebKit/537.36 (KHTML, like Gecko) Chrome/116.0.0.0 Safari/537.36 Edg/116.0.1938.69, sec-ch-ua-platform="Windows"}
Request Post Data: Optional.empty
Request Mixed Content Type: Optional[none]
Request Referrer Policy: strict-origin-when-cross-origin
Request Is Signed Exchanged: false
Request Document URL: https://www.linkedin.com/
Request Initiator: org.openqa.selenium.devtools.v114.network.model.Initiator@84d0bdc
Request Timestamp: 2489639.599422

Request URI: https://static.licdn.com/aero-v1/sc/h/51t74mlo1ty7vakn3a80a9jcp
Request URI + Assertions: false
Request Type: Optional[Script]
Request Method: GET
Request Headers: {sec-ch-ua="Chromium";v="116", "Not)A;Brand";v="24", "Microsoft Edge";v="116", Referer=https://www.linkedin.com/, sec-ch-ua-mobile=?0, User-Agent=Mozilla/5.0 (Windows NT 10.0; Win64; x64) AppleWebKit/537.36 (KHTML, like Gecko) Chrome/116.0.0.0 Safari/537.36 Edg/116.0.1938.69, sec-ch-ua-platform="Windows"}
Request Post Data: Optional.empty
Request Mixed Content Type: Optional[none]
Request Referrer Policy: strict-origin-when-cross-origin
Request Is Signed Exchanged: false
Request Document URL: https://www.linkedin.com/
Request Initiator: org.openqa.selenium.devtools.v114.network.model.Initiator@7656fab6
Request Timestamp: 2489639.601171

Request URI: https://platform.linkedin.com/litms/utag/homepage-guest-frontend/utag.js?cb=1694100300000
Request URI + Assertions: true
Request Type: Optional[Script]
Request Method: GET
Request Headers: {sec-ch-ua="Chromium";v="116", "Not)A;Brand";v="24", "Microsoft Edge";v="116", Referer=https://www.linkedin.com/, sec-ch-ua-mobile=?0, User-Agent=Mozilla/5.0 (Windows NT 10.0; Win64; x64) AppleWebKit/537.36 (KHTML, like Gecko) Chrome/116.0.0.0 Safari/537.36 Edg/116.0.1938.69, sec-ch-ua-platform="Windows"}
Request Post Data: Optional.empty
Request Mixed Content Type: Optional[none]
Request Referrer Policy: strict-origin-when-cross-origin
Request Is Signed Exchanged: false
Request Document URL: https://www.linkedin.com/
Request Initiator: org.openqa.selenium.devtools.v114.network.model.Initiator@229896e4
Request Timestamp: 2489639.615067

Request URI: https://ponf.linkedin.com/pixel/tracking.png?reqid=90de6497-1357-4efd-95bd-e19b570d5c03&pageInstance=urn%3Ali%3Apage%3Ad_homepage-guest-home_jsbeacon%3B1jGv9JogQHKJl1pojis2Vg%3D%3D&js=enabled
Request URI + Assertions: true
Request Type: Optional[Image]
Request Method: GET
Request Headers: {sec-ch-ua="Chromium";v="116", "Not)A;Brand";v="24", "Microsoft Edge";v="116", Referer=https://www.linkedin.com/, sec-ch-ua-mobile=?0, User-Agent=Mozilla/5.0 (Windows NT 10.0; Win64; x64) AppleWebKit/537.36 (KHTML, like Gecko) Chrome/116.0.0.0 Safari/537.36 Edg/116.0.1938.69, sec-ch-ua-platform="Windows"}
Request Post Data: Optional.empty
Request Mixed Content Type: Optional[none]
Request Referrer Policy: strict-origin-when-cross-origin
Request Is Signed Exchanged: false
Request Document URL: https://www.linkedin.com/
Request Initiator: org.openqa.selenium.devtools.v114.network.model.Initiator@553615f5
Request Timestamp: 2489639.838359

Request URI: https://media.licdn.com/media//AAYQAgSrAAgAAQAAAAAAAEFQ0SVTwDSXRqWvckCS4gYqEA.svg
Request URI + Assertions: false
Request Type: Optional[Fetch]
Request Method: HEAD
Request Headers: {sec-ch-ua="Chromium";v="116", "Not)A;Brand";v="24", "Microsoft Edge";v="116", Referer=https://www.linkedin.com/, sec-ch-ua-mobile=?0, User-Agent=Mozilla/5.0 (Windows NT 10.0; Win64; x64) AppleWebKit/537.36 (KHTML, like Gecko) Chrome/116.0.0.0 Safari/537.36 Edg/116.0.1938.69, sec-ch-ua-platform="Windows"}
Request Post Data: Optional.empty
Request Mixed Content Type: Optional[none]
Request Referrer Policy: strict-origin-when-cross-origin
Request Is Signed Exchanged: false
Request Document URL: https://www.linkedin.com/
Request Initiator: org.openqa.selenium.devtools.v114.network.model.Initiator@3d3c8f6c
Request Timestamp: 2489639.605975

Request URI: https://static.licdn.com/aero-v1/sc/h/1b3cfsdjfv8op3mz5yc3s2qlq
Request URI + Assertions: false
Request Type: Optional[Fetch]
Request Method: HEAD
Request Headers: {sec-ch-ua="Chromium";v="116", "Not)A;Brand";v="24", "Microsoft Edge";v="116", Referer=https://www.linkedin.com/, sec-ch-ua-mobile=?0, User-Agent=Mozilla/5.0 (Windows NT 10.0; Win64; x64) AppleWebKit/537.36 (KHTML, like Gecko) Chrome/116.0.0.0 Safari/537.36 Edg/116.0.1938.69, sec-ch-ua-platform="Windows"}
Request Post Data: Optional.empty
Request Mixed Content Type: Optional[none]
Request Referrer Policy: strict-origin-when-cross-origin
Request Is Signed Exchanged: false
Request Document URL: https://www.linkedin.com/
Request Initiator: org.openqa.selenium.devtools.v114.network.model.Initiator@7d5c1eb2
Request Timestamp: 2489639.606154

Request URI: https://static.licdn.com/aero-v1/sc/h/1q4tkikft1b7he1f07as4cx0m
Request URI + Assertions: false
Request Type: Optional[Fetch]
Request Method: HEAD
Request Headers: {sec-ch-ua="Chromium";v="116", "Not)A;Brand";v="24", "Microsoft Edge";v="116", Referer=https://www.linkedin.com/, sec-ch-ua-mobile=?0, User-Agent=Mozilla/5.0 (Windows NT 10.0; Win64; x64) AppleWebKit/537.36 (KHTML, like Gecko) Chrome/116.0.0.0 Safari/537.36 Edg/116.0.1938.69, sec-ch-ua-platform="Windows"}
Request Post Data: Optional.empty
Request Mixed Content Type: Optional[none]
Request Referrer Policy: strict-origin-when-cross-origin
Request Is Signed Exchanged: false
Request Document URL: https://www.linkedin.com/
Request Initiator: org.openqa.selenium.devtools.v114.network.model.Initiator@778301ff
Request Timestamp: 2489639.605437

Request URI: https://www.linkedin.com/litms/api/metadata/user
Request URI + Assertions: true
Request Type: Optional[XHR]
Request Method: GET
Request Headers: {sec-ch-ua="Chromium";v="116", "Not)A;Brand";v="24", "Microsoft Edge";v="116", Referer=https://www.linkedin.com/, sec-ch-ua-mobile=?0, User-Agent=Mozilla/5.0 (Windows NT 10.0; Win64; x64) AppleWebKit/537.36 (KHTML, like Gecko) Chrome/116.0.0.0 Safari/537.36 Edg/116.0.1938.69, sec-ch-ua-platform="Windows"}
Request Post Data: Optional.empty
Request Mixed Content Type: Optional[none]
Request Referrer Policy: strict-origin-when-cross-origin
Request Is Signed Exchanged: false
Request Document URL: https://www.linkedin.com/
Request Initiator: org.openqa.selenium.devtools.v114.network.model.Initiator@1d78e56b
Request Timestamp: 2489639.613995

Request URI: https://static.licdn.com/aero-v1/sc/h/cchc4xla3dglu106e9mw6snkx
Request URI + Assertions: false
Request Type: Optional[Fetch]
Request Method: HEAD
Request Headers: {sec-ch-ua="Chromium";v="116", "Not)A;Brand";v="24", "Microsoft Edge";v="116", Referer=https://www.linkedin.com/, sec-ch-ua-mobile=?0, User-Agent=Mozilla/5.0 (Windows NT 10.0; Win64; x64) AppleWebKit/537.36 (KHTML, like Gecko) Chrome/116.0.0.0 Safari/537.36 Edg/116.0.1938.69, sec-ch-ua-platform="Windows"}
Request Post Data: Optional.empty
Request Mixed Content Type: Optional[none]
Request Referrer Policy: strict-origin-when-cross-origin
Request Is Signed Exchanged: false
Request Document URL: https://www.linkedin.com/
Request Initiator: org.openqa.selenium.devtools.v114.network.model.Initiator@664110a
Request Timestamp: 2489639.606342

Request URI: https://www.linkedin.com/homepage-guest/api/ingraphs/gauge
Request URI + Assertions: true
Request Type: Optional[XHR]
Request Method: POST
Request Headers: {sec-ch-ua="Chromium";v="116", "Not)A;Brand";v="24", "Microsoft Edge";v="116", sec-ch-ua-mobile=?0, User-Agent=Mozilla/5.0 (Windows NT 10.0; Win64; x64) AppleWebKit/537.36 (KHTML, like Gecko) Chrome/116.0.0.0 Safari/537.36 Edg/116.0.1938.69, Content-Type=application/json, Csrf-Token=ajax:4307611706011085651, x-li-pageInstance=urn:li:page:d_homepage-guest-home_jsbeacon;1jGv9JogQHKJl1pojis2Vg==, Referer=https://www.linkedin.com/, sec-ch-ua-platform="Windows"}
Request Post Data: Optional[{"pageKey":"d_homepage-guest-home_jsbeacon","metricsType":"pageLoadTime","metricsValue":874}]
Request Mixed Content Type: Optional[none]
Request Referrer Policy: strict-origin-when-cross-origin
Request Is Signed Exchanged: false
Request Document URL: https://www.linkedin.com/
Request Initiator: org.openqa.selenium.devtools.v114.network.model.Initiator@3fb1300
Request Timestamp: 2489639.611639

Request URI: https://static.licdn.com/aero-v1/sc/h/ddi43qwelxeqjxdd45pe3fvs1
Request URI + Assertions: false
Request Type: Optional[Fetch]
Request Method: HEAD
Request Headers: {sec-ch-ua="Chromium";v="116", "Not)A;Brand";v="24", "Microsoft Edge";v="116", Referer=https://www.linkedin.com/, sec-ch-ua-mobile=?0, User-Agent=Mozilla/5.0 (Windows NT 10.0; Win64; x64) AppleWebKit/537.36 (KHTML, like Gecko) Chrome/116.0.0.0 Safari/537.36 Edg/116.0.1938.69, sec-ch-ua-platform="Windows"}
Request Post Data: Optional.empty
Request Mixed Content Type: Optional[none]
Request Referrer Policy: strict-origin-when-cross-origin
Request Is Signed Exchanged: false
Request Document URL: https://www.linkedin.com/
Request Initiator: org.openqa.selenium.devtools.v114.network.model.Initiator@73b0ea3f
Request Timestamp: 2489639.844751

Request URI: https://static.licdn.com/aero-v1/sc/h/al2o9zrvru7aqj8e1x2rzsrca
Request URI + Assertions: false
Request Type: Optional[Other]
Request Method: GET
Request Headers: {sec-ch-ua="Chromium";v="116", "Not)A;Brand";v="24", "Microsoft Edge";v="116", Referer=https://www.linkedin.com/, sec-ch-ua-mobile=?0, User-Agent=Mozilla/5.0 (Windows NT 10.0; Win64; x64) AppleWebKit/537.36 (KHTML, like Gecko) Chrome/116.0.0.0 Safari/537.36 Edg/116.0.1938.69, sec-ch-ua-platform="Windows"}
Request Post Data: Optional.empty
Request Mixed Content Type: Optional[none]
Request Referrer Policy: strict-origin-when-cross-origin
Request Is Signed Exchanged: false
Request Document URL: https://www.linkedin.com/
Request Initiator: org.openqa.selenium.devtools.v114.network.model.Initiator@5db5a44a
Request Timestamp: 2489639.84561

Request URI: https://accounts.google.com/gsi/button?logo_alignment=center&shape=pill&size=large&text=continue_with&theme=undefined&type=undefined&width=398&client_id=990339570472-k6nqn1tpmitg8pui82bfaun3jrpmiuhs.apps.googleusercontent.com&iframe_id=gsi_439584_964220&as=cpK%2FFjxcuJFt7Z2GH1xtUw&hl=en_US
Request URI + Assertions: false
Request Type: Optional[Document]
Request Method: GET
Request Headers: {Referer=https://www.linkedin.com/, Upgrade-Insecure-Requests=1, User-Agent=Mozilla/5.0 (Windows NT 10.0; Win64; x64) AppleWebKit/537.36 (KHTML, like Gecko) Chrome/116.0.0.0 Safari/537.36 Edg/116.0.1938.69, sec-ch-ua="Chromium";v="116", "Not)A;Brand";v="24", "Microsoft Edge";v="116", sec-ch-ua-mobile=?0, sec-ch-ua-platform="Windows"}
Request Post Data: Optional.empty
Request Mixed Content Type: Optional[none]
Request Referrer Policy: strict-origin-when-cross-origin
Request Is Signed Exchanged: false
Request Document URL: https://accounts.google.com/gsi/button?logo_alignment=center&shape=pill&size=large&text=continue_with&theme=undefined&type=undefined&width=398&client_id=990339570472-k6nqn1tpmitg8pui82bfaun3jrpmiuhs.apps.googleusercontent.com&iframe_id=gsi_439584_964220&as=cpK%2FFjxcuJFt7Z2GH1xtUw&hl=en_US
Request Initiator: org.openqa.selenium.devtools.v114.network.model.Initiator@6a7312d3
Request Timestamp: 2489639.865597

Request URI: https://accounts.google.com/gsi/status?client_id=990339570472-k6nqn1tpmitg8pui82bfaun3jrpmiuhs.apps.googleusercontent.com&as=cpK%2FFjxcuJFt7Z2GH1xtUw
Request URI + Assertions: false
Request Type: Optional[XHR]
Request Method: GET
Request Headers: {sec-ch-ua="Chromium";v="116", "Not)A;Brand";v="24", "Microsoft Edge";v="116", Referer=https://www.linkedin.com/, sec-ch-ua-mobile=?0, User-Agent=Mozilla/5.0 (Windows NT 10.0; Win64; x64) AppleWebKit/537.36 (KHTML, like Gecko) Chrome/116.0.0.0 Safari/537.36 Edg/116.0.1938.69, sec-ch-ua-platform="Windows"}
Request Post Data: Optional.empty
Request Mixed Content Type: Optional[none]
Request Referrer Policy: strict-origin-when-cross-origin
Request Is Signed Exchanged: false
Request Document URL: https://www.linkedin.com/
Request Initiator: org.openqa.selenium.devtools.v114.network.model.Initiator@5bfd7236
Request Timestamp: 2489639.860482

Request URI: https://platform.linkedin.com/litms/utag/homepage-guest-frontend/utag.107.js?utv=ut4.46.202306300024
Request URI + Assertions: true
Request Type: Optional[Script]
Request Method: GET
Request Headers: {sec-ch-ua="Chromium";v="116", "Not)A;Brand";v="24", "Microsoft Edge";v="116", Referer=https://www.linkedin.com/, sec-ch-ua-mobile=?0, User-Agent=Mozilla/5.0 (Windows NT 10.0; Win64; x64) AppleWebKit/537.36 (KHTML, like Gecko) Chrome/116.0.0.0 Safari/537.36 Edg/116.0.1938.69, sec-ch-ua-platform="Windows"}
Request Post Data: Optional.empty
Request Mixed Content Type: Optional[none]
Request Referrer Policy: strict-origin-when-cross-origin
Request Is Signed Exchanged: false
Request Document URL: https://www.linkedin.com/
Request Initiator: org.openqa.selenium.devtools.v114.network.model.Initiator@53a7adbd
Request Timestamp: 2489639.900179

Request URI: https://platform.linkedin.com/litms/utag/homepage-guest-frontend/utag.119.js?utv=ut4.46.202306300024
Request URI + Assertions: true
Request Type: Optional[Script]
Request Method: GET
Request Headers: {sec-ch-ua="Chromium";v="116", "Not)A;Brand";v="24", "Microsoft Edge";v="116", Referer=https://www.linkedin.com/, sec-ch-ua-mobile=?0, User-Agent=Mozilla/5.0 (Windows NT 10.0; Win64; x64) AppleWebKit/537.36 (KHTML, like Gecko) Chrome/116.0.0.0 Safari/537.36 Edg/116.0.1938.69, sec-ch-ua-platform="Windows"}
Request Post Data: Optional.empty
Request Mixed Content Type: Optional[none]
Request Referrer Policy: strict-origin-when-cross-origin
Request Is Signed Exchanged: false
Request Document URL: https://www.linkedin.com/
Request Initiator: org.openqa.selenium.devtools.v114.network.model.Initiator@55c7928f
Request Timestamp: 2489639.900819

Request URI: https://platform.linkedin.com/litms/utag/homepage-guest-frontend/utag.122.js?utv=ut4.46.202306300024
Request URI + Assertions: true
Request Type: Optional[Script]
Request Method: GET
Request Headers: {sec-ch-ua="Chromium";v="116", "Not)A;Brand";v="24", "Microsoft Edge";v="116", Referer=https://www.linkedin.com/, sec-ch-ua-mobile=?0, User-Agent=Mozilla/5.0 (Windows NT 10.0; Win64; x64) AppleWebKit/537.36 (KHTML, like Gecko) Chrome/116.0.0.0 Safari/537.36 Edg/116.0.1938.69, sec-ch-ua-platform="Windows"}
Request Post Data: Optional.empty
Request Mixed Content Type: Optional[none]
Request Referrer Policy: strict-origin-when-cross-origin
Request Is Signed Exchanged: false
Request Document URL: https://www.linkedin.com/
Request Initiator: org.openqa.selenium.devtools.v114.network.model.Initiator@39031c13
Request Timestamp: 2489639.901276

Request URI: https://platform.linkedin.com/litms/utag/homepage-guest-frontend/utag.109.js?utv=ut4.46.202306300024
Request URI + Assertions: true
Request Type: Optional[Script]
Request Method: GET
Request Headers: {sec-ch-ua="Chromium";v="116", "Not)A;Brand";v="24", "Microsoft Edge";v="116", Referer=https://www.linkedin.com/, sec-ch-ua-mobile=?0, User-Agent=Mozilla/5.0 (Windows NT 10.0; Win64; x64) AppleWebKit/537.36 (KHTML, like Gecko) Chrome/116.0.0.0 Safari/537.36 Edg/116.0.1938.69, sec-ch-ua-platform="Windows"}
Request Post Data: Optional.empty
Request Mixed Content Type: Optional[none]
Request Referrer Policy: strict-origin-when-cross-origin
Request Is Signed Exchanged: false
Request Document URL: https://www.linkedin.com/
Request Initiator: org.openqa.selenium.devtools.v114.network.model.Initiator@73bc9bd7
Request Timestamp: 2489639.900594

Request URI: https://platform.linkedin.com/litms/utag/homepage-guest-frontend/utag.120.js?utv=ut4.46.202306300024
Request URI + Assertions: true
Request Type: Optional[Script]
Request Method: GET
Request Headers: {sec-ch-ua="Chromium";v="116", "Not)A;Brand";v="24", "Microsoft Edge";v="116", Referer=https://www.linkedin.com/, sec-ch-ua-mobile=?0, User-Agent=Mozilla/5.0 (Windows NT 10.0; Win64; x64) AppleWebKit/537.36 (KHTML, like Gecko) Chrome/116.0.0.0 Safari/537.36 Edg/116.0.1938.69, sec-ch-ua-platform="Windows"}
Request Post Data: Optional.empty
Request Mixed Content Type: Optional[none]
Request Referrer Policy: strict-origin-when-cross-origin
Request Is Signed Exchanged: false
Request Document URL: https://www.linkedin.com/
Request Initiator: org.openqa.selenium.devtools.v114.network.model.Initiator@283a41fb
Request Timestamp: 2489639.901064

Request URI: https://dpm.demdex.net/id?d_visid_ver=5.1.1&d_fieldgroup=MC&d_rtbd=json&d_ver=2&d_orgid=14215E3D5995C57C0A495C55%40AdobeOrg&d_nsid=0&ts=1694100439624
Request URI + Assertions: false
Request Type: Optional[XHR]
Request Method: GET
Request Headers: {sec-ch-ua="Chromium";v="116", "Not)A;Brand";v="24", "Microsoft Edge";v="116", sec-ch-ua-platform="Windows", Referer=https://www.linkedin.com/, sec-ch-ua-mobile=?0, User-Agent=Mozilla/5.0 (Windows NT 10.0; Win64; x64) AppleWebKit/537.36 (KHTML, like Gecko) Chrome/116.0.0.0 Safari/537.36 Edg/116.0.1938.69, Content-Type=application/x-www-form-urlencoded}
Request Post Data: Optional.empty
Request Mixed Content Type: Optional[none]
Request Referrer Policy: strict-origin-when-cross-origin
Request Is Signed Exchanged: false
Request Document URL: https://www.linkedin.com/
Request Initiator: org.openqa.selenium.devtools.v114.network.model.Initiator@c5195a
Request Timestamp: 2489639.897392

Request URI: https://platform.linkedin.com/litms/utag/homepage-guest-frontend/utag.123.js?utv=ut4.46.202306300024
Request URI + Assertions: true
Request Type: Optional[Script]
Request Method: GET
Request Headers: {sec-ch-ua="Chromium";v="116", "Not)A;Brand";v="24", "Microsoft Edge";v="116", Referer=https://www.linkedin.com/, sec-ch-ua-mobile=?0, User-Agent=Mozilla/5.0 (Windows NT 10.0; Win64; x64) AppleWebKit/537.36 (KHTML, like Gecko) Chrome/116.0.0.0 Safari/537.36 Edg/116.0.1938.69, sec-ch-ua-platform="Windows"}
Request Post Data: Optional.empty
Request Mixed Content Type: Optional[none]
Request Referrer Policy: strict-origin-when-cross-origin
Request Is Signed Exchanged: false
Request Document URL: https://www.linkedin.com/
Request Initiator: org.openqa.selenium.devtools.v114.network.model.Initiator@67ef42f9
Request Timestamp: 2489639.901475

]]></system-out>
  </testcase>
  <testcase name="testPerformanceMetrics" classname="Selenium_4_Tests.TestDevToolsPerformance" time="2.409">
    <system-out><![CDATA[Metric: Timestamp
2489642.179118
Metric: Documents
6
Metric: Frames
3
Metric: JSEventListeners
121
Metric: Nodes
3920
Metric: LayoutCount
12
Metric: RecalcStyleCount
13
Metric: RecalcStyleDuration
0.018561
Metric: LayoutDuration
0.081481
Metric: MediaKeySessions
0
Metric: Resources
22
Metric: DomContentLoaded
2489641.726269
Metric: NavigationStart
2489641.054047
Metric: TaskDuration
0.374882
Metric: JSHeapUsedSize
4301436
Metric: JSHeapTotalSize
6336512
Metric: ScriptDuration
0.066609
]]></system-out>
  </testcase>
</testsuite>