<?xml version="1.0" encoding="UTF-8"?>
<testsuite xmlns:xsi="http://www.w3.org/2001/XMLSchema-instance" xsi:noNamespaceSchemaLocation="https://maven.apache.org/surefire/maven-surefire-plugin/xsd/surefire-test-report-3.0.xsd" version="3.0" name="Selenium_4_Tests.TestDevToolsNetworkInterception" time="26.477" tests="7" errors="1" skipped="0" failures="0">
  <properties>
    <property name="java.specification.version" value="17"/>
    <property name="sun.cpu.isalist" value="amd64"/>
    <property name="sun.jnu.encoding" value="Cp1252"/>
    <property name="java.class.path" value="C:\Douglas\Automation\Proyectos\Selenium\Pumpkins\Four Project\carbonfour-selenium-4\target\test-classes;C:\Douglas\Automation\Proyectos\Selenium\Pumpkins\Four Project\carbonfour-selenium-4\target\classes;C:\Users\dougl\.m2\repository\org\seleniumhq\selenium\selenium-java\4.12.1\selenium-java-4.12.1.jar;C:\Users\dougl\.m2\repository\org\seleniumhq\selenium\selenium-api\4.12.1\selenium-api-4.12.1.jar;C:\Users\dougl\.m2\repository\org\seleniumhq\selenium\selenium-chrome-driver\4.12.1\selenium-chrome-driver-4.12.1.jar;C:\Users\dougl\.m2\repository\com\google\auto\service\auto-service-annotations\1.1.1\auto-service-annotations-1.1.1.jar;C:\Users\dougl\.m2\repository\com\google\guava\guava\32.1.2-jre\guava-32.1.2-jre.jar;C:\Users\dougl\.m2\repository\com\google\guava\failureaccess\1.0.1\failureaccess-1.0.1.jar;C:\Users\dougl\.m2\repository\com\google\guava\listenablefuture\9999.0-empty-to-avoid-conflict-with-guava\listenablefuture-9999.0-empty-to-avoid-conflict-with-guava.jar;C:\Users\dougl\.m2\repository\com\google\code\findbugs\jsr305\3.0.2\jsr305-3.0.2.jar;C:\Users\dougl\.m2\repository\org\checkerframework\checker-qual\3.33.0\checker-qual-3.33.0.jar;C:\Users\dougl\.m2\repository\com\google\errorprone\error_prone_annotations\2.18.0\error_prone_annotations-2.18.0.jar;C:\Users\dougl\.m2\repository\com\google\j2objc\j2objc-annotations\2.8\j2objc-annotations-2.8.jar;C:\Users\dougl\.m2\repository\org\seleniumhq\selenium\selenium-chromium-driver\4.12.1\selenium-chromium-driver-4.12.1.jar;C:\Users\dougl\.m2\repository\org\seleniumhq\selenium\selenium-json\4.12.1\selenium-json-4.12.1.jar;C:\Users\dougl\.m2\repository\org\seleniumhq\selenium\selenium-manager\4.12.1\selenium-manager-4.12.1.jar;C:\Users\dougl\.m2\repository\org\seleniumhq\selenium\selenium-devtools-v114\4.12.1\selenium-devtools-v114-4.12.1.jar;C:\Users\dougl\.m2\repository\org\seleniumhq\selenium\selenium-devtools-v115\4.12.1\selenium-devtools-v115-4.12.1.jar;C:\Users\dougl\.m2\repository\org\seleniumhq\selenium\selenium-devtools-v116\4.12.1\selenium-devtools-v116-4.12.1.jar;C:\Users\dougl\.m2\repository\org\seleniumhq\selenium\selenium-devtools-v85\4.12.1\selenium-devtools-v85-4.12.1.jar;C:\Users\dougl\.m2\repository\org\seleniumhq\selenium\selenium-edge-driver\4.12.1\selenium-edge-driver-4.12.1.jar;C:\Users\dougl\.m2\repository\org\seleniumhq\selenium\selenium-firefox-driver\4.12.1\selenium-firefox-driver-4.12.1.jar;C:\Users\dougl\.m2\repository\org\seleniumhq\selenium\selenium-http\4.12.1\selenium-http-4.12.1.jar;C:\Users\dougl\.m2\repository\dev\failsafe\failsafe\3.3.2\failsafe-3.3.2.jar;C:\Users\dougl\.m2\repository\org\seleniumhq\selenium\selenium-ie-driver\4.12.1\selenium-ie-driver-4.12.1.jar;C:\Users\dougl\.m2\repository\org\seleniumhq\selenium\selenium-remote-driver\4.12.1\selenium-remote-driver-4.12.1.jar;C:\Users\dougl\.m2\repository\io\netty\netty-buffer\4.1.96.Final\netty-buffer-4.1.96.Final.jar;C:\Users\dougl\.m2\repository\io\netty\netty-codec-http\4.1.96.Final\netty-codec-http-4.1.96.Final.jar;C:\Users\dougl\.m2\repository\io\netty\netty-codec\4.1.96.Final\netty-codec-4.1.96.Final.jar;C:\Users\dougl\.m2\repository\io\netty\netty-handler\4.1.96.Final\netty-handler-4.1.96.Final.jar;C:\Users\dougl\.m2\repository\io\netty\netty-common\4.1.96.Final\netty-common-4.1.96.Final.jar;C:\Users\dougl\.m2\repository\io\netty\netty-transport-classes-epoll\4.1.96.Final\netty-transport-classes-epoll-4.1.96.Final.jar;C:\Users\dougl\.m2\repository\io\netty\netty-transport-classes-kqueue\4.1.96.Final\netty-transport-classes-kqueue-4.1.96.Final.jar;C:\Users\dougl\.m2\repository\io\netty\netty-transport-native-epoll\4.1.96.Final\netty-transport-native-epoll-4.1.96.Final.jar;C:\Users\dougl\.m2\repository\io\netty\netty-transport-native-kqueue\4.1.96.Final\netty-transport-native-kqueue-4.1.96.Final.jar;C:\Users\dougl\.m2\repository\io\netty\netty-transport-native-unix-common\4.1.96.Final\netty-transport-native-unix-common-4.1.96.Final.jar;C:\Users\dougl\.m2\repository\io\netty\netty-transport\4.1.96.Final\netty-transport-4.1.96.Final.jar;C:\Users\dougl\.m2\repository\io\netty\netty-resolver\4.1.96.Final\netty-resolver-4.1.96.Final.jar;C:\Users\dougl\.m2\repository\io\opentelemetry\opentelemetry-api\1.28.0\opentelemetry-api-1.28.0.jar;C:\Users\dougl\.m2\repository\io\opentelemetry\opentelemetry-context\1.28.0\opentelemetry-context-1.28.0.jar;C:\Users\dougl\.m2\repository\io\opentelemetry\opentelemetry-exporter-logging\1.28.0\opentelemetry-exporter-logging-1.28.0.jar;C:\Users\dougl\.m2\repository\io\opentelemetry\opentelemetry-sdk-metrics\1.28.0\opentelemetry-sdk-metrics-1.28.0.jar;C:\Users\dougl\.m2\repository\io\opentelemetry\opentelemetry-extension-incubator\1.28.0-alpha\opentelemetry-extension-incubator-1.28.0-alpha.jar;C:\Users\dougl\.m2\repository\io\opentelemetry\opentelemetry-sdk-logs\1.28.0\opentelemetry-sdk-logs-1.28.0.jar;C:\Users\dougl\.m2\repository\io\opentelemetry\opentelemetry-sdk-common\1.28.0\opentelemetry-sdk-common-1.28.0.jar;C:\Users\dougl\.m2\repository\io\opentelemetry\opentelemetry-sdk-extension-autoconfigure-spi\1.28.0\opentelemetry-sdk-extension-autoconfigure-spi-1.28.0.jar;C:\Users\dougl\.m2\repository\io\opentelemetry\opentelemetry-sdk-extension-autoconfigure\1.28.0\opentelemetry-sdk-extension-autoconfigure-1.28.0.jar;C:\Users\dougl\.m2\repository\io\opentelemetry\opentelemetry-api-events\1.28.0-alpha\opentelemetry-api-events-1.28.0-alpha.jar;C:\Users\dougl\.m2\repository\io\opentelemetry\opentelemetry-sdk-trace\1.28.0\opentelemetry-sdk-trace-1.28.0.jar;C:\Users\dougl\.m2\repository\io\opentelemetry\opentelemetry-sdk\1.28.0\opentelemetry-sdk-1.28.0.jar;C:\Users\dougl\.m2\repository\io\opentelemetry\opentelemetry-semconv\1.28.0-alpha\opentelemetry-semconv-1.28.0-alpha.jar;C:\Users\dougl\.m2\repository\org\asynchttpclient\async-http-client\2.12.3\async-http-client-2.12.3.jar;C:\Users\dougl\.m2\repository\org\asynchttpclient\async-http-client-netty-utils\2.12.3\async-http-client-netty-utils-2.12.3.jar;C:\Users\dougl\.m2\repository\io\netty\netty-codec-socks\4.1.60.Final\netty-codec-socks-4.1.60.Final.jar;C:\Users\dougl\.m2\repository\io\netty\netty-handler-proxy\4.1.60.Final\netty-handler-proxy-4.1.60.Final.jar;C:\Users\dougl\.m2\repository\io\netty\netty-transport-native-epoll\4.1.60.Final\netty-transport-native-epoll-4.1.60.Final-linux-x86_64.jar;C:\Users\dougl\.m2\repository\io\netty\netty-transport-native-kqueue\4.1.60.Final\netty-transport-native-kqueue-4.1.60.Final-osx-x86_64.jar;C:\Users\dougl\.m2\repository\org\reactivestreams\reactive-streams\1.0.3\reactive-streams-1.0.3.jar;C:\Users\dougl\.m2\repository\com\typesafe\netty\netty-reactive-streams\2.0.4\netty-reactive-streams-2.0.4.jar;C:\Users\dougl\.m2\repository\com\sun\activation\jakarta.activation\1.2.2\jakarta.activation-1.2.2.jar;C:\Users\dougl\.m2\repository\org\seleniumhq\selenium\selenium-os\4.12.1\selenium-os-4.12.1.jar;C:\Users\dougl\.m2\repository\org\apache\commons\commons-exec\1.3\commons-exec-1.3.jar;C:\Users\dougl\.m2\repository\org\seleniumhq\selenium\selenium-safari-driver\4.12.1\selenium-safari-driver-4.12.1.jar;C:\Users\dougl\.m2\repository\org\seleniumhq\selenium\selenium-support\4.12.1\selenium-support-4.12.1.jar;C:\Users\dougl\.m2\repository\org\assertj\assertj-core\3.24.2\assertj-core-3.24.2.jar;C:\Users\dougl\.m2\repository\net\bytebuddy\byte-buddy\1.12.21\byte-buddy-1.12.21.jar;C:\Users\dougl\.m2\repository\org\projectlombok\lombok\1.18.28\lombok-1.18.28.jar;C:\Users\dougl\.m2\repository\org\slf4j\slf4j-simple\2.0.9\slf4j-simple-2.0.9.jar;C:\Users\dougl\.m2\repository\org\slf4j\slf4j-api\2.0.9\slf4j-api-2.0.9.jar;C:\Users\dougl\.m2\repository\com\github\javafaker\javafaker\1.0.2\javafaker-1.0.2.jar;C:\Users\dougl\.m2\repository\org\apache\commons\commons-lang3\3.5\commons-lang3-3.5.jar;C:\Users\dougl\.m2\repository\org\yaml\snakeyaml\1.23\snakeyaml-1.23-android.jar;C:\Users\dougl\.m2\repository\com\github\mifmif\generex\1.0.2\generex-1.0.2.jar;C:\Users\dougl\.m2\repository\dk\brics\automaton\automaton\1.11-8\automaton-1.11-8.jar;C:\Users\dougl\.m2\repository\com\deque\html\axe-core\selenium\4.7.0\selenium-4.7.0.jar;C:\Users\dougl\.m2\repository\commons-io\commons-io\2.11.0\commons-io-2.11.0.jar;C:\Users\dougl\.m2\repository\io\github\bonigarcia\webdrivermanager\5.3.1\webdrivermanager-5.3.1.jar;C:\Users\dougl\.m2\repository\com\google\code\gson\gson\2.10\gson-2.10.jar;C:\Users\dougl\.m2\repository\com\github\docker-java\docker-java\3.2.13\docker-java-3.2.13.jar;C:\Users\dougl\.m2\repository\com\github\docker-java\docker-java-core\3.2.13\docker-java-core-3.2.13.jar;C:\Users\dougl\.m2\repository\com\github\docker-java\docker-java-api\3.2.13\docker-java-api-3.2.13.jar;C:\Users\dougl\.m2\repository\org\apache\commons\commons-compress\1.21\commons-compress-1.21.jar;C:\Users\dougl\.m2\repository\org\bouncycastle\bcpkix-jdk15on\1.64\bcpkix-jdk15on-1.64.jar;C:\Users\dougl\.m2\repository\org\bouncycastle\bcprov-jdk15on\1.64\bcprov-jdk15on-1.64.jar;C:\Users\dougl\.m2\repository\org\slf4j\jcl-over-slf4j\1.7.30\jcl-over-slf4j-1.7.30.jar;C:\Users\dougl\.m2\repository\com\github\docker-java\docker-java-transport-httpclient5\3.2.13\docker-java-transport-httpclient5-3.2.13.jar;C:\Users\dougl\.m2\repository\com\github\docker-java\docker-java-transport\3.2.13\docker-java-transport-3.2.13.jar;C:\Users\dougl\.m2\repository\net\java\dev\jna\jna\5.8.0\jna-5.8.0.jar;C:\Users\dougl\.m2\repository\org\brotli\dec\0.1.2\dec-0.1.2.jar;C:\Users\dougl\.m2\repository\org\apache\httpcomponents\client5\httpclient5\5.1.3\httpclient5-5.1.3.jar;C:\Users\dougl\.m2\repository\org\apache\httpcomponents\core5\httpcore5\5.1.3\httpcore5-5.1.3.jar;C:\Users\dougl\.m2\repository\org\apache\httpcomponents\core5\httpcore5-h2\5.1.3\httpcore5-h2-5.1.3.jar;C:\Users\dougl\.m2\repository\commons-codec\commons-codec\1.15\commons-codec-1.15.jar;C:\Users\dougl\.m2\repository\com\deque\html\axe-core\dequeutilites\4.7.0\dequeutilites-4.7.0.jar;C:\Users\dougl\.m2\repository\io\qameta\allure\allure-junit5\2.24.0\allure-junit5-2.24.0.jar;C:\Users\dougl\.m2\repository\io\qameta\allure\allure-junit-platform\2.24.0\allure-junit-platform-2.24.0.jar;C:\Users\dougl\.m2\repository\io\qameta\allure\allure-java-commons\2.24.0\allure-java-commons-2.24.0.jar;C:\Users\dougl\.m2\repository\io\qameta\allure\allure-model\2.24.0\allure-model-2.24.0.jar;C:\Users\dougl\.m2\repository\io\qameta\allure\allure-test-filter\2.24.0\allure-test-filter-2.24.0.jar;C:\Users\dougl\.m2\repository\org\junit\platform\junit-platform-launcher\1.9.2\junit-platform-launcher-1.9.2.jar;C:\Users\dougl\.m2\repository\com\fasterxml\jackson\core\jackson-databind\2.15.2\jackson-databind-2.15.2.jar;C:\Users\dougl\.m2\repository\com\fasterxml\jackson\core\jackson-annotations\2.15.2\jackson-annotations-2.15.2.jar;C:\Users\dougl\.m2\repository\com\fasterxml\jackson\core\jackson-core\2.15.2\jackson-core-2.15.2.jar;C:\Users\dougl\.m2\repository\org\junit\jupiter\junit-jupiter-api\5.10.0\junit-jupiter-api-5.10.0.jar;C:\Users\dougl\.m2\repository\org\opentest4j\opentest4j\1.3.0\opentest4j-1.3.0.jar;C:\Users\dougl\.m2\repository\org\junit\platform\junit-platform-commons\1.10.0\junit-platform-commons-1.10.0.jar;C:\Users\dougl\.m2\repository\org\apiguardian\apiguardian-api\1.1.2\apiguardian-api-1.1.2.jar;C:\Users\dougl\.m2\repository\org\junit\jupiter\junit-jupiter-engine\5.10.0\junit-jupiter-engine-5.10.0.jar;C:\Users\dougl\.m2\repository\org\junit\platform\junit-platform-engine\1.10.0\junit-platform-engine-1.10.0.jar;C:\Users\dougl\.m2\repository\org\junit\jupiter\junit-jupiter-params\5.10.0\junit-jupiter-params-5.10.0.jar;"/>
    <property name="java.vm.vendor" value="Amazon.com Inc."/>
    <property name="sun.arch.data.model" value="64"/>
    <property name="user.variant" value=""/>
    <property name="java.vendor.url" value="https://aws.amazon.com/corretto/"/>
    <property name="user.timezone" value="America/Bogota"/>
    <property name="os.name" value="Windows 11"/>
    <property name="java.vm.specification.version" value="17"/>
    <property name="sun.java.launcher" value="SUN_STANDARD"/>
    <property name="user.country" value="CO"/>
    <property name="sun.boot.library.path" value="C:\Program Files\Amazon Corretto\jdk17.0.6_10\bin"/>
    <property name="sun.java.command" value="C:\Users\dougl\AppData\Local\Temp\surefire39709750491246177\surefirebooter-20230907102336383_3.jar C:\Users\dougl\AppData\Local\Temp\surefire39709750491246177 2023-09-07T10-23-36_227-jvmRun1 surefire-20230907102336383_1tmp surefire_0-20230907102336383_2tmp"/>
    <property name="jdk.debug" value="release"/>
    <property name="surefire.test.class.path" value="C:\Douglas\Automation\Proyectos\Selenium\Pumpkins\Four Project\carbonfour-selenium-4\target\test-classes;C:\Douglas\Automation\Proyectos\Selenium\Pumpkins\Four Project\carbonfour-selenium-4\target\classes;C:\Users\dougl\.m2\repository\org\seleniumhq\selenium\selenium-java\4.12.1\selenium-java-4.12.1.jar;C:\Users\dougl\.m2\repository\org\seleniumhq\selenium\selenium-api\4.12.1\selenium-api-4.12.1.jar;C:\Users\dougl\.m2\repository\org\seleniumhq\selenium\selenium-chrome-driver\4.12.1\selenium-chrome-driver-4.12.1.jar;C:\Users\dougl\.m2\repository\com\google\auto\service\auto-service-annotations\1.1.1\auto-service-annotations-1.1.1.jar;C:\Users\dougl\.m2\repository\com\google\guava\guava\32.1.2-jre\guava-32.1.2-jre.jar;C:\Users\dougl\.m2\repository\com\google\guava\failureaccess\1.0.1\failureaccess-1.0.1.jar;C:\Users\dougl\.m2\repository\com\google\guava\listenablefuture\9999.0-empty-to-avoid-conflict-with-guava\listenablefuture-9999.0-empty-to-avoid-conflict-with-guava.jar;C:\Users\dougl\.m2\repository\com\google\code\findbugs\jsr305\3.0.2\jsr305-3.0.2.jar;C:\Users\dougl\.m2\repository\org\checkerframework\checker-qual\3.33.0\checker-qual-3.33.0.jar;C:\Users\dougl\.m2\repository\com\google\errorprone\error_prone_annotations\2.18.0\error_prone_annotations-2.18.0.jar;C:\Users\dougl\.m2\repository\com\google\j2objc\j2objc-annotations\2.8\j2objc-annotations-2.8.jar;C:\Users\dougl\.m2\repository\org\seleniumhq\selenium\selenium-chromium-driver\4.12.1\selenium-chromium-driver-4.12.1.jar;C:\Users\dougl\.m2\repository\org\seleniumhq\selenium\selenium-json\4.12.1\selenium-json-4.12.1.jar;C:\Users\dougl\.m2\repository\org\seleniumhq\selenium\selenium-manager\4.12.1\selenium-manager-4.12.1.jar;C:\Users\dougl\.m2\repository\org\seleniumhq\selenium\selenium-devtools-v114\4.12.1\selenium-devtools-v114-4.12.1.jar;C:\Users\dougl\.m2\repository\org\seleniumhq\selenium\selenium-devtools-v115\4.12.1\selenium-devtools-v115-4.12.1.jar;C:\Users\dougl\.m2\repository\org\seleniumhq\selenium\selenium-devtools-v116\4.12.1\selenium-devtools-v116-4.12.1.jar;C:\Users\dougl\.m2\repository\org\seleniumhq\selenium\selenium-devtools-v85\4.12.1\selenium-devtools-v85-4.12.1.jar;C:\Users\dougl\.m2\repository\org\seleniumhq\selenium\selenium-edge-driver\4.12.1\selenium-edge-driver-4.12.1.jar;C:\Users\dougl\.m2\repository\org\seleniumhq\selenium\selenium-firefox-driver\4.12.1\selenium-firefox-driver-4.12.1.jar;C:\Users\dougl\.m2\repository\org\seleniumhq\selenium\selenium-http\4.12.1\selenium-http-4.12.1.jar;C:\Users\dougl\.m2\repository\dev\failsafe\failsafe\3.3.2\failsafe-3.3.2.jar;C:\Users\dougl\.m2\repository\org\seleniumhq\selenium\selenium-ie-driver\4.12.1\selenium-ie-driver-4.12.1.jar;C:\Users\dougl\.m2\repository\org\seleniumhq\selenium\selenium-remote-driver\4.12.1\selenium-remote-driver-4.12.1.jar;C:\Users\dougl\.m2\repository\io\netty\netty-buffer\4.1.96.Final\netty-buffer-4.1.96.Final.jar;C:\Users\dougl\.m2\repository\io\netty\netty-codec-http\4.1.96.Final\netty-codec-http-4.1.96.Final.jar;C:\Users\dougl\.m2\repository\io\netty\netty-codec\4.1.96.Final\netty-codec-4.1.96.Final.jar;C:\Users\dougl\.m2\repository\io\netty\netty-handler\4.1.96.Final\netty-handler-4.1.96.Final.jar;C:\Users\dougl\.m2\repository\io\netty\netty-common\4.1.96.Final\netty-common-4.1.96.Final.jar;C:\Users\dougl\.m2\repository\io\netty\netty-transport-classes-epoll\4.1.96.Final\netty-transport-classes-epoll-4.1.96.Final.jar;C:\Users\dougl\.m2\repository\io\netty\netty-transport-classes-kqueue\4.1.96.Final\netty-transport-classes-kqueue-4.1.96.Final.jar;C:\Users\dougl\.m2\repository\io\netty\netty-transport-native-epoll\4.1.96.Final\netty-transport-native-epoll-4.1.96.Final.jar;C:\Users\dougl\.m2\repository\io\netty\netty-transport-native-kqueue\4.1.96.Final\netty-transport-native-kqueue-4.1.96.Final.jar;C:\Users\dougl\.m2\repository\io\netty\netty-transport-native-unix-common\4.1.96.Final\netty-transport-native-unix-common-4.1.96.Final.jar;C:\Users\dougl\.m2\repository\io\netty\netty-transport\4.1.96.Final\netty-transport-4.1.96.Final.jar;C:\Users\dougl\.m2\repository\io\netty\netty-resolver\4.1.96.Final\netty-resolver-4.1.96.Final.jar;C:\Users\dougl\.m2\repository\io\opentelemetry\opentelemetry-api\1.28.0\opentelemetry-api-1.28.0.jar;C:\Users\dougl\.m2\repository\io\opentelemetry\opentelemetry-context\1.28.0\opentelemetry-context-1.28.0.jar;C:\Users\dougl\.m2\repository\io\opentelemetry\opentelemetry-exporter-logging\1.28.0\opentelemetry-exporter-logging-1.28.0.jar;C:\Users\dougl\.m2\repository\io\opentelemetry\opentelemetry-sdk-metrics\1.28.0\opentelemetry-sdk-metrics-1.28.0.jar;C:\Users\dougl\.m2\repository\io\opentelemetry\opentelemetry-extension-incubator\1.28.0-alpha\opentelemetry-extension-incubator-1.28.0-alpha.jar;C:\Users\dougl\.m2\repository\io\opentelemetry\opentelemetry-sdk-logs\1.28.0\opentelemetry-sdk-logs-1.28.0.jar;C:\Users\dougl\.m2\repository\io\opentelemetry\opentelemetry-sdk-common\1.28.0\opentelemetry-sdk-common-1.28.0.jar;C:\Users\dougl\.m2\repository\io\opentelemetry\opentelemetry-sdk-extension-autoconfigure-spi\1.28.0\opentelemetry-sdk-extension-autoconfigure-spi-1.28.0.jar;C:\Users\dougl\.m2\repository\io\opentelemetry\opentelemetry-sdk-extension-autoconfigure\1.28.0\opentelemetry-sdk-extension-autoconfigure-1.28.0.jar;C:\Users\dougl\.m2\repository\io\opentelemetry\opentelemetry-api-events\1.28.0-alpha\opentelemetry-api-events-1.28.0-alpha.jar;C:\Users\dougl\.m2\repository\io\opentelemetry\opentelemetry-sdk-trace\1.28.0\opentelemetry-sdk-trace-1.28.0.jar;C:\Users\dougl\.m2\repository\io\opentelemetry\opentelemetry-sdk\1.28.0\opentelemetry-sdk-1.28.0.jar;C:\Users\dougl\.m2\repository\io\opentelemetry\opentelemetry-semconv\1.28.0-alpha\opentelemetry-semconv-1.28.0-alpha.jar;C:\Users\dougl\.m2\repository\org\asynchttpclient\async-http-client\2.12.3\async-http-client-2.12.3.jar;C:\Users\dougl\.m2\repository\org\asynchttpclient\async-http-client-netty-utils\2.12.3\async-http-client-netty-utils-2.12.3.jar;C:\Users\dougl\.m2\repository\io\netty\netty-codec-socks\4.1.60.Final\netty-codec-socks-4.1.60.Final.jar;C:\Users\dougl\.m2\repository\io\netty\netty-handler-proxy\4.1.60.Final\netty-handler-proxy-4.1.60.Final.jar;C:\Users\dougl\.m2\repository\io\netty\netty-transport-native-epoll\4.1.60.Final\netty-transport-native-epoll-4.1.60.Final-linux-x86_64.jar;C:\Users\dougl\.m2\repository\io\netty\netty-transport-native-kqueue\4.1.60.Final\netty-transport-native-kqueue-4.1.60.Final-osx-x86_64.jar;C:\Users\dougl\.m2\repository\org\reactivestreams\reactive-streams\1.0.3\reactive-streams-1.0.3.jar;C:\Users\dougl\.m2\repository\com\typesafe\netty\netty-reactive-streams\2.0.4\netty-reactive-streams-2.0.4.jar;C:\Users\dougl\.m2\repository\com\sun\activation\jakarta.activation\1.2.2\jakarta.activation-1.2.2.jar;C:\Users\dougl\.m2\repository\org\seleniumhq\selenium\selenium-os\4.12.1\selenium-os-4.12.1.jar;C:\Users\dougl\.m2\repository\org\apache\commons\commons-exec\1.3\commons-exec-1.3.jar;C:\Users\dougl\.m2\repository\org\seleniumhq\selenium\selenium-safari-driver\4.12.1\selenium-safari-driver-4.12.1.jar;C:\Users\dougl\.m2\repository\org\seleniumhq\selenium\selenium-support\4.12.1\selenium-support-4.12.1.jar;C:\Users\dougl\.m2\repository\org\assertj\assertj-core\3.24.2\assertj-core-3.24.2.jar;C:\Users\dougl\.m2\repository\net\bytebuddy\byte-buddy\1.12.21\byte-buddy-1.12.21.jar;C:\Users\dougl\.m2\repository\org\projectlombok\lombok\1.18.28\lombok-1.18.28.jar;C:\Users\dougl\.m2\repository\org\slf4j\slf4j-simple\2.0.9\slf4j-simple-2.0.9.jar;C:\Users\dougl\.m2\repository\org\slf4j\slf4j-api\2.0.9\slf4j-api-2.0.9.jar;C:\Users\dougl\.m2\repository\com\github\javafaker\javafaker\1.0.2\javafaker-1.0.2.jar;C:\Users\dougl\.m2\repository\org\apache\commons\commons-lang3\3.5\commons-lang3-3.5.jar;C:\Users\dougl\.m2\repository\org\yaml\snakeyaml\1.23\snakeyaml-1.23-android.jar;C:\Users\dougl\.m2\repository\com\github\mifmif\generex\1.0.2\generex-1.0.2.jar;C:\Users\dougl\.m2\repository\dk\brics\automaton\automaton\1.11-8\automaton-1.11-8.jar;C:\Users\dougl\.m2\repository\com\deque\html\axe-core\selenium\4.7.0\selenium-4.7.0.jar;C:\Users\dougl\.m2\repository\commons-io\commons-io\2.11.0\commons-io-2.11.0.jar;C:\Users\dougl\.m2\repository\io\github\bonigarcia\webdrivermanager\5.3.1\webdrivermanager-5.3.1.jar;C:\Users\dougl\.m2\repository\com\google\code\gson\gson\2.10\gson-2.10.jar;C:\Users\dougl\.m2\repository\com\github\docker-java\docker-java\3.2.13\docker-java-3.2.13.jar;C:\Users\dougl\.m2\repository\com\github\docker-java\docker-java-core\3.2.13\docker-java-core-3.2.13.jar;C:\Users\dougl\.m2\repository\com\github\docker-java\docker-java-api\3.2.13\docker-java-api-3.2.13.jar;C:\Users\dougl\.m2\repository\org\apache\commons\commons-compress\1.21\commons-compress-1.21.jar;C:\Users\dougl\.m2\repository\org\bouncycastle\bcpkix-jdk15on\1.64\bcpkix-jdk15on-1.64.jar;C:\Users\dougl\.m2\repository\org\bouncycastle\bcprov-jdk15on\1.64\bcprov-jdk15on-1.64.jar;C:\Users\dougl\.m2\repository\org\slf4j\jcl-over-slf4j\1.7.30\jcl-over-slf4j-1.7.30.jar;C:\Users\dougl\.m2\repository\com\github\docker-java\docker-java-transport-httpclient5\3.2.13\docker-java-transport-httpclient5-3.2.13.jar;C:\Users\dougl\.m2\repository\com\github\docker-java\docker-java-transport\3.2.13\docker-java-transport-3.2.13.jar;C:\Users\dougl\.m2\repository\net\java\dev\jna\jna\5.8.0\jna-5.8.0.jar;C:\Users\dougl\.m2\repository\org\brotli\dec\0.1.2\dec-0.1.2.jar;C:\Users\dougl\.m2\repository\org\apache\httpcomponents\client5\httpclient5\5.1.3\httpclient5-5.1.3.jar;C:\Users\dougl\.m2\repository\org\apache\httpcomponents\core5\httpcore5\5.1.3\httpcore5-5.1.3.jar;C:\Users\dougl\.m2\repository\org\apache\httpcomponents\core5\httpcore5-h2\5.1.3\httpcore5-h2-5.1.3.jar;C:\Users\dougl\.m2\repository\commons-codec\commons-codec\1.15\commons-codec-1.15.jar;C:\Users\dougl\.m2\repository\com\deque\html\axe-core\dequeutilites\4.7.0\dequeutilites-4.7.0.jar;C:\Users\dougl\.m2\repository\io\qameta\allure\allure-junit5\2.24.0\allure-junit5-2.24.0.jar;C:\Users\dougl\.m2\repository\io\qameta\allure\allure-junit-platform\2.24.0\allure-junit-platform-2.24.0.jar;C:\Users\dougl\.m2\repository\io\qameta\allure\allure-java-commons\2.24.0\allure-java-commons-2.24.0.jar;C:\Users\dougl\.m2\repository\io\qameta\allure\allure-model\2.24.0\allure-model-2.24.0.jar;C:\Users\dougl\.m2\repository\io\qameta\allure\allure-test-filter\2.24.0\allure-test-filter-2.24.0.jar;C:\Users\dougl\.m2\repository\org\junit\platform\junit-platform-launcher\1.9.2\junit-platform-launcher-1.9.2.jar;C:\Users\dougl\.m2\repository\com\fasterxml\jackson\core\jackson-databind\2.15.2\jackson-databind-2.15.2.jar;C:\Users\dougl\.m2\repository\com\fasterxml\jackson\core\jackson-annotations\2.15.2\jackson-annotations-2.15.2.jar;C:\Users\dougl\.m2\repository\com\fasterxml\jackson\core\jackson-core\2.15.2\jackson-core-2.15.2.jar;C:\Users\dougl\.m2\repository\org\junit\jupiter\junit-jupiter-api\5.10.0\junit-jupiter-api-5.10.0.jar;C:\Users\dougl\.m2\repository\org\opentest4j\opentest4j\1.3.0\opentest4j-1.3.0.jar;C:\Users\dougl\.m2\repository\org\junit\platform\junit-platform-commons\1.10.0\junit-platform-commons-1.10.0.jar;C:\Users\dougl\.m2\repository\org\apiguardian\apiguardian-api\1.1.2\apiguardian-api-1.1.2.jar;C:\Users\dougl\.m2\repository\org\junit\jupiter\junit-jupiter-engine\5.10.0\junit-jupiter-engine-5.10.0.jar;C:\Users\dougl\.m2\repository\org\junit\platform\junit-platform-engine\1.10.0\junit-platform-engine-1.10.0.jar;C:\Users\dougl\.m2\repository\org\junit\jupiter\junit-jupiter-params\5.10.0\junit-jupiter-params-5.10.0.jar;"/>
    <property name="sun.cpu.endian" value="little"/>
    <property name="user.home" value="C:\Users\dougl"/>
    <property name="user.language" value="es"/>
    <property name="java.specification.vendor" value="Oracle Corporation"/>
    <property name="java.version.date" value="2023-01-17"/>
    <property name="java.home" value="C:\Program Files\Amazon Corretto\jdk17.0.6_10"/>
    <property name="file.separator" value="\"/>
    <property name="basedir" value="C:\Douglas\Automation\Proyectos\Selenium\Pumpkins\Four Project\carbonfour-selenium-4"/>
    <property name="java.vm.compressedOopsMode" value="Zero based"/>
    <property name="line.separator" value="&#10;"/>
    <property name="java.vm.specification.vendor" value="Oracle Corporation"/>
    <property name="java.specification.name" value="Java Platform API Specification"/>
    <property name="surefire.real.class.path" value="C:\Users\dougl\AppData\Local\Temp\surefire39709750491246177\surefirebooter-20230907102336383_3.jar"/>
    <property name="user.script" value=""/>
    <property name="sun.management.compiler" value="HotSpot 64-Bit Tiered Compilers"/>
    <property name="java.runtime.version" value="17.0.6+10-LTS"/>
    <property name="user.name" value="dougl"/>
    <property name="path.separator" value=";"/>
    <property name="os.version" value="10.0"/>
    <property name="java.runtime.name" value="OpenJDK Runtime Environment"/>
    <property name="file.encoding" value="Cp1252"/>
    <property name="java.vm.name" value="OpenJDK 64-Bit Server VM"/>
    <property name="java.vendor.version" value="Corretto-17.0.6.10.1"/>
    <property name="localRepository" value="C:\Users\dougl\.m2\repository"/>
    <property name="java.vendor.url.bug" value="https://github.com/corretto/corretto-17/issues/"/>
    <property name="java.io.tmpdir" value="C:\Users\dougl\AppData\Local\Temp\"/>
    <property name="java.version" value="17.0.6"/>
    <property name="user.dir" value="C:\Douglas\Automation\Proyectos\Selenium\Pumpkins\Four Project\carbonfour-selenium-4"/>
    <property name="os.arch" value="amd64"/>
    <property name="java.vm.specification.name" value="Java Virtual Machine Specification"/>
    <property name="sun.os.patch.level" value=""/>
    <property name="native.encoding" value="Cp1252"/>
    <property name="java.library.path" value="C:\Program Files\Amazon Corretto\jdk17.0.6_10\bin;C:\Windows\Sun\Java\bin;C:\Windows\system32;C:\Windows;C:\Program Files\Amazon Corretto\jdk17.0.6_10\bin;C:\Program Files (x86)\NVIDIA Corporation\PhysX\Common;C:\Windows\system32;C:\Windows;C:\Windows\System32\Wbem;C:\Windows\System32\WindowsPowerShell\v1.0\;C:\Windows\System32\OpenSSH\;C:\Program Files\Amazon Corretto\jdk17.0.6_10\bin;C:\Program Files\Maven\bin;C:\Program Files\Calibre2\;C:\Program Files\nodejs\;C:\Program Files\Git\cmd;C:\Program Files\PowerShell\7\;C:\Users\dougl\AppData\Local\Microsoft\WindowsApps;C:\Users\dougl\AppData\Local\Programs\Microsoft VS Code\bin;C:\Program Files\JetBrains\IntelliJ IDEA 2022.1\bin;;C:\Users\dougl\AppData\Local\GitHubDesktop\bin;C:\Program Files\JetBrains\Aqua 232.8660.199\bin;;C:\Users\dougl\AppData\Roaming\npm;C:\Users\dougl\AppData\Local\Programs\Microsoft VS Code Insiders\bin;."/>
    <property name="java.vm.info" value="mixed mode, sharing"/>
    <property name="java.vendor" value="Amazon.com Inc."/>
    <property name="java.vm.version" value="17.0.6+10-LTS"/>
    <property name="sun.io.unicode.encoding" value="UnicodeLittle"/>
    <property name="java.class.version" value="61.0"/>
  </properties>
  <testcase name="networkBlockPatterns" classname="Selenium_4_Tests.TestDevToolsNetworkInterception" time="2.597">
    <system-err><![CDATA[[CDP Connection] INFO Selenium_4_Tests.TestDevToolsNetworkInterception - Blocking reason final: inspector
[CDP Connection] INFO Selenium_4_Tests.TestDevToolsNetworkInterception - Blocking reason: Optional[inspector]
[CDP Connection] INFO Selenium_4_Tests.TestDevToolsNetworkInterception - Blocking reason final: inspector
[CDP Connection] INFO Selenium_4_Tests.TestDevToolsNetworkInterception - Blocking reason: Optional[inspector]
]]></system-err>
  </testcase>
  <testcase name="getRequestServedFromCacheTest" classname="Selenium_4_Tests.TestDevToolsNetworkInterception" time="4.523">
    <system-err><![CDATA[[CDP Connection] INFO Selenium_4_Tests.TestDevToolsNetworkInterception - HTTP request served from cache: 6836.569
[CDP Connection] INFO Selenium_4_Tests.TestDevToolsNetworkInterception - HTTP request served from cache: 6836.719
[CDP Connection] INFO Selenium_4_Tests.TestDevToolsNetworkInterception - HTTP request served from cache: 6836.720
]]></system-err>
  </testcase>
  <testcase name="verifyEventSourceMessagesTest" classname="Selenium_4_Tests.TestDevToolsNetworkInterception" time="11.743">
    <system-err><![CDATA[[CDP Connection] INFO Selenium_4_Tests.TestDevToolsNetworkInterception - Event Source event data received: The server time is: Thu, 07 Sep 2023 15:26:54 +0000
[CDP Connection] INFO Selenium_4_Tests.TestDevToolsNetworkInterception - Event Source event name: message
[CDP Connection] INFO Selenium_4_Tests.TestDevToolsNetworkInterception - Event Source event id: 
[CDP Connection] INFO Selenium_4_Tests.TestDevToolsNetworkInterception - Event Source message id: 7088.42
[CDP Connection] INFO Selenium_4_Tests.TestDevToolsNetworkInterception - Event Source event time: 2489620.40877
[CDP Connection] INFO Selenium_4_Tests.TestDevToolsNetworkInterception - Event Source event data received: The server time is: Thu, 07 Sep 2023 15:26:58 +0000
[CDP Connection] INFO Selenium_4_Tests.TestDevToolsNetworkInterception - Event Source event name: message
[CDP Connection] INFO Selenium_4_Tests.TestDevToolsNetworkInterception - Event Source event id: 
[CDP Connection] INFO Selenium_4_Tests.TestDevToolsNetworkInterception - Event Source message id: 7088.136
[CDP Connection] INFO Selenium_4_Tests.TestDevToolsNetworkInterception - Event Source event time: 2489623.576465
[CDP Connection] INFO Selenium_4_Tests.TestDevToolsNetworkInterception - Event Source event data received: The server time is: Thu, 07 Sep 2023 15:27:01 +0000
[CDP Connection] INFO Selenium_4_Tests.TestDevToolsNetworkInterception - Event Source event name: message
[CDP Connection] INFO Selenium_4_Tests.TestDevToolsNetworkInterception - Event Source event id: 
[CDP Connection] INFO Selenium_4_Tests.TestDevToolsNetworkInterception - Event Source message id: 7088.146
[CDP Connection] INFO Selenium_4_Tests.TestDevToolsNetworkInterception - Event Source event time: 2489626.780811
]]></system-err>
  </testcase>
  <testcase name="verifyWebSocketOperationTest" classname="Selenium_4_Tests.TestDevToolsNetworkInterception" time="2.587">
    <error message="no such element: Unable to locate element: {&quot;method&quot;:&quot;xpath&quot;,&quot;selector&quot;:&quot;//button[@type=&apos;submit&apos;]&quot;}&#10;  (Session info: MicrosoftEdge=116.0.1938.69)&#10;For documentation on this error, please visit: https://www.selenium.dev/documentation/webdriver/troubleshooting/errors#no-such-element-exception&#10;Build info: version: &apos;4.12.1&apos;, revision: &apos;8e34639b11&apos;&#10;System info: os.name: &apos;Windows 11&apos;, os.arch: &apos;amd64&apos;, os.version: &apos;10.0&apos;, java.version: &apos;17.0.6&apos;&#10;Driver info: org.openqa.selenium.edge.EdgeDriver&#10;Command: [e08f102a36e5dc57d3d064aa27dbe631, findElement {using=xpath, value=//button[@type=&apos;submit&apos;]}]&#10;Capabilities {acceptInsecureCerts: false, browserName: msedge, browserVersion: 116.0.1938.69, fedcm:accounts: true, ms:edgeOptions: {debuggerAddress: localhost:65026}, msedge: {msedgedriverVersion: 116.0.1938.69 (62ef76ea75c4..., userDataDir: C:\Users\dougl\AppData\Loca...}, networkConnectionEnabled: false, pageLoadStrategy: normal, platformName: windows, proxy: Proxy(), se:cdp: ws://localhost:65026/devtoo..., se:cdpVersion: 116.0.1938.69, setWindowRect: true, strictFileInteractability: false, timeouts: {implicit: 0, pageLoad: 300000, script: 30000}, unhandledPromptBehavior: dismiss and notify, webauthn:extension:credBlob: true, webauthn:extension:largeBlob: true, webauthn:extension:minPinLength: true, webauthn:extension:prf: true, webauthn:virtualAuthenticators: true}&#10;Session ID: e08f102a36e5dc57d3d064aa27dbe631" type="org.openqa.selenium.NoSuchElementException"><![CDATA[org.openqa.selenium.NoSuchElementException: 
no such element: Unable to locate element: {"method":"xpath","selector":"//button[@type='submit']"}
  (Session info: MicrosoftEdge=116.0.1938.69)
For documentation on this error, please visit: https://www.selenium.dev/documentation/webdriver/troubleshooting/errors#no-such-element-exception
Build info: version: '4.12.1', revision: '8e34639b11'
System info: os.name: 'Windows 11', os.arch: 'amd64', os.version: '10.0', java.version: '17.0.6'
Driver info: org.openqa.selenium.edge.EdgeDriver
Command: [e08f102a36e5dc57d3d064aa27dbe631, findElement {using=xpath, value=//button[@type='submit']}]
Capabilities {acceptInsecureCerts: false, browserName: msedge, browserVersion: 116.0.1938.69, fedcm:accounts: true, ms:edgeOptions: {debuggerAddress: localhost:65026}, msedge: {msedgedriverVersion: 116.0.1938.69 (62ef76ea75c4..., userDataDir: C:\Users\dougl\AppData\Loca...}, networkConnectionEnabled: false, pageLoadStrategy: normal, platformName: windows, proxy: Proxy(), se:cdp: ws://localhost:65026/devtoo..., se:cdpVersion: 116.0.1938.69, setWindowRect: true, strictFileInteractability: false, timeouts: {implicit: 0, pageLoad: 300000, script: 30000}, unhandledPromptBehavior: dismiss and notify, webauthn:extension:credBlob: true, webauthn:extension:largeBlob: true, webauthn:extension:minPinLength: true, webauthn:extension:prf: true, webauthn:virtualAuthenticators: true}
Session ID: e08f102a36e5dc57d3d064aa27dbe631
	at java.base/jdk.internal.reflect.NativeConstructorAccessorImpl.newInstance0(Native Method)
	at java.base/jdk.internal.reflect.NativeConstructorAccessorImpl.newInstance(NativeConstructorAccessorImpl.java:77)
	at java.base/jdk.internal.reflect.DelegatingConstructorAccessorImpl.newInstance(DelegatingConstructorAccessorImpl.java:45)
	at java.base/java.lang.reflect.Constructor.newInstanceWithCaller(Constructor.java:499)
	at java.base/java.lang.reflect.Constructor.newInstance(Constructor.java:480)
	at org.openqa.selenium.remote.codec.w3c.W3CHttpResponseCodec.createException(W3CHttpResponseCodec.java:200)
	at org.openqa.selenium.remote.codec.w3c.W3CHttpResponseCodec.decode(W3CHttpResponseCodec.java:133)
	at org.openqa.selenium.remote.codec.w3c.W3CHttpResponseCodec.decode(W3CHttpResponseCodec.java:52)
	at org.openqa.selenium.remote.HttpCommandExecutor.execute(HttpCommandExecutor.java:191)
	at org.openqa.selenium.remote.service.DriverCommandExecutor.invokeExecute(DriverCommandExecutor.java:196)
	at org.openqa.selenium.remote.service.DriverCommandExecutor.execute(DriverCommandExecutor.java:171)
	at org.openqa.selenium.remote.RemoteWebDriver.execute(RemoteWebDriver.java:602)
	at org.openqa.selenium.remote.ElementLocation$ElementFinder$2.findElement(ElementLocation.java:165)
	at org.openqa.selenium.remote.ElementLocation.findElement(ElementLocation.java:59)
	at org.openqa.selenium.remote.RemoteWebDriver.findElement(RemoteWebDriver.java:359)
	at org.openqa.selenium.remote.RemoteWebDriver.findElement(RemoteWebDriver.java:353)
	at Selenium_4_Tests.TestDevToolsNetworkInterception.verifyWebSocketOperationTest(TestDevToolsNetworkInterception.java:201)
	at java.base/jdk.internal.reflect.NativeMethodAccessorImpl.invoke0(Native Method)
	at java.base/jdk.internal.reflect.NativeMethodAccessorImpl.invoke(NativeMethodAccessorImpl.java:77)
	at java.base/jdk.internal.reflect.DelegatingMethodAccessorImpl.invoke(DelegatingMethodAccessorImpl.java:43)
	at java.base/java.lang.reflect.Method.invoke(Method.java:568)
	at org.junit.platform.commons.util.ReflectionUtils.invokeMethod(ReflectionUtils.java:728)
	at org.junit.jupiter.engine.execution.MethodInvocation.proceed(MethodInvocation.java:60)
	at org.junit.jupiter.engine.execution.InvocationInterceptorChain$ValidatingInvocation.proceed(InvocationInterceptorChain.java:131)
	at org.junit.jupiter.engine.extension.TimeoutExtension.intercept(TimeoutExtension.java:156)
	at org.junit.jupiter.engine.extension.TimeoutExtension.interceptTestableMethod(TimeoutExtension.java:147)
	at org.junit.jupiter.engine.extension.TimeoutExtension.interceptTestMethod(TimeoutExtension.java:86)
	at org.junit.jupiter.engine.execution.InterceptingExecutableInvoker$ReflectiveInterceptorCall.lambda$ofVoidMethod$0(InterceptingExecutableInvoker.java:103)
	at org.junit.jupiter.engine.execution.InterceptingExecutableInvoker.lambda$invoke$0(InterceptingExecutableInvoker.java:93)
	at org.junit.jupiter.engine.execution.InvocationInterceptorChain$InterceptedInvocation.proceed(InvocationInterceptorChain.java:106)
	at org.junit.jupiter.engine.execution.InvocationInterceptorChain.proceed(InvocationInterceptorChain.java:64)
	at org.junit.jupiter.engine.execution.InvocationInterceptorChain.chainAndInvoke(InvocationInterceptorChain.java:45)
	at org.junit.jupiter.engine.execution.InvocationInterceptorChain.invoke(InvocationInterceptorChain.java:37)
	at org.junit.jupiter.engine.execution.InterceptingExecutableInvoker.invoke(InterceptingExecutableInvoker.java:92)
	at org.junit.jupiter.engine.execution.InterceptingExecutableInvoker.invoke(InterceptingExecutableInvoker.java:86)
	at org.junit.jupiter.engine.descriptor.TestMethodTestDescriptor.lambda$invokeTestMethod$7(TestMethodTestDescriptor.java:218)
	at org.junit.platform.engine.support.hierarchical.ThrowableCollector.execute(ThrowableCollector.java:73)
	at org.junit.jupiter.engine.descriptor.TestMethodTestDescriptor.invokeTestMethod(TestMethodTestDescriptor.java:214)
	at org.junit.jupiter.engine.descriptor.TestMethodTestDescriptor.execute(TestMethodTestDescriptor.java:139)
	at org.junit.jupiter.engine.descriptor.TestMethodTestDescriptor.execute(TestMethodTestDescriptor.java:69)
	at org.junit.platform.engine.support.hierarchical.NodeTestTask.lambda$executeRecursively$6(NodeTestTask.java:151)
	at org.junit.platform.engine.support.hierarchical.ThrowableCollector.execute(ThrowableCollector.java:73)
	at org.junit.platform.engine.support.hierarchical.NodeTestTask.lambda$executeRecursively$8(NodeTestTask.java:141)
	at org.junit.platform.engine.support.hierarchical.Node.around(Node.java:137)
	at org.junit.platform.engine.support.hierarchical.NodeTestTask.lambda$executeRecursively$9(NodeTestTask.java:139)
	at org.junit.platform.engine.support.hierarchical.ThrowableCollector.execute(ThrowableCollector.java:73)
	at org.junit.platform.engine.support.hierarchical.NodeTestTask.executeRecursively(NodeTestTask.java:138)
	at org.junit.platform.engine.support.hierarchical.NodeTestTask.execute(NodeTestTask.java:95)
	at java.base/java.util.ArrayList.forEach(ArrayList.java:1511)
	at org.junit.platform.engine.support.hierarchical.SameThreadHierarchicalTestExecutorService.invokeAll(SameThreadHierarchicalTestExecutorService.java:41)
	at org.junit.platform.engine.support.hierarchical.NodeTestTask.lambda$executeRecursively$6(NodeTestTask.java:155)
	at org.junit.platform.engine.support.hierarchical.ThrowableCollector.execute(ThrowableCollector.java:73)
	at org.junit.platform.engine.support.hierarchical.NodeTestTask.lambda$executeRecursively$8(NodeTestTask.java:141)
	at org.junit.platform.engine.support.hierarchical.Node.around(Node.java:137)
	at org.junit.platform.engine.support.hierarchical.NodeTestTask.lambda$executeRecursively$9(NodeTestTask.java:139)
	at org.junit.platform.engine.support.hierarchical.ThrowableCollector.execute(ThrowableCollector.java:73)
	at org.junit.platform.engine.support.hierarchical.NodeTestTask.executeRecursively(NodeTestTask.java:138)
	at org.junit.platform.engine.support.hierarchical.NodeTestTask.execute(NodeTestTask.java:95)
	at java.base/java.util.ArrayList.forEach(ArrayList.java:1511)
	at org.junit.platform.engine.support.hierarchical.SameThreadHierarchicalTestExecutorService.invokeAll(SameThreadHierarchicalTestExecutorService.java:41)
	at org.junit.platform.engine.support.hierarchical.NodeTestTask.lambda$executeRecursively$6(NodeTestTask.java:155)
	at org.junit.platform.engine.support.hierarchical.ThrowableCollector.execute(ThrowableCollector.java:73)
	at org.junit.platform.engine.support.hierarchical.NodeTestTask.lambda$executeRecursively$8(NodeTestTask.java:141)
	at org.junit.platform.engine.support.hierarchical.Node.around(Node.java:137)
	at org.junit.platform.engine.support.hierarchical.NodeTestTask.lambda$executeRecursively$9(NodeTestTask.java:139)
	at org.junit.platform.engine.support.hierarchical.ThrowableCollector.execute(ThrowableCollector.java:73)
	at org.junit.platform.engine.support.hierarchical.NodeTestTask.executeRecursively(NodeTestTask.java:138)
	at org.junit.platform.engine.support.hierarchical.NodeTestTask.execute(NodeTestTask.java:95)
	at org.junit.platform.engine.support.hierarchical.SameThreadHierarchicalTestExecutorService.submit(SameThreadHierarchicalTestExecutorService.java:35)
	at org.junit.platform.engine.support.hierarchical.HierarchicalTestExecutor.execute(HierarchicalTestExecutor.java:57)
	at org.junit.platform.engine.support.hierarchical.HierarchicalTestEngine.execute(HierarchicalTestEngine.java:54)
	at org.junit.platform.launcher.core.EngineExecutionOrchestrator.execute(EngineExecutionOrchestrator.java:147)
	at org.junit.platform.launcher.core.EngineExecutionOrchestrator.execute(EngineExecutionOrchestrator.java:127)
	at org.junit.platform.launcher.core.EngineExecutionOrchestrator.execute(EngineExecutionOrchestrator.java:90)
	at org.junit.platform.launcher.core.EngineExecutionOrchestrator.lambda$execute$0(EngineExecutionOrchestrator.java:55)
	at org.junit.platform.launcher.core.EngineExecutionOrchestrator.withInterceptedStreams(EngineExecutionOrchestrator.java:102)
	at org.junit.platform.launcher.core.EngineExecutionOrchestrator.execute(EngineExecutionOrchestrator.java:54)
	at org.junit.platform.launcher.core.DefaultLauncher.execute(DefaultLauncher.java:114)
	at org.junit.platform.launcher.core.DefaultLauncher.execute(DefaultLauncher.java:86)
	at org.junit.platform.launcher.core.DefaultLauncherSession$DelegatingLauncher.execute(DefaultLauncherSession.java:86)
	at org.apache.maven.surefire.junitplatform.LazyLauncher.execute(LazyLauncher.java:50)
	at org.apache.maven.surefire.junitplatform.JUnitPlatformProvider.execute(JUnitPlatformProvider.java:184)
	at org.apache.maven.surefire.junitplatform.JUnitPlatformProvider.invokeAllTests(JUnitPlatformProvider.java:148)
	at org.apache.maven.surefire.junitplatform.JUnitPlatformProvider.invoke(JUnitPlatformProvider.java:122)
	at org.apache.maven.surefire.booter.ForkedBooter.runSuitesInProcess(ForkedBooter.java:385)
	at org.apache.maven.surefire.booter.ForkedBooter.execute(ForkedBooter.java:162)
	at org.apache.maven.surefire.booter.ForkedBooter.run(ForkedBooter.java:507)
	at org.apache.maven.surefire.booter.ForkedBooter.main(ForkedBooter.java:495)
]]></error>
  </testcase>
  <testcase name="getHttpTrafficTest" classname="Selenium_4_Tests.TestDevToolsNetworkInterception" time="2.692">
    <system-err><![CDATA[[CDP Connection] INFO Selenium_4_Tests.TestDevToolsNetworkInterception - HTTP response received: C39DA79288560CEA699118FCC528C96B
[CDP Connection] INFO Selenium_4_Tests.TestDevToolsNetworkInterception - HTTP response url: https://ecommerce-playground.lambdatest.io/
[CDP Connection] INFO Selenium_4_Tests.TestDevToolsNetworkInterception - HTTP response status: 200
[CDP Connection] INFO Selenium_4_Tests.TestDevToolsNetworkInterception - HTTP response status text: OK
[CDP Connection] INFO Selenium_4_Tests.TestDevToolsNetworkInterception - HTTP response headers: {Connection=keep-alive, Content-Encoding=gzip, Content-Type=text/html; charset=utf-8, Date=Thu, 07 Sep 2023 15:27:08 GMT, Server=nginx, Transfer-Encoding=chunked, X-Frame-Options=SAMEORIGIN}
[CDP Connection] INFO Selenium_4_Tests.TestDevToolsNetworkInterception - HTTP response protocol: Optional[http/1.1]
[CDP Connection] INFO Selenium_4_Tests.TestDevToolsNetworkInterception - HTTP response remote IP address: Optional[44.206.201.40]
[CDP Connection] INFO Selenium_4_Tests.TestDevToolsNetworkInterception - HTTP response remote port: Optional[443]
[CDP Connection] INFO Selenium_4_Tests.TestDevToolsNetworkInterception - HTTP response mime type: text/html
[CDP Connection] INFO Selenium_4_Tests.TestDevToolsNetworkInterception - HTTP response connection id: 41
[CDP Connection] INFO Selenium_4_Tests.TestDevToolsNetworkInterception - ---
[CDP Connection] INFO Selenium_4_Tests.TestDevToolsNetworkInterception - HTTP response received: 6072.4
[CDP Connection] INFO Selenium_4_Tests.TestDevToolsNetworkInterception - HTTP response url: https://ajax.googleapis.com/ajax/libs/jquery/3.6.0/jquery.min.js
[CDP Connection] INFO Selenium_4_Tests.TestDevToolsNetworkInterception - HTTP response status: 200
[CDP Connection] INFO Selenium_4_Tests.TestDevToolsNetworkInterception - HTTP response status text: 
[CDP Connection] INFO Selenium_4_Tests.TestDevToolsNetworkInterception - HTTP response headers: {date=Sat, 02 Sep 2023 19:00:41 GMT, content-encoding=gzip, x-content-type-options=nosniff, age=419187, content-security-policy-report-only=require-trusted-types-for 'script'; report-uri https://csp.withgoogle.com/csp/hosted-libraries-pushers, cross-origin-resource-policy=cross-origin, alt-svc=h3=":443"; ma=2592000,h3-29=":443"; ma=2592000, content-length=31017, x-xss-protection=0, last-modified=Wed, 10 Mar 2021 14:28:09 GMT, server=sffe, cross-origin-opener-policy=same-origin; report-to="hosted-libraries-pushers", vary=Accept-Encoding, report-to={"group":"hosted-libraries-pushers","max_age":2592000,"endpoints":[{"url":"https://csp.withgoogle.com/csp/report-to/hosted-libraries-pushers"}]}, content-type=text/javascript; charset=UTF-8, access-control-allow-origin=*, cache-control=public, max-age=31536000, stale-while-revalidate=2592000, accept-ranges=bytes, timing-allow-origin=*, expires=Sun, 01 Sep 2024 19:00:41 GMT}
[CDP Connection] INFO Selenium_4_Tests.TestDevToolsNetworkInterception - HTTP response protocol: Optional[h2]
[CDP Connection] INFO Selenium_4_Tests.TestDevToolsNetworkInterception - HTTP response remote IP address: Optional[[2800:3f0:4005:409::200a]]
[CDP Connection] INFO Selenium_4_Tests.TestDevToolsNetworkInterception - HTTP response remote port: Optional[443]
[CDP Connection] INFO Selenium_4_Tests.TestDevToolsNetworkInterception - HTTP response mime type: text/javascript
[CDP Connection] INFO Selenium_4_Tests.TestDevToolsNetworkInterception - HTTP response connection id: 80
[CDP Connection] INFO Selenium_4_Tests.TestDevToolsNetworkInterception - ---
[CDP Connection] INFO Selenium_4_Tests.TestDevToolsNetworkInterception - HTTP response received: 6072.3
[CDP Connection] INFO Selenium_4_Tests.TestDevToolsNetworkInterception - HTTP response url: https://ecommerce-playground.lambdatest.io/catalog/view/theme/mz_poco/asset/stylesheet/megastore-2.28/combine/eba62915f06ab23a214a819a0557a58b.css
[CDP Connection] INFO Selenium_4_Tests.TestDevToolsNetworkInterception - HTTP response status: 200
[CDP Connection] INFO Selenium_4_Tests.TestDevToolsNetworkInterception - HTTP response status text: OK
[CDP Connection] INFO Selenium_4_Tests.TestDevToolsNetworkInterception - HTTP response headers: {Date=Thu, 07 Sep 2023 15:27:08 GMT, Last-Modified=Wed, 18 May 2022 09:21:33 GMT, Server=nginx, ETag="6284ba9d-3d84f", Content-Type=text/css, Cache-Control=max-age=315360000, Connection=keep-alive, Accept-Ranges=bytes, Content-Length=251983, Expires=Thu, 31 Dec 2037 23:55:55 GMT}
[CDP Connection] INFO Selenium_4_Tests.TestDevToolsNetworkInterception - HTTP response protocol: Optional[http/1.1]
[CDP Connection] INFO Selenium_4_Tests.TestDevToolsNetworkInterception - HTTP response remote IP address: Optional[44.206.201.40]
[CDP Connection] INFO Selenium_4_Tests.TestDevToolsNetworkInterception - HTTP response remote port: Optional[443]
[CDP Connection] INFO Selenium_4_Tests.TestDevToolsNetworkInterception - HTTP response mime type: text/css
[CDP Connection] INFO Selenium_4_Tests.TestDevToolsNetworkInterception - HTTP response connection id: 45
[CDP Connection] INFO Selenium_4_Tests.TestDevToolsNetworkInterception - ---
[CDP Connection] INFO Selenium_4_Tests.TestDevToolsNetworkInterception - HTTP response received: 6072.2
[CDP Connection] INFO Selenium_4_Tests.TestDevToolsNetworkInterception - HTTP response url: https://unpkg.com/swiper@7.4.1/swiper-bundle.min.css
[CDP Connection] INFO Selenium_4_Tests.TestDevToolsNetworkInterception - HTTP response status: 200
[CDP Connection] INFO Selenium_4_Tests.TestDevToolsNetworkInterception - HTTP response status text: 
[CDP Connection] INFO Selenium_4_Tests.TestDevToolsNetworkInterception - HTTP response headers: {date=Thu, 07 Sep 2023 15:27:09 GMT, via=1.1 fly.io, x-content-type-options=nosniff, cf-cache-status=HIT, content-encoding=br, strict-transport-security=max-age=31536000; includeSubDomains; preload, age=19687144, last-modified=Sat, 26 Oct 1985 08:15:00 GMT, fly-request-id=01GQDCY7G0NG62XR6TF7TA6WRD-mia, server=cloudflare, etag=W/"3ccb-5Koe10fACH1gYqRziowpfORPwas", vary=Accept-Encoding, content-type=text/css; charset=utf-8, access-control-allow-origin=*, cache-control=public, max-age=31536000, cf-ray=802ff9614c4031e6-MIA}
[CDP Connection] INFO Selenium_4_Tests.TestDevToolsNetworkInterception - HTTP response protocol: Optional[h2]
[CDP Connection] INFO Selenium_4_Tests.TestDevToolsNetworkInterception - HTTP response remote IP address: Optional[[2606:4700::6810:7baf]]
[CDP Connection] INFO Selenium_4_Tests.TestDevToolsNetworkInterception - HTTP response remote port: Optional[443]
[CDP Connection] INFO Selenium_4_Tests.TestDevToolsNetworkInterception - HTTP response mime type: text/css
[CDP Connection] INFO Selenium_4_Tests.TestDevToolsNetworkInterception - HTTP response connection id: 81
[CDP Connection] INFO Selenium_4_Tests.TestDevToolsNetworkInterception - ---
[CDP Connection] INFO Selenium_4_Tests.TestDevToolsNetworkInterception - HTTP response received: 6072.569
[CDP Connection] INFO Selenium_4_Tests.TestDevToolsNetworkInterception - HTTP response url: data:image/gif;base64,R0lGODlhAQABAIAAAAAAAP///yH5BAEAAAAALAAAAAABAAEAAAIBRAA7
[CDP Connection] INFO Selenium_4_Tests.TestDevToolsNetworkInterception - HTTP response status: 200
[CDP Connection] INFO Selenium_4_Tests.TestDevToolsNetworkInterception - HTTP response status text: OK
[CDP Connection] INFO Selenium_4_Tests.TestDevToolsNetworkInterception - HTTP response headers: {Content-Type=image/gif}
[CDP Connection] INFO Selenium_4_Tests.TestDevToolsNetworkInterception - HTTP response protocol: Optional[data]
[CDP Connection] INFO Selenium_4_Tests.TestDevToolsNetworkInterception - HTTP response remote IP address: Optional.empty
[CDP Connection] INFO Selenium_4_Tests.TestDevToolsNetworkInterception - HTTP response remote port: Optional.empty
[CDP Connection] INFO Selenium_4_Tests.TestDevToolsNetworkInterception - HTTP response mime type: image/gif
[CDP Connection] INFO Selenium_4_Tests.TestDevToolsNetworkInterception - HTTP response connection id: 0
[CDP Connection] INFO Selenium_4_Tests.TestDevToolsNetworkInterception - ---
[CDP Connection] INFO Selenium_4_Tests.TestDevToolsNetworkInterception - HTTP response received: 6072.731
[CDP Connection] INFO Selenium_4_Tests.TestDevToolsNetworkInterception - HTTP response url: data:image/svg+xml,%3csvg xmlns='http://www.w3.org/2000/svg' fill='%23fff' viewBox='0 0 8 8'%3e%3cpath d='M2.75 0l-1.5 1.5 2.5 2.5-2.5 2.5 1.5 1.5 4-4-4-4z'/%3e%3c/svg%3e
[CDP Connection] INFO Selenium_4_Tests.TestDevToolsNetworkInterception - HTTP response status: 200
[CDP Connection] INFO Selenium_4_Tests.TestDevToolsNetworkInterception - HTTP response status text: OK
[CDP Connection] INFO Selenium_4_Tests.TestDevToolsNetworkInterception - HTTP response headers: {Content-Type=image/svg+xml}
[CDP Connection] INFO Selenium_4_Tests.TestDevToolsNetworkInterception - HTTP response protocol: Optional[data]
[CDP Connection] INFO Selenium_4_Tests.TestDevToolsNetworkInterception - HTTP response remote IP address: Optional.empty
[CDP Connection] INFO Selenium_4_Tests.TestDevToolsNetworkInterception - HTTP response remote port: Optional.empty
[CDP Connection] INFO Selenium_4_Tests.TestDevToolsNetworkInterception - HTTP response mime type: image/svg+xml
[CDP Connection] INFO Selenium_4_Tests.TestDevToolsNetworkInterception - HTTP response connection id: 0
[CDP Connection] INFO Selenium_4_Tests.TestDevToolsNetworkInterception - ---
[CDP Connection] INFO Selenium_4_Tests.TestDevToolsNetworkInterception - HTTP response received: 6072.730
[CDP Connection] INFO Selenium_4_Tests.TestDevToolsNetworkInterception - HTTP response url: data:image/svg+xml,%3csvg xmlns='http://www.w3.org/2000/svg' fill='%23fff' viewBox='0 0 8 8'%3e%3cpath d='M5.25 0l-4 4 4 4 1.5-1.5-2.5-2.5 2.5-2.5-1.5-1.5z'/%3e%3c/svg%3e
[CDP Connection] INFO Selenium_4_Tests.TestDevToolsNetworkInterception - HTTP response status: 200
[CDP Connection] INFO Selenium_4_Tests.TestDevToolsNetworkInterception - HTTP response status text: OK
[CDP Connection] INFO Selenium_4_Tests.TestDevToolsNetworkInterception - HTTP response headers: {Content-Type=image/svg+xml}
[CDP Connection] INFO Selenium_4_Tests.TestDevToolsNetworkInterception - HTTP response protocol: Optional[data]
[CDP Connection] INFO Selenium_4_Tests.TestDevToolsNetworkInterception - HTTP response remote IP address: Optional.empty
[CDP Connection] INFO Selenium_4_Tests.TestDevToolsNetworkInterception - HTTP response remote port: Optional.empty
[CDP Connection] INFO Selenium_4_Tests.TestDevToolsNetworkInterception - HTTP response mime type: image/svg+xml
[CDP Connection] INFO Selenium_4_Tests.TestDevToolsNetworkInterception - HTTP response connection id: 0
[CDP Connection] INFO Selenium_4_Tests.TestDevToolsNetworkInterception - ---
[CDP Connection] INFO Selenium_4_Tests.TestDevToolsNetworkInterception - HTTP response received: 6072.541
[CDP Connection] INFO Selenium_4_Tests.TestDevToolsNetworkInterception - HTTP response url: https://fonts.googleapis.com/css2?family=Nunito+Sans:wght@300;400;600;700;900&display=swap
[CDP Connection] INFO Selenium_4_Tests.TestDevToolsNetworkInterception - HTTP response status: 200
[CDP Connection] INFO Selenium_4_Tests.TestDevToolsNetworkInterception - HTTP response status text: 
[CDP Connection] INFO Selenium_4_Tests.TestDevToolsNetworkInterception - HTTP response headers: {strict-transport-security=max-age=31536000, date=Thu, 07 Sep 2023 15:27:09 GMT, content-encoding=gzip, x-content-type-options=nosniff, cross-origin-resource-policy=cross-origin, alt-svc=h3=":443"; ma=2592000,h3-29=":443"; ma=2592000, x-xss-protection=0, last-modified=Thu, 07 Sep 2023 15:27:09 GMT, server=ESF, cross-origin-opener-policy=same-origin-allow-popups, x-frame-options=SAMEORIGIN, content-type=text/css; charset=utf-8, access-control-allow-origin=*, cache-control=private, max-age=86400, stale-while-revalidate=604800, timing-allow-origin=*, link=<https://fonts.gstatic.com>; rel=preconnect; crossorigin, expires=Thu, 07 Sep 2023 15:27:09 GMT}
[CDP Connection] INFO Selenium_4_Tests.TestDevToolsNetworkInterception - HTTP response protocol: Optional[h2]
[CDP Connection] INFO Selenium_4_Tests.TestDevToolsNetworkInterception - HTTP response remote IP address: Optional[[2800:3f0:4005:40b::200a]]
[CDP Connection] INFO Selenium_4_Tests.TestDevToolsNetworkInterception - HTTP response remote port: Optional[443]
[CDP Connection] INFO Selenium_4_Tests.TestDevToolsNetworkInterception - HTTP response mime type: text/css
[CDP Connection] INFO Selenium_4_Tests.TestDevToolsNetworkInterception - HTTP response connection id: 121
[CDP Connection] INFO Selenium_4_Tests.TestDevToolsNetworkInterception - ---
[CDP Connection] INFO Selenium_4_Tests.TestDevToolsNetworkInterception - HTTP response received: 6072.6
[CDP Connection] INFO Selenium_4_Tests.TestDevToolsNetworkInterception - HTTP response url: https://ecommerce-playground.lambdatest.io/image/catalog/maza/svg/logo3.svg
[CDP Connection] INFO Selenium_4_Tests.TestDevToolsNetworkInterception - HTTP response status: 200
[CDP Connection] INFO Selenium_4_Tests.TestDevToolsNetworkInterception - HTTP response status text: OK
[CDP Connection] INFO Selenium_4_Tests.TestDevToolsNetworkInterception - HTTP response headers: {Date=Thu, 07 Sep 2023 15:27:09 GMT, Last-Modified=Tue, 15 Mar 2022 11:26:22 GMT, Server=nginx, ETag="623077de-1ca7", Content-Type=image/svg+xml, Cache-Control=max-age=315360000, Connection=keep-alive, Accept-Ranges=bytes, Content-Length=7335, Expires=Thu, 31 Dec 2037 23:55:55 GMT}
[CDP Connection] INFO Selenium_4_Tests.TestDevToolsNetworkInterception - HTTP response protocol: Optional[http/1.1]
[CDP Connection] INFO Selenium_4_Tests.TestDevToolsNetworkInterception - HTTP response remote IP address: Optional[44.206.201.40]
[CDP Connection] INFO Selenium_4_Tests.TestDevToolsNetworkInterception - HTTP response remote port: Optional[443]
[CDP Connection] INFO Selenium_4_Tests.TestDevToolsNetworkInterception - HTTP response mime type: image/svg+xml
[CDP Connection] INFO Selenium_4_Tests.TestDevToolsNetworkInterception - HTTP response connection id: 41
[CDP Connection] INFO Selenium_4_Tests.TestDevToolsNetworkInterception - ---
[CDP Connection] INFO Selenium_4_Tests.TestDevToolsNetworkInterception - HTTP response received: 6072.546
[CDP Connection] INFO Selenium_4_Tests.TestDevToolsNetworkInterception - HTTP response url: https://unpkg.com/swiper@7.4.1/swiper-bundle.min.js
[CDP Connection] INFO Selenium_4_Tests.TestDevToolsNetworkInterception - HTTP response status: 200
[CDP Connection] INFO Selenium_4_Tests.TestDevToolsNetworkInterception - HTTP response status text: 
[CDP Connection] INFO Selenium_4_Tests.TestDevToolsNetworkInterception - HTTP response headers: {date=Thu, 07 Sep 2023 15:27:09 GMT, via=1.1 fly.io, x-content-type-options=nosniff, cf-cache-status=HIT, content-encoding=br, strict-transport-security=max-age=31536000; includeSubDomains; preload, age=16492411, last-modified=Sat, 26 Oct 1985 08:15:00 GMT, fly-request-id=01FX0RK9MVXMJGHWAJ6APWQ3VD-mia, server=cloudflare, etag=W/"212e8-+9I9CUbhY1/BprAUcnI5oGYQ/d0", vary=Accept-Encoding, content-type=application/javascript; charset=utf-8, access-control-allow-origin=*, cache-control=public, max-age=31536000, cf-ray=802ff9630f8331e6-MIA}
[CDP Connection] INFO Selenium_4_Tests.TestDevToolsNetworkInterception - HTTP response protocol: Optional[h2]
[CDP Connection] INFO Selenium_4_Tests.TestDevToolsNetworkInterception - HTTP response remote IP address: Optional[[2606:4700::6810:7baf]]
[CDP Connection] INFO Selenium_4_Tests.TestDevToolsNetworkInterception - HTTP response remote port: Optional[443]
[CDP Connection] INFO Selenium_4_Tests.TestDevToolsNetworkInterception - HTTP response mime type: application/javascript
[CDP Connection] INFO Selenium_4_Tests.TestDevToolsNetworkInterception - HTTP response connection id: 81
[CDP Connection] INFO Selenium_4_Tests.TestDevToolsNetworkInterception - ---
[CDP Connection] INFO Selenium_4_Tests.TestDevToolsNetworkInterception - HTTP response received: 6072.5
[CDP Connection] INFO Selenium_4_Tests.TestDevToolsNetworkInterception - HTTP response url: https://ecommerce-playground.lambdatest.io/image/catalog/maza/svg/image2vector.svg
[CDP Connection] INFO Selenium_4_Tests.TestDevToolsNetworkInterception - HTTP response status: 200
[CDP Connection] INFO Selenium_4_Tests.TestDevToolsNetworkInterception - HTTP response status text: OK
[CDP Connection] INFO Selenium_4_Tests.TestDevToolsNetworkInterception - HTTP response headers: {Date=Thu, 07 Sep 2023 15:27:09 GMT, Last-Modified=Mon, 11 Apr 2022 17:51:08 GMT, Server=nginx, ETag="62546a8c-19cbe", Content-Type=image/svg+xml, Cache-Control=max-age=315360000, Connection=keep-alive, Accept-Ranges=bytes, Content-Length=105662, Expires=Thu, 31 Dec 2037 23:55:55 GMT}
[CDP Connection] INFO Selenium_4_Tests.TestDevToolsNetworkInterception - HTTP response protocol: Optional[http/1.1]
[CDP Connection] INFO Selenium_4_Tests.TestDevToolsNetworkInterception - HTTP response remote IP address: Optional[44.206.201.40]
[CDP Connection] INFO Selenium_4_Tests.TestDevToolsNetworkInterception - HTTP response remote port: Optional[443]
[CDP Connection] INFO Selenium_4_Tests.TestDevToolsNetworkInterception - HTTP response mime type: image/svg+xml
[CDP Connection] INFO Selenium_4_Tests.TestDevToolsNetworkInterception - HTTP response connection id: 45
[CDP Connection] INFO Selenium_4_Tests.TestDevToolsNetworkInterception - ---
[CDP Connection] INFO Selenium_4_Tests.TestDevToolsNetworkInterception - HTTP response received: 6072.732
[CDP Connection] INFO Selenium_4_Tests.TestDevToolsNetworkInterception - HTTP response url: https://ecommerce-playground.lambdatest.io/image/catalog/maza/demo/mz_poco/spinner/disk.gif
[CDP Connection] INFO Selenium_4_Tests.TestDevToolsNetworkInterception - HTTP response status: 200
[CDP Connection] INFO Selenium_4_Tests.TestDevToolsNetworkInterception - HTTP response status text: OK
[CDP Connection] INFO Selenium_4_Tests.TestDevToolsNetworkInterception - HTTP response headers: {Date=Thu, 07 Sep 2023 15:27:09 GMT, Last-Modified=Wed, 16 Mar 2022 12:27:09 GMT, Server=nginx, ETag="6231d79d-12bec", Content-Type=image/gif, Cache-Control=max-age=315360000, Connection=keep-alive, Accept-Ranges=bytes, Content-Length=76780, Expires=Thu, 31 Dec 2037 23:55:55 GMT}
[CDP Connection] INFO Selenium_4_Tests.TestDevToolsNetworkInterception - HTTP response protocol: Optional[http/1.1]
[CDP Connection] INFO Selenium_4_Tests.TestDevToolsNetworkInterception - HTTP response remote IP address: Optional[44.206.201.40]
[CDP Connection] INFO Selenium_4_Tests.TestDevToolsNetworkInterception - HTTP response remote port: Optional[443]
[CDP Connection] INFO Selenium_4_Tests.TestDevToolsNetworkInterception - HTTP response mime type: image/gif
[CDP Connection] INFO Selenium_4_Tests.TestDevToolsNetworkInterception - HTTP response connection id: 41
[CDP Connection] INFO Selenium_4_Tests.TestDevToolsNetworkInterception - ---
[CDP Connection] INFO Selenium_4_Tests.TestDevToolsNetworkInterception - HTTP response received: 6072.12
[CDP Connection] INFO Selenium_4_Tests.TestDevToolsNetworkInterception - HTTP response url: https://ecommerce-playground.lambdatest.io/image/cache/transparent-150x150.webp
[CDP Connection] INFO Selenium_4_Tests.TestDevToolsNetworkInterception - HTTP response status: 200
[CDP Connection] INFO Selenium_4_Tests.TestDevToolsNetworkInterception - HTTP response status text: OK
[CDP Connection] INFO Selenium_4_Tests.TestDevToolsNetworkInterception - HTTP response headers: {Date=Thu, 07 Sep 2023 15:27:09 GMT, Last-Modified=Wed, 18 May 2022 09:21:03 GMT, Server=nginx, ETag="6284ba7f-90", Content-Type=image/webp, Connection=keep-alive, Accept-Ranges=bytes, Content-Length=144}
[CDP Connection] INFO Selenium_4_Tests.TestDevToolsNetworkInterception - HTTP response protocol: Optional[http/1.1]
[CDP Connection] INFO Selenium_4_Tests.TestDevToolsNetworkInterception - HTTP response remote IP address: Optional[44.206.201.40]
[CDP Connection] INFO Selenium_4_Tests.TestDevToolsNetworkInterception - HTTP response remote port: Optional[443]
[CDP Connection] INFO Selenium_4_Tests.TestDevToolsNetworkInterception - HTTP response mime type: image/webp
[CDP Connection] INFO Selenium_4_Tests.TestDevToolsNetworkInterception - HTTP response connection id: 45
[CDP Connection] INFO Selenium_4_Tests.TestDevToolsNetworkInterception - ---
[CDP Connection] INFO Selenium_4_Tests.TestDevToolsNetworkInterception - HTTP response received: 6072.542
[CDP Connection] INFO Selenium_4_Tests.TestDevToolsNetworkInterception - HTTP response url: https://use.fontawesome.com/releases/v5.12.0/css/all.css
[CDP Connection] INFO Selenium_4_Tests.TestDevToolsNetworkInterception - HTTP response status: 200
[CDP Connection] INFO Selenium_4_Tests.TestDevToolsNetworkInterception - HTTP response status text: 
[CDP Connection] INFO Selenium_4_Tests.TestDevToolsNetworkInterception - HTTP response headers: {date=Thu, 07 Sep 2023 15:27:09 GMT, content-encoding=br, cf-cache-status=HIT, nel={"success_fraction":0,"report_to":"cf-nel","max_age":604800}, x-amz-request-id=PJHSYP24GZPE0ABY, age=639291, alt-svc=h3=":443"; ma=86400, x-amz-id-2=iKdrkUd0miECrZnmjVOmUmiC3fVFFnNh0VYvCvtvP3mW4izsFDGHQ1qwnUbMIy0azhL3ypYviZQ=, last-modified=Wed, 30 Jun 2021 15:37:55 GMT, server=cloudflare, etag=W/"500d1a92f875b1d96d37a3a3f8f0438c", vary=Accept-Encoding, report-to={"endpoints":[{"url":"https:\/\/a.nel.cloudflare.com\/report\/v3?s=pI0o1urMoN8pjj1TNABWmR0dzXwA1lrme31MWsTBKI31fLWk9R5H9f3pJ2hgfwyvx6nMXdW1liwH8M2p%2FMrKGe%2B9Kc2UWJiyTceYn4JewykbMIijLYIAVsyAclXTX1bopeaWemDXqA7pQJTDCIage1XL"}],"group":"cf-nel","max_age":604800}, content-type=text/css, cache-control=max-age=31556926, cf-ray=802ff963ef91da47-MIA}
[CDP Connection] INFO Selenium_4_Tests.TestDevToolsNetworkInterception - HTTP response protocol: Optional[h2]
[CDP Connection] INFO Selenium_4_Tests.TestDevToolsNetworkInterception - HTTP response remote IP address: Optional[[2606:4700:e0::ac40:660b]]
[CDP Connection] INFO Selenium_4_Tests.TestDevToolsNetworkInterception - HTTP response remote port: Optional[443]
[CDP Connection] INFO Selenium_4_Tests.TestDevToolsNetworkInterception - HTTP response mime type: text/css
[CDP Connection] INFO Selenium_4_Tests.TestDevToolsNetworkInterception - HTTP response connection id: 177
[CDP Connection] INFO Selenium_4_Tests.TestDevToolsNetworkInterception - ---
[CDP Connection] INFO Selenium_4_Tests.TestDevToolsNetworkInterception - HTTP response received: 6072.544
[CDP Connection] INFO Selenium_4_Tests.TestDevToolsNetworkInterception - HTTP response url: https://cdnjs.cloudflare.com/ajax/libs/jquery.lazy/1.7.9/jquery.lazy.min.js
[CDP Connection] INFO Selenium_4_Tests.TestDevToolsNetworkInterception - HTTP response status: 200
[CDP Connection] INFO Selenium_4_Tests.TestDevToolsNetworkInterception - HTTP response status text: 
[CDP Connection] INFO Selenium_4_Tests.TestDevToolsNetworkInterception - HTTP response headers: {date=Thu, 07 Sep 2023 15:27:09 GMT, content-encoding=br, x-content-type-options=nosniff, cf-cache-status=HIT, nel={"success_fraction":0.01,"report_to":"cf-nel","max_age":604800}, strict-transport-security=max-age=15780000, age=3563313, cross-origin-resource-policy=cross-origin, alt-svc=h3=":443"; ma=86400, content-length=2092, last-modified=Thu, 22 Jun 2023 11:06:05 GMT, server=cloudflare, cf-cdnjs-via=cfworker/r2, etag="64942b1d-82c", vary=Accept-Encoding, report-to={"endpoints":[{"url":"https:\/\/a.nel.cloudflare.com\/report\/v3?s=L7998xIvxoqnBdjJ%2BORCWHyC9%2BSEHUhQSq8JL3z7sWrSdV4EDUTb3ipUvnYofFcaq7kBvFnP7LTZailq7JDeWfwsRerGZT%2B%2F7oENFFT25S0PRqDk7d7GlMj0E7KJrvhrdJtpiwqg1lK36CxVRhNJbYqA"}],"group":"cf-nel","max_age":604800}, content-type=application/javascript; charset=utf-8, access-control-allow-origin=*, cache-control=public, max-age=30672000, accept-ranges=bytes, timing-allow-origin=*, cf-ray=802ff9641edae78c-MDE, expires=Tue, 27 Aug 2024 15:27:09 GMT}
[CDP Connection] INFO Selenium_4_Tests.TestDevToolsNetworkInterception - HTTP response protocol: Optional[h2]
[CDP Connection] INFO Selenium_4_Tests.TestDevToolsNetworkInterception - HTTP response remote IP address: Optional[[2606:4700::6811:180e]]
[CDP Connection] INFO Selenium_4_Tests.TestDevToolsNetworkInterception - HTTP response remote port: Optional[443]
[CDP Connection] INFO Selenium_4_Tests.TestDevToolsNetworkInterception - HTTP response mime type: application/javascript
[CDP Connection] INFO Selenium_4_Tests.TestDevToolsNetworkInterception - HTTP response connection id: 223
[CDP Connection] INFO Selenium_4_Tests.TestDevToolsNetworkInterception - ---
[CDP Connection] INFO Selenium_4_Tests.TestDevToolsNetworkInterception - HTTP response received: 6072.1102
[CDP Connection] INFO Selenium_4_Tests.TestDevToolsNetworkInterception - HTTP response url: https://fonts.gstatic.com/s/nunitosans/v15/pe0TMImSLYBIv1o4X1M8ce2xCx3yop4tQpF_MeTm0lfGWVpNn64CL7U8upHZIbMV51Q42ptCp7t1R-s.woff2
[CDP Connection] INFO Selenium_4_Tests.TestDevToolsNetworkInterception - HTTP response received: 6072.11
[CDP Connection] INFO Selenium_4_Tests.TestDevToolsNetworkInterception - HTTP response status: 200
[CDP Connection] INFO Selenium_4_Tests.TestDevToolsNetworkInterception - HTTP response received: 6072.545
[CDP Connection] INFO Selenium_4_Tests.TestDevToolsNetworkInterception - HTTP response status text: 
[CDP Connection] INFO Selenium_4_Tests.TestDevToolsNetworkInterception - HTTP response url: https://cdnjs.cloudflare.com/ajax/libs/jquery.lazy/1.7.9/jquery.lazy.plugins.min.js
[CDP Connection] INFO Selenium_4_Tests.TestDevToolsNetworkInterception - HTTP response url: https://ecommerce-playground.lambdatest.io/image/catalog/maza/demo/mz_poco/megastore-2/html-1.png
[CDP Connection] INFO Selenium_4_Tests.TestDevToolsNetworkInterception - HTTP response status: 200
[CDP Connection] INFO Selenium_4_Tests.TestDevToolsNetworkInterception - HTTP response status: 200
[CDP Connection] INFO Selenium_4_Tests.TestDevToolsNetworkInterception - HTTP response status text: 
[CDP Connection] INFO Selenium_4_Tests.TestDevToolsNetworkInterception - HTTP response status text: OK
[CDP Connection] INFO Selenium_4_Tests.TestDevToolsNetworkInterception - HTTP response headers: {date=Thu, 07 Sep 2023 15:27:09 GMT, content-encoding=br, x-content-type-options=nosniff, cf-cache-status=HIT, nel={"success_fraction":0.01,"report_to":"cf-nel","max_age":604800}, strict-transport-security=max-age=15780000, age=13328695, cross-origin-resource-policy=cross-origin, alt-svc=h3=":443"; ma=86400, content-length=1296, last-modified=Mon, 04 May 2020 16:11:47 GMT, server=cloudflare, cf-cdnjs-via=cfworker/kv, etag="5eb03ec3-113c", vary=Accept-Encoding, report-to={"endpoints":[{"url":"https:\/\/a.nel.cloudflare.com\/report\/v3?s=AYsmy3O4TnmqBq4KLyX1FS25cTUpgqWYexHUW28IP2mypDS1oLaGDeChiZ6Xiqm4G5ZaigQq4d0lWCTBS1DpN%2ByFNU%2B3WfVPwoz6eETgUlB1ija%2F2jpK4jQ882qQfkmbY1ps%2FJrrFJNIkEdBE2sauuce"}],"group":"cf-nel","max_age":604800}, content-type=application/javascript; charset=utf-8, access-control-allow-origin=*, cache-control=public, max-age=30672000, accept-ranges=bytes, timing-allow-origin=*, cf-ray=802ff9641edbe78c-MDE, expires=Tue, 27 Aug 2024 15:27:09 GMT}
[CDP Connection] INFO Selenium_4_Tests.TestDevToolsNetworkInterception - HTTP response headers: {Date=Thu, 07 Sep 2023 15:27:09 GMT, Last-Modified=Wed, 16 Mar 2022 12:27:09 GMT, Server=nginx, ETag="6231d79d-1fd0", Content-Type=image/png, Cache-Control=max-age=315360000, Connection=keep-alive, Accept-Ranges=bytes, Content-Length=8144, Expires=Thu, 31 Dec 2037 23:55:55 GMT}
[CDP Connection] INFO Selenium_4_Tests.TestDevToolsNetworkInterception - HTTP response protocol: Optional[h2]
[CDP Connection] INFO Selenium_4_Tests.TestDevToolsNetworkInterception - HTTP response protocol: Optional[http/1.1]
[CDP Connection] INFO Selenium_4_Tests.TestDevToolsNetworkInterception - HTTP response remote IP address: Optional[[2606:4700::6811:180e]]
[CDP Connection] INFO Selenium_4_Tests.TestDevToolsNetworkInterception - HTTP response remote IP address: Optional[44.206.201.40]
[CDP Connection] INFO Selenium_4_Tests.TestDevToolsNetworkInterception - HTTP response headers: {date=Sat, 02 Sep 2023 11:36:48 GMT, x-content-type-options=nosniff, age=445821, content-security-policy-report-only=require-trusted-types-for 'script'; report-uri https://csp.withgoogle.com/csp/apps-themes, cross-origin-resource-policy=cross-origin, alt-svc=h3=":443"; ma=2592000,h3-29=":443"; ma=2592000, content-length=31052, x-xss-protection=0, last-modified=Thu, 27 Apr 2023 00:27:41 GMT, server=sffe, cross-origin-opener-policy=same-origin; report-to="apps-themes", report-to={"group":"apps-themes","max_age":2592000,"endpoints":[{"url":"https://csp.withgoogle.com/csp/report-to/apps-themes"}]}, content-type=font/woff2, access-control-allow-origin=*, cache-control=public, max-age=31536000, accept-ranges=bytes, timing-allow-origin=*, expires=Sun, 01 Sep 2024 11:36:48 GMT}
[CDP Connection] INFO Selenium_4_Tests.TestDevToolsNetworkInterception - HTTP response remote port: Optional[443]
[CDP Connection] INFO Selenium_4_Tests.TestDevToolsNetworkInterception - HTTP response protocol: Optional[h2]
[CDP Connection] INFO Selenium_4_Tests.TestDevToolsNetworkInterception - HTTP response mime type: application/javascript
[CDP Connection] INFO Selenium_4_Tests.TestDevToolsNetworkInterception - HTTP response remote IP address: Optional[[2800:3f0:4005:401::2003]]
[CDP Connection] INFO Selenium_4_Tests.TestDevToolsNetworkInterception - HTTP response remote port: Optional[443]
[CDP Connection] INFO Selenium_4_Tests.TestDevToolsNetworkInterception - HTTP response connection id: 223
[CDP Connection] INFO Selenium_4_Tests.TestDevToolsNetworkInterception - HTTP response remote port: Optional[443]
[CDP Connection] INFO Selenium_4_Tests.TestDevToolsNetworkInterception - ---
[CDP Connection] INFO Selenium_4_Tests.TestDevToolsNetworkInterception - HTTP response mime type: font/woff2
[CDP Connection] INFO Selenium_4_Tests.TestDevToolsNetworkInterception - HTTP response connection id: 221
[CDP Connection] INFO Selenium_4_Tests.TestDevToolsNetworkInterception - HTTP response mime type: image/png
[CDP Connection] INFO Selenium_4_Tests.TestDevToolsNetworkInterception - ---
[CDP Connection] INFO Selenium_4_Tests.TestDevToolsNetworkInterception - HTTP response connection id: 166
[CDP Connection] INFO Selenium_4_Tests.TestDevToolsNetworkInterception - ---
[CDP Connection] INFO Selenium_4_Tests.TestDevToolsNetworkInterception - HTTP response received: 6072.7
[CDP Connection] INFO Selenium_4_Tests.TestDevToolsNetworkInterception - HTTP response url: https://ecommerce-playground.lambdatest.io/image/cache/catalog/maza/demo/mz_poco/megastore-2/banner/megamenu-offer-220x400.webp
[CDP Connection] INFO Selenium_4_Tests.TestDevToolsNetworkInterception - HTTP response status: 200
[CDP Connection] INFO Selenium_4_Tests.TestDevToolsNetworkInterception - HTTP response status text: OK
[CDP Connection] INFO Selenium_4_Tests.TestDevToolsNetworkInterception - HTTP response headers: {Date=Thu, 07 Sep 2023 15:27:09 GMT, Last-Modified=Wed, 18 May 2022 09:21:08 GMT, Server=nginx, ETag="6284ba84-23f2", Content-Type=image/webp, Connection=keep-alive, Accept-Ranges=bytes, Content-Length=9202}
[CDP Connection] INFO Selenium_4_Tests.TestDevToolsNetworkInterception - HTTP response protocol: Optional[http/1.1]
[CDP Connection] INFO Selenium_4_Tests.TestDevToolsNetworkInterception - HTTP response remote IP address: Optional[44.206.201.40]
[CDP Connection] INFO Selenium_4_Tests.TestDevToolsNetworkInterception - HTTP response remote port: Optional[443]
[CDP Connection] INFO Selenium_4_Tests.TestDevToolsNetworkInterception - HTTP response mime type: image/webp
[CDP Connection] INFO Selenium_4_Tests.TestDevToolsNetworkInterception - HTTP response connection id: 156
[CDP Connection] INFO Selenium_4_Tests.TestDevToolsNetworkInterception - ---
[CDP Connection] INFO Selenium_4_Tests.TestDevToolsNetworkInterception - HTTP response received: 6072.8
[CDP Connection] INFO Selenium_4_Tests.TestDevToolsNetworkInterception - HTTP response url: https://ecommerce-playground.lambdatest.io/image/cache/catalog/maza/demo/mz_poco/megastore-2/banner/main-banner-1600x500.webp
[CDP Connection] INFO Selenium_4_Tests.TestDevToolsNetworkInterception - HTTP response status: 200
[CDP Connection] INFO Selenium_4_Tests.TestDevToolsNetworkInterception - HTTP response status text: OK
[CDP Connection] INFO Selenium_4_Tests.TestDevToolsNetworkInterception - HTTP response headers: {Date=Thu, 07 Sep 2023 15:27:09 GMT, Last-Modified=Wed, 18 May 2022 09:21:01 GMT, Server=nginx, ETag="6284ba7d-7cba", Content-Type=image/webp, Connection=keep-alive, Accept-Ranges=bytes, Content-Length=31930}
[CDP Connection] INFO Selenium_4_Tests.TestDevToolsNetworkInterception - HTTP response protocol: Optional[http/1.1]
[CDP Connection] INFO Selenium_4_Tests.TestDevToolsNetworkInterception - HTTP response remote IP address: Optional[44.206.201.40]
[CDP Connection] INFO Selenium_4_Tests.TestDevToolsNetworkInterception - HTTP response remote port: Optional[443]
[CDP Connection] INFO Selenium_4_Tests.TestDevToolsNetworkInterception - HTTP response mime type: image/webp
[CDP Connection] INFO Selenium_4_Tests.TestDevToolsNetworkInterception - HTTP response connection id: 45
[CDP Connection] INFO Selenium_4_Tests.TestDevToolsNetworkInterception - ---
[CDP Connection] INFO Selenium_4_Tests.TestDevToolsNetworkInterception - HTTP response received: 6072.20
[CDP Connection] INFO Selenium_4_Tests.TestDevToolsNetworkInterception - HTTP response url: https://ecommerce-playground.lambdatest.io/image/cache/transparent-270x338.webp
[CDP Connection] INFO Selenium_4_Tests.TestDevToolsNetworkInterception - HTTP response status: 200
[CDP Connection] INFO Selenium_4_Tests.TestDevToolsNetworkInterception - HTTP response status text: OK
[CDP Connection] INFO Selenium_4_Tests.TestDevToolsNetworkInterception - HTTP response headers: {Date=Thu, 07 Sep 2023 15:27:09 GMT, Last-Modified=Wed, 18 May 2022 09:21:04 GMT, Server=nginx, ETag="6284ba80-10c", Content-Type=image/webp, Connection=keep-alive, Accept-Ranges=bytes, Content-Length=268}
[CDP Connection] INFO Selenium_4_Tests.TestDevToolsNetworkInterception - HTTP response protocol: Optional[http/1.1]
[CDP Connection] INFO Selenium_4_Tests.TestDevToolsNetworkInterception - HTTP response remote IP address: Optional[44.206.201.40]
[CDP Connection] INFO Selenium_4_Tests.TestDevToolsNetworkInterception - HTTP response remote port: Optional[443]
[CDP Connection] INFO Selenium_4_Tests.TestDevToolsNetworkInterception - HTTP response mime type: image/webp
[CDP Connection] INFO Selenium_4_Tests.TestDevToolsNetworkInterception - HTTP response connection id: 41
[CDP Connection] INFO Selenium_4_Tests.TestDevToolsNetworkInterception - ---
[CDP Connection] INFO Selenium_4_Tests.TestDevToolsNetworkInterception - HTTP response received: 6072.80
[CDP Connection] INFO Selenium_4_Tests.TestDevToolsNetworkInterception - HTTP response url: https://ecommerce-playground.lambdatest.io/image/cache/transparent-252x315.webp
[CDP Connection] INFO Selenium_4_Tests.TestDevToolsNetworkInterception - HTTP response status: 200
[CDP Connection] INFO Selenium_4_Tests.TestDevToolsNetworkInterception - HTTP response status text: OK
[CDP Connection] INFO Selenium_4_Tests.TestDevToolsNetworkInterception - HTTP response headers: {Date=Thu, 07 Sep 2023 15:27:09 GMT, Last-Modified=Wed, 18 May 2022 09:21:04 GMT, Server=nginx, ETag="6284ba80-f4", Content-Type=image/webp, Connection=keep-alive, Accept-Ranges=bytes, Content-Length=244}
[CDP Connection] INFO Selenium_4_Tests.TestDevToolsNetworkInterception - HTTP response protocol: Optional[http/1.1]
[CDP Connection] INFO Selenium_4_Tests.TestDevToolsNetworkInterception - HTTP response remote IP address: Optional[44.206.201.40]
[CDP Connection] INFO Selenium_4_Tests.TestDevToolsNetworkInterception - HTTP response remote port: Optional[443]
[CDP Connection] INFO Selenium_4_Tests.TestDevToolsNetworkInterception - HTTP response mime type: image/webp
[CDP Connection] INFO Selenium_4_Tests.TestDevToolsNetworkInterception - HTTP response connection id: 166
[CDP Connection] INFO Selenium_4_Tests.TestDevToolsNetworkInterception - ---
[CDP Connection] INFO Selenium_4_Tests.TestDevToolsNetworkInterception - HTTP response received: 6072.543
[CDP Connection] INFO Selenium_4_Tests.TestDevToolsNetworkInterception - HTTP response url: https://stackpath.bootstrapcdn.com/bootstrap/4.3.1/js/bootstrap.bundle.min.js
[CDP Connection] INFO Selenium_4_Tests.TestDevToolsNetworkInterception - HTTP response status: 200
[CDP Connection] INFO Selenium_4_Tests.TestDevToolsNetworkInterception - HTTP response status text: 
[CDP Connection] INFO Selenium_4_Tests.TestDevToolsNetworkInterception - HTTP response headers: {date=Thu, 07 Sep 2023 15:27:09 GMT, strict-transport-security=max-age=31536000; includeSubDomains; preload, x-content-type-options=nosniff, cf-cache-status=HIT, content-encoding=br, cdn-edgestorageid=625, 617, 617, age=17991209, cdn-cachedat=2021-04-13 11:45:04, cdn-pullzone=252412, cross-origin-resource-policy=cross-origin, alt-svc=h3=":443"; ma=86400, last-modified=Mon, 25 Jan 2021 22:04:08 GMT, server=cloudflare, cdn-requestpullcode=200, vary=Accept-Encoding, content-type=application/javascript; charset=utf-8, access-control-allow-origin=*, cdn-cache=HIT, cdn-uid=b1941f61-b576-4f40-80de-5677acb38f74, cache-control=public, max-age=31919000, cdn-requestid=7e3719a5bb6e9945b413dd1c7a4240d0, timing-allow-origin=*, cdn-requestcountrycode=US, cf-ray=802ff9649869da6f-MIA, cdn-requestpullsuccess=True}
[CDP Connection] INFO Selenium_4_Tests.TestDevToolsNetworkInterception - HTTP response protocol: Optional[h2]
[CDP Connection] INFO Selenium_4_Tests.TestDevToolsNetworkInterception - HTTP response remote IP address: Optional[[2606:4700::6812:acf]]
[CDP Connection] INFO Selenium_4_Tests.TestDevToolsNetworkInterception - HTTP response remote port: Optional[443]
[CDP Connection] INFO Selenium_4_Tests.TestDevToolsNetworkInterception - HTTP response mime type: application/javascript
[CDP Connection] INFO Selenium_4_Tests.TestDevToolsNetworkInterception - HTTP response connection id: 217
[CDP Connection] INFO Selenium_4_Tests.TestDevToolsNetworkInterception - ---
[CDP Connection] INFO Selenium_4_Tests.TestDevToolsNetworkInterception - HTTP response received: 6072.520
[CDP Connection] INFO Selenium_4_Tests.TestDevToolsNetworkInterception - HTTP response url: https://ecommerce-playground.lambdatest.io/image/cache/transparent-430x323.webp
[CDP Connection] INFO Selenium_4_Tests.TestDevToolsNetworkInterception - HTTP response status: 200
[CDP Connection] INFO Selenium_4_Tests.TestDevToolsNetworkInterception - HTTP response status text: OK
[CDP Connection] INFO Selenium_4_Tests.TestDevToolsNetworkInterception - HTTP response headers: {Date=Thu, 07 Sep 2023 15:27:09 GMT, Last-Modified=Wed, 18 May 2022 09:21:07 GMT, Server=nginx, ETag="6284ba83-164", Content-Type=image/webp, Connection=keep-alive, Accept-Ranges=bytes, Content-Length=356}
[CDP Connection] INFO Selenium_4_Tests.TestDevToolsNetworkInterception - HTTP response protocol: Optional[http/1.1]
[CDP Connection] INFO Selenium_4_Tests.TestDevToolsNetworkInterception - HTTP response remote IP address: Optional[44.206.201.40]
[CDP Connection] INFO Selenium_4_Tests.TestDevToolsNetworkInterception - HTTP response remote port: Optional[443]
[CDP Connection] INFO Selenium_4_Tests.TestDevToolsNetworkInterception - HTTP response mime type: image/webp
[CDP Connection] INFO Selenium_4_Tests.TestDevToolsNetworkInterception - HTTP response connection id: 156
[CDP Connection] INFO Selenium_4_Tests.TestDevToolsNetworkInterception - ---
[CDP Connection] INFO Selenium_4_Tests.TestDevToolsNetworkInterception - HTTP response received: 6072.9
[CDP Connection] INFO Selenium_4_Tests.TestDevToolsNetworkInterception - HTTP response url: https://ecommerce-playground.lambdatest.io/image/cache/catalog/maza/demo/mz_poco/megastore-2/banner/main-banner2-1600x500.webp
[CDP Connection] INFO Selenium_4_Tests.TestDevToolsNetworkInterception - HTTP response status: 200
[CDP Connection] INFO Selenium_4_Tests.TestDevToolsNetworkInterception - HTTP response status text: OK
[CDP Connection] INFO Selenium_4_Tests.TestDevToolsNetworkInterception - HTTP response headers: {Date=Thu, 07 Sep 2023 15:27:09 GMT, Last-Modified=Wed, 18 May 2022 09:21:02 GMT, Server=nginx, ETag="6284ba7e-61e8", Content-Type=image/webp, Connection=keep-alive, Accept-Ranges=bytes, Content-Length=25064}
[CDP Connection] INFO Selenium_4_Tests.TestDevToolsNetworkInterception - HTTP response protocol: Optional[http/1.1]
[CDP Connection] INFO Selenium_4_Tests.TestDevToolsNetworkInterception - HTTP response remote IP address: Optional[44.206.201.40]
[CDP Connection] INFO Selenium_4_Tests.TestDevToolsNetworkInterception - HTTP response remote port: Optional[443]
[CDP Connection] INFO Selenium_4_Tests.TestDevToolsNetworkInterception - HTTP response mime type: image/webp
[CDP Connection] INFO Selenium_4_Tests.TestDevToolsNetworkInterception - HTTP response connection id: 160
[CDP Connection] INFO Selenium_4_Tests.TestDevToolsNetworkInterception - ---
[CDP Connection] INFO Selenium_4_Tests.TestDevToolsNetworkInterception - HTTP response received: 6072.547
[CDP Connection] INFO Selenium_4_Tests.TestDevToolsNetworkInterception - HTTP response url: https://ecommerce-playground.lambdatest.io/catalog/view/theme/mz_poco/asset/javascript/megastore-2.28/combine/41357f3bec157979f342eb03831b0a9dall.js
[CDP Connection] INFO Selenium_4_Tests.TestDevToolsNetworkInterception - HTTP response status: 200
[CDP Connection] INFO Selenium_4_Tests.TestDevToolsNetworkInterception - HTTP response status text: OK
[CDP Connection] INFO Selenium_4_Tests.TestDevToolsNetworkInterception - HTTP response headers: {Date=Thu, 07 Sep 2023 15:27:09 GMT, Last-Modified=Wed, 18 May 2022 09:21:33 GMT, Server=nginx, ETag="6284ba9d-d38e", Content-Type=application/javascript, Cache-Control=max-age=315360000, Connection=keep-alive, Accept-Ranges=bytes, Content-Length=54158, Expires=Thu, 31 Dec 2037 23:55:55 GMT}
[CDP Connection] INFO Selenium_4_Tests.TestDevToolsNetworkInterception - HTTP response protocol: Optional[http/1.1]
[CDP Connection] INFO Selenium_4_Tests.TestDevToolsNetworkInterception - HTTP response remote IP address: Optional[44.206.201.40]
[CDP Connection] INFO Selenium_4_Tests.TestDevToolsNetworkInterception - HTTP response remote port: Optional[443]
[CDP Connection] INFO Selenium_4_Tests.TestDevToolsNetworkInterception - HTTP response mime type: application/javascript
[CDP Connection] INFO Selenium_4_Tests.TestDevToolsNetworkInterception - HTTP response connection id: 45
[CDP Connection] INFO Selenium_4_Tests.TestDevToolsNetworkInterception - ---
[CDP Connection] INFO Selenium_4_Tests.TestDevToolsNetworkInterception - HTTP response received: 6072.10
[CDP Connection] INFO Selenium_4_Tests.TestDevToolsNetworkInterception - HTTP response url: https://ecommerce-playground.lambdatest.io/image/cache/catalog/maza/demo/mz_poco/megastore-2/banner/main-banner3-1600x500.webp
[CDP Connection] INFO Selenium_4_Tests.TestDevToolsNetworkInterception - HTTP response status: 200
[CDP Connection] INFO Selenium_4_Tests.TestDevToolsNetworkInterception - HTTP response status text: OK
[CDP Connection] INFO Selenium_4_Tests.TestDevToolsNetworkInterception - HTTP response headers: {Date=Thu, 07 Sep 2023 15:27:09 GMT, Last-Modified=Wed, 18 May 2022 09:21:02 GMT, Server=nginx, ETag="6284ba7e-87de", Content-Type=image/webp, Connection=keep-alive, Accept-Ranges=bytes, Content-Length=34782}
[CDP Connection] INFO Selenium_4_Tests.TestDevToolsNetworkInterception - HTTP response protocol: Optional[http/1.1]
[CDP Connection] INFO Selenium_4_Tests.TestDevToolsNetworkInterception - HTTP response remote IP address: Optional[44.206.201.40]
[CDP Connection] INFO Selenium_4_Tests.TestDevToolsNetworkInterception - HTTP response remote port: Optional[443]
[CDP Connection] INFO Selenium_4_Tests.TestDevToolsNetworkInterception - HTTP response mime type: image/webp
[CDP Connection] INFO Selenium_4_Tests.TestDevToolsNetworkInterception - HTTP response connection id: 152
[CDP Connection] INFO Selenium_4_Tests.TestDevToolsNetworkInterception - ---
[CDP Connection] INFO Selenium_4_Tests.TestDevToolsNetworkInterception - HTTP response received: 6072.733
[CDP Connection] INFO Selenium_4_Tests.TestDevToolsNetworkInterception - HTTP response url: https://ecommerce-playground.lambdatest.io/image/cache/catalog/maza/demo/mz_poco/megastore-2/banner/parallex-image-1920x1080.webp
[CDP Connection] INFO Selenium_4_Tests.TestDevToolsNetworkInterception - HTTP response status: 200
[CDP Connection] INFO Selenium_4_Tests.TestDevToolsNetworkInterception - HTTP response status text: OK
[CDP Connection] INFO Selenium_4_Tests.TestDevToolsNetworkInterception - HTTP response headers: {Date=Thu, 07 Sep 2023 15:27:09 GMT, Last-Modified=Wed, 18 May 2022 09:21:03 GMT, Server=nginx, ETag="6284ba7f-5e36", Content-Type=image/webp, Connection=keep-alive, Accept-Ranges=bytes, Content-Length=24118}
[CDP Connection] INFO Selenium_4_Tests.TestDevToolsNetworkInterception - HTTP response protocol: Optional[http/1.1]
[CDP Connection] INFO Selenium_4_Tests.TestDevToolsNetworkInterception - HTTP response remote IP address: Optional[44.206.201.40]
[CDP Connection] INFO Selenium_4_Tests.TestDevToolsNetworkInterception - HTTP response remote port: Optional[443]
[CDP Connection] INFO Selenium_4_Tests.TestDevToolsNetworkInterception - HTTP response mime type: image/webp
[CDP Connection] INFO Selenium_4_Tests.TestDevToolsNetworkInterception - HTTP response connection id: 41
[CDP Connection] INFO Selenium_4_Tests.TestDevToolsNetworkInterception - ---
[CDP Connection] INFO Selenium_4_Tests.TestDevToolsNetworkInterception - HTTP response received: 6072.1134
[CDP Connection] INFO Selenium_4_Tests.TestDevToolsNetworkInterception - HTTP response url: https://use.fontawesome.com/releases/v5.12.0/webfonts/fa-solid-900.woff2
[CDP Connection] INFO Selenium_4_Tests.TestDevToolsNetworkInterception - HTTP response status: 200
[CDP Connection] INFO Selenium_4_Tests.TestDevToolsNetworkInterception - HTTP response status text: 
[CDP Connection] INFO Selenium_4_Tests.TestDevToolsNetworkInterception - HTTP response headers: {date=Thu, 07 Sep 2023 15:27:09 GMT, cf-cache-status=HIT, nel={"success_fraction":0,"report_to":"cf-nel","max_age":604800}, x-amz-request-id=EHZK4PSV82AK8AE8, age=377145, alt-svc=h3=":443"; ma=86400, content-length=76084, x-amz-id-2=jRVHQ638DmP5FGizIlRuC5aJYzvlXV2VTNbGpiLqmEF8dVBXLoPOlPpNAMilDx7FEr9T7CntcnI=, last-modified=Wed, 30 Jun 2021 15:38:16 GMT, server=cloudflare, etag="f6121be597a72928f54e7ab5b95512a1", access-control-max-age=3000, access-control-allow-methods=GET, content-type=font/woff2, access-control-allow-origin=*, report-to={"endpoints":[{"url":"https:\/\/a.nel.cloudflare.com\/report\/v3?s=td14sSOvkXt6SBeuVcmu1n2BJFE9L3wlA0JGO%2FfYLRxtZSy6JZmRJKwz1X%2FmYKgISROV%2FooXoHVB7bucXi4Rd0fmfyQtMigMCO%2BRK%2BcvwXnMWRJthVCOnINJFJePIOC%2B%2BvwykAjnZ%2BeEd3NwrYhIwUZW"}],"group":"cf-nel","max_age":604800}, vary=Origin, Access-Control-Request-Headers, Access-Control-Request-Method, Accept-Encoding, cache-control=max-age=31556926, accept-ranges=bytes, cf-ray=802ff9659aefda9b-MIA}
[CDP Connection] INFO Selenium_4_Tests.TestDevToolsNetworkInterception - HTTP response protocol: Optional[h2]
[CDP Connection] INFO Selenium_4_Tests.TestDevToolsNetworkInterception - HTTP response remote IP address: Optional[[2606:4700:e0::ac40:660b]]
[CDP Connection] INFO Selenium_4_Tests.TestDevToolsNetworkInterception - HTTP response remote port: Optional[443]
[CDP Connection] INFO Selenium_4_Tests.TestDevToolsNetworkInterception - HTTP response mime type: font/woff2
[CDP Connection] INFO Selenium_4_Tests.TestDevToolsNetworkInterception - HTTP response connection id: 262
[CDP Connection] INFO Selenium_4_Tests.TestDevToolsNetworkInterception - ---
]]></system-err>
  </testcase>
  <testcase name="networkFetchTracking" classname="Selenium_4_Tests.TestDevToolsNetworkInterception" time="1.158"/>
  <testcase name="interceptNetworkRequests" classname="Selenium_4_Tests.TestDevToolsNetworkInterception" time="1.165"/>
</testsuite>