<?xml version="1.0" encoding="UTF-8"?>
<testsuite xmlns:xsi="http://www.w3.org/2001/XMLSchema-instance" xsi:noNamespaceSchemaLocation="https://maven.apache.org/surefire/maven-surefire-plugin/xsd/surefire-test-report-3.0.xsd" version="3.0" name="Selenium_4_Tests.TestDevToolsPerformance" time="4.865" tests="2" errors="0" skipped="0" failures="0">
  <properties>
    <property name="java.specification.version" value="17"/>
    <property name="sun.cpu.isalist" value="amd64"/>
    <property name="sun.jnu.encoding" value="Cp1252"/>
    <property name="java.class.path" value="C:\Douglas\Automation\Proyectos\Selenium\Pumpkins\Four Project\carbonfour-selenium-4\target\test-classes;C:\Douglas\Automation\Proyectos\Selenium\Pumpkins\Four Project\carbonfour-selenium-4\target\classes;C:\Users\dougl\.m2\repository\org\seleniumhq\selenium\selenium-java\4.13.0\selenium-java-4.13.0.jar;C:\Users\dougl\.m2\repository\org\seleniumhq\selenium\selenium-api\4.13.0\selenium-api-4.13.0.jar;C:\Users\dougl\.m2\repository\org\seleniumhq\selenium\selenium-chrome-driver\4.13.0\selenium-chrome-driver-4.13.0.jar;C:\Users\dougl\.m2\repository\com\google\auto\service\auto-service-annotations\1.1.1\auto-service-annotations-1.1.1.jar;C:\Users\dougl\.m2\repository\com\google\guava\guava\32.1.2-jre\guava-32.1.2-jre.jar;C:\Users\dougl\.m2\repository\com\google\guava\failureaccess\1.0.1\failureaccess-1.0.1.jar;C:\Users\dougl\.m2\repository\com\google\guava\listenablefuture\9999.0-empty-to-avoid-conflict-with-guava\listenablefuture-9999.0-empty-to-avoid-conflict-with-guava.jar;C:\Users\dougl\.m2\repository\com\google\code\findbugs\jsr305\3.0.2\jsr305-3.0.2.jar;C:\Users\dougl\.m2\repository\org\checkerframework\checker-qual\3.33.0\checker-qual-3.33.0.jar;C:\Users\dougl\.m2\repository\com\google\errorprone\error_prone_annotations\2.18.0\error_prone_annotations-2.18.0.jar;C:\Users\dougl\.m2\repository\com\google\j2objc\j2objc-annotations\2.8\j2objc-annotations-2.8.jar;C:\Users\dougl\.m2\repository\org\seleniumhq\selenium\selenium-chromium-driver\4.13.0\selenium-chromium-driver-4.13.0.jar;C:\Users\dougl\.m2\repository\org\seleniumhq\selenium\selenium-json\4.13.0\selenium-json-4.13.0.jar;C:\Users\dougl\.m2\repository\org\seleniumhq\selenium\selenium-manager\4.13.0\selenium-manager-4.13.0.jar;C:\Users\dougl\.m2\repository\org\seleniumhq\selenium\selenium-devtools-v115\4.13.0\selenium-devtools-v115-4.13.0.jar;C:\Users\dougl\.m2\repository\org\seleniumhq\selenium\selenium-devtools-v116\4.13.0\selenium-devtools-v116-4.13.0.jar;C:\Users\dougl\.m2\repository\org\seleniumhq\selenium\selenium-devtools-v117\4.13.0\selenium-devtools-v117-4.13.0.jar;C:\Users\dougl\.m2\repository\org\seleniumhq\selenium\selenium-devtools-v85\4.13.0\selenium-devtools-v85-4.13.0.jar;C:\Users\dougl\.m2\repository\org\seleniumhq\selenium\selenium-edge-driver\4.13.0\selenium-edge-driver-4.13.0.jar;C:\Users\dougl\.m2\repository\org\seleniumhq\selenium\selenium-firefox-driver\4.13.0\selenium-firefox-driver-4.13.0.jar;C:\Users\dougl\.m2\repository\org\seleniumhq\selenium\selenium-http\4.13.0\selenium-http-4.13.0.jar;C:\Users\dougl\.m2\repository\dev\failsafe\failsafe\3.3.2\failsafe-3.3.2.jar;C:\Users\dougl\.m2\repository\org\seleniumhq\selenium\selenium-ie-driver\4.13.0\selenium-ie-driver-4.13.0.jar;C:\Users\dougl\.m2\repository\org\seleniumhq\selenium\selenium-remote-driver\4.13.0\selenium-remote-driver-4.13.0.jar;C:\Users\dougl\.m2\repository\io\netty\netty-buffer\4.1.96.Final\netty-buffer-4.1.96.Final.jar;C:\Users\dougl\.m2\repository\io\netty\netty-codec-http\4.1.96.Final\netty-codec-http-4.1.96.Final.jar;C:\Users\dougl\.m2\repository\io\netty\netty-codec\4.1.96.Final\netty-codec-4.1.96.Final.jar;C:\Users\dougl\.m2\repository\io\netty\netty-handler\4.1.96.Final\netty-handler-4.1.96.Final.jar;C:\Users\dougl\.m2\repository\io\netty\netty-common\4.1.96.Final\netty-common-4.1.96.Final.jar;C:\Users\dougl\.m2\repository\io\netty\netty-transport-classes-epoll\4.1.96.Final\netty-transport-classes-epoll-4.1.96.Final.jar;C:\Users\dougl\.m2\repository\io\netty\netty-transport-classes-kqueue\4.1.96.Final\netty-transport-classes-kqueue-4.1.96.Final.jar;C:\Users\dougl\.m2\repository\io\netty\netty-transport-native-epoll\4.1.96.Final\netty-transport-native-epoll-4.1.96.Final.jar;C:\Users\dougl\.m2\repository\io\netty\netty-transport-native-kqueue\4.1.96.Final\netty-transport-native-kqueue-4.1.96.Final.jar;C:\Users\dougl\.m2\repository\io\netty\netty-transport-native-unix-common\4.1.96.Final\netty-transport-native-unix-common-4.1.96.Final.jar;C:\Users\dougl\.m2\repository\io\netty\netty-transport\4.1.96.Final\netty-transport-4.1.96.Final.jar;C:\Users\dougl\.m2\repository\io\netty\netty-resolver\4.1.96.Final\netty-resolver-4.1.96.Final.jar;C:\Users\dougl\.m2\repository\io\opentelemetry\opentelemetry-api\1.28.0\opentelemetry-api-1.28.0.jar;C:\Users\dougl\.m2\repository\io\opentelemetry\opentelemetry-context\1.28.0\opentelemetry-context-1.28.0.jar;C:\Users\dougl\.m2\repository\io\opentelemetry\opentelemetry-exporter-logging\1.28.0\opentelemetry-exporter-logging-1.28.0.jar;C:\Users\dougl\.m2\repository\io\opentelemetry\opentelemetry-sdk-metrics\1.28.0\opentelemetry-sdk-metrics-1.28.0.jar;C:\Users\dougl\.m2\repository\io\opentelemetry\opentelemetry-extension-incubator\1.28.0-alpha\opentelemetry-extension-incubator-1.28.0-alpha.jar;C:\Users\dougl\.m2\repository\io\opentelemetry\opentelemetry-sdk-logs\1.28.0\opentelemetry-sdk-logs-1.28.0.jar;C:\Users\dougl\.m2\repository\io\opentelemetry\opentelemetry-sdk-common\1.28.0\opentelemetry-sdk-common-1.28.0.jar;C:\Users\dougl\.m2\repository\io\opentelemetry\opentelemetry-sdk-extension-autoconfigure-spi\1.28.0\opentelemetry-sdk-extension-autoconfigure-spi-1.28.0.jar;C:\Users\dougl\.m2\repository\io\opentelemetry\opentelemetry-sdk-extension-autoconfigure\1.28.0\opentelemetry-sdk-extension-autoconfigure-1.28.0.jar;C:\Users\dougl\.m2\repository\io\opentelemetry\opentelemetry-api-events\1.28.0-alpha\opentelemetry-api-events-1.28.0-alpha.jar;C:\Users\dougl\.m2\repository\io\opentelemetry\opentelemetry-sdk-trace\1.28.0\opentelemetry-sdk-trace-1.28.0.jar;C:\Users\dougl\.m2\repository\io\opentelemetry\opentelemetry-sdk\1.28.0\opentelemetry-sdk-1.28.0.jar;C:\Users\dougl\.m2\repository\io\opentelemetry\opentelemetry-semconv\1.28.0-alpha\opentelemetry-semconv-1.28.0-alpha.jar;C:\Users\dougl\.m2\repository\org\asynchttpclient\async-http-client\2.12.3\async-http-client-2.12.3.jar;C:\Users\dougl\.m2\repository\org\asynchttpclient\async-http-client-netty-utils\2.12.3\async-http-client-netty-utils-2.12.3.jar;C:\Users\dougl\.m2\repository\io\netty\netty-codec-socks\4.1.60.Final\netty-codec-socks-4.1.60.Final.jar;C:\Users\dougl\.m2\repository\io\netty\netty-handler-proxy\4.1.60.Final\netty-handler-proxy-4.1.60.Final.jar;C:\Users\dougl\.m2\repository\io\netty\netty-transport-native-epoll\4.1.60.Final\netty-transport-native-epoll-4.1.60.Final-linux-x86_64.jar;C:\Users\dougl\.m2\repository\io\netty\netty-transport-native-kqueue\4.1.60.Final\netty-transport-native-kqueue-4.1.60.Final-osx-x86_64.jar;C:\Users\dougl\.m2\repository\org\reactivestreams\reactive-streams\1.0.3\reactive-streams-1.0.3.jar;C:\Users\dougl\.m2\repository\com\typesafe\netty\netty-reactive-streams\2.0.4\netty-reactive-streams-2.0.4.jar;C:\Users\dougl\.m2\repository\com\sun\activation\jakarta.activation\1.2.2\jakarta.activation-1.2.2.jar;C:\Users\dougl\.m2\repository\org\seleniumhq\selenium\selenium-os\4.13.0\selenium-os-4.13.0.jar;C:\Users\dougl\.m2\repository\org\apache\commons\commons-exec\1.3\commons-exec-1.3.jar;C:\Users\dougl\.m2\repository\org\seleniumhq\selenium\selenium-safari-driver\4.13.0\selenium-safari-driver-4.13.0.jar;C:\Users\dougl\.m2\repository\org\seleniumhq\selenium\selenium-support\4.13.0\selenium-support-4.13.0.jar;C:\Users\dougl\.m2\repository\org\assertj\assertj-core\3.24.2\assertj-core-3.24.2.jar;C:\Users\dougl\.m2\repository\net\bytebuddy\byte-buddy\1.12.21\byte-buddy-1.12.21.jar;C:\Users\dougl\.m2\repository\org\projectlombok\lombok\1.18.30\lombok-1.18.30.jar;C:\Users\dougl\.m2\repository\org\slf4j\slf4j-simple\2.0.9\slf4j-simple-2.0.9.jar;C:\Users\dougl\.m2\repository\org\slf4j\slf4j-api\2.0.9\slf4j-api-2.0.9.jar;C:\Users\dougl\.m2\repository\com\github\javafaker\javafaker\1.0.2\javafaker-1.0.2.jar;C:\Users\dougl\.m2\repository\org\apache\commons\commons-lang3\3.5\commons-lang3-3.5.jar;C:\Users\dougl\.m2\repository\org\yaml\snakeyaml\1.23\snakeyaml-1.23-android.jar;C:\Users\dougl\.m2\repository\com\github\mifmif\generex\1.0.2\generex-1.0.2.jar;C:\Users\dougl\.m2\repository\dk\brics\automaton\automaton\1.11-8\automaton-1.11-8.jar;C:\Users\dougl\.m2\repository\com\deque\html\axe-core\selenium\4.7.0\selenium-4.7.0.jar;C:\Users\dougl\.m2\repository\commons-io\commons-io\2.11.0\commons-io-2.11.0.jar;C:\Users\dougl\.m2\repository\io\github\bonigarcia\webdrivermanager\5.3.1\webdrivermanager-5.3.1.jar;C:\Users\dougl\.m2\repository\com\google\code\gson\gson\2.10\gson-2.10.jar;C:\Users\dougl\.m2\repository\com\github\docker-java\docker-java\3.2.13\docker-java-3.2.13.jar;C:\Users\dougl\.m2\repository\com\github\docker-java\docker-java-core\3.2.13\docker-java-core-3.2.13.jar;C:\Users\dougl\.m2\repository\com\github\docker-java\docker-java-api\3.2.13\docker-java-api-3.2.13.jar;C:\Users\dougl\.m2\repository\org\apache\commons\commons-compress\1.21\commons-compress-1.21.jar;C:\Users\dougl\.m2\repository\org\bouncycastle\bcpkix-jdk15on\1.64\bcpkix-jdk15on-1.64.jar;C:\Users\dougl\.m2\repository\org\bouncycastle\bcprov-jdk15on\1.64\bcprov-jdk15on-1.64.jar;C:\Users\dougl\.m2\repository\org\slf4j\jcl-over-slf4j\1.7.30\jcl-over-slf4j-1.7.30.jar;C:\Users\dougl\.m2\repository\com\github\docker-java\docker-java-transport-httpclient5\3.2.13\docker-java-transport-httpclient5-3.2.13.jar;C:\Users\dougl\.m2\repository\com\github\docker-java\docker-java-transport\3.2.13\docker-java-transport-3.2.13.jar;C:\Users\dougl\.m2\repository\net\java\dev\jna\jna\5.8.0\jna-5.8.0.jar;C:\Users\dougl\.m2\repository\org\brotli\dec\0.1.2\dec-0.1.2.jar;C:\Users\dougl\.m2\repository\org\apache\httpcomponents\client5\httpclient5\5.1.3\httpclient5-5.1.3.jar;C:\Users\dougl\.m2\repository\org\apache\httpcomponents\core5\httpcore5\5.1.3\httpcore5-5.1.3.jar;C:\Users\dougl\.m2\repository\org\apache\httpcomponents\core5\httpcore5-h2\5.1.3\httpcore5-h2-5.1.3.jar;C:\Users\dougl\.m2\repository\commons-codec\commons-codec\1.15\commons-codec-1.15.jar;C:\Users\dougl\.m2\repository\com\deque\html\axe-core\dequeutilites\4.7.0\dequeutilites-4.7.0.jar;C:\Users\dougl\.m2\repository\io\qameta\allure\allure-junit5\2.24.0\allure-junit5-2.24.0.jar;C:\Users\dougl\.m2\repository\io\qameta\allure\allure-junit-platform\2.24.0\allure-junit-platform-2.24.0.jar;C:\Users\dougl\.m2\repository\io\qameta\allure\allure-java-commons\2.24.0\allure-java-commons-2.24.0.jar;C:\Users\dougl\.m2\repository\io\qameta\allure\allure-model\2.24.0\allure-model-2.24.0.jar;C:\Users\dougl\.m2\repository\io\qameta\allure\allure-test-filter\2.24.0\allure-test-filter-2.24.0.jar;C:\Users\dougl\.m2\repository\org\junit\platform\junit-platform-launcher\1.9.2\junit-platform-launcher-1.9.2.jar;C:\Users\dougl\.m2\repository\com\fasterxml\jackson\core\jackson-databind\2.15.2\jackson-databind-2.15.2.jar;C:\Users\dougl\.m2\repository\com\fasterxml\jackson\core\jackson-annotations\2.15.2\jackson-annotations-2.15.2.jar;C:\Users\dougl\.m2\repository\com\fasterxml\jackson\core\jackson-core\2.15.2\jackson-core-2.15.2.jar;C:\Users\dougl\.m2\repository\org\junit\jupiter\junit-jupiter-api\5.10.0\junit-jupiter-api-5.10.0.jar;C:\Users\dougl\.m2\repository\org\opentest4j\opentest4j\1.3.0\opentest4j-1.3.0.jar;C:\Users\dougl\.m2\repository\org\junit\platform\junit-platform-commons\1.10.0\junit-platform-commons-1.10.0.jar;C:\Users\dougl\.m2\repository\org\apiguardian\apiguardian-api\1.1.2\apiguardian-api-1.1.2.jar;C:\Users\dougl\.m2\repository\org\junit\jupiter\junit-jupiter-engine\5.10.0\junit-jupiter-engine-5.10.0.jar;C:\Users\dougl\.m2\repository\org\junit\platform\junit-platform-engine\1.10.0\junit-platform-engine-1.10.0.jar;C:\Users\dougl\.m2\repository\org\junit\jupiter\junit-jupiter-params\5.10.0\junit-jupiter-params-5.10.0.jar;"/>
    <property name="java.vm.vendor" value="Amazon.com Inc."/>
    <property name="sun.arch.data.model" value="64"/>
    <property name="user.variant" value=""/>
    <property name="java.vendor.url" value="https://aws.amazon.com/corretto/"/>
    <property name="user.timezone" value="America/Bogota"/>
    <property name="os.name" value="Windows 11"/>
    <property name="java.vm.specification.version" value="17"/>
    <property name="sun.java.launcher" value="SUN_STANDARD"/>
    <property name="user.country" value="CO"/>
    <property name="sun.boot.library.path" value="C:\Program Files\Amazon Corretto\jdk17.0.8_8\bin"/>
    <property name="sun.java.command" value="C:\Users\dougl\AppData\Local\Temp\surefire16821234706680933842\surefirebooter-20230926113047213_3.jar C:\Users\dougl\AppData\Local\Temp\surefire16821234706680933842 2023-09-26T11-30-46_944-jvmRun1 surefire-20230926113047213_1tmp surefire_0-20230926113047213_2tmp"/>
    <property name="jdk.debug" value="release"/>
    <property name="surefire.test.class.path" value="C:\Douglas\Automation\Proyectos\Selenium\Pumpkins\Four Project\carbonfour-selenium-4\target\test-classes;C:\Douglas\Automation\Proyectos\Selenium\Pumpkins\Four Project\carbonfour-selenium-4\target\classes;C:\Users\dougl\.m2\repository\org\seleniumhq\selenium\selenium-java\4.13.0\selenium-java-4.13.0.jar;C:\Users\dougl\.m2\repository\org\seleniumhq\selenium\selenium-api\4.13.0\selenium-api-4.13.0.jar;C:\Users\dougl\.m2\repository\org\seleniumhq\selenium\selenium-chrome-driver\4.13.0\selenium-chrome-driver-4.13.0.jar;C:\Users\dougl\.m2\repository\com\google\auto\service\auto-service-annotations\1.1.1\auto-service-annotations-1.1.1.jar;C:\Users\dougl\.m2\repository\com\google\guava\guava\32.1.2-jre\guava-32.1.2-jre.jar;C:\Users\dougl\.m2\repository\com\google\guava\failureaccess\1.0.1\failureaccess-1.0.1.jar;C:\Users\dougl\.m2\repository\com\google\guava\listenablefuture\9999.0-empty-to-avoid-conflict-with-guava\listenablefuture-9999.0-empty-to-avoid-conflict-with-guava.jar;C:\Users\dougl\.m2\repository\com\google\code\findbugs\jsr305\3.0.2\jsr305-3.0.2.jar;C:\Users\dougl\.m2\repository\org\checkerframework\checker-qual\3.33.0\checker-qual-3.33.0.jar;C:\Users\dougl\.m2\repository\com\google\errorprone\error_prone_annotations\2.18.0\error_prone_annotations-2.18.0.jar;C:\Users\dougl\.m2\repository\com\google\j2objc\j2objc-annotations\2.8\j2objc-annotations-2.8.jar;C:\Users\dougl\.m2\repository\org\seleniumhq\selenium\selenium-chromium-driver\4.13.0\selenium-chromium-driver-4.13.0.jar;C:\Users\dougl\.m2\repository\org\seleniumhq\selenium\selenium-json\4.13.0\selenium-json-4.13.0.jar;C:\Users\dougl\.m2\repository\org\seleniumhq\selenium\selenium-manager\4.13.0\selenium-manager-4.13.0.jar;C:\Users\dougl\.m2\repository\org\seleniumhq\selenium\selenium-devtools-v115\4.13.0\selenium-devtools-v115-4.13.0.jar;C:\Users\dougl\.m2\repository\org\seleniumhq\selenium\selenium-devtools-v116\4.13.0\selenium-devtools-v116-4.13.0.jar;C:\Users\dougl\.m2\repository\org\seleniumhq\selenium\selenium-devtools-v117\4.13.0\selenium-devtools-v117-4.13.0.jar;C:\Users\dougl\.m2\repository\org\seleniumhq\selenium\selenium-devtools-v85\4.13.0\selenium-devtools-v85-4.13.0.jar;C:\Users\dougl\.m2\repository\org\seleniumhq\selenium\selenium-edge-driver\4.13.0\selenium-edge-driver-4.13.0.jar;C:\Users\dougl\.m2\repository\org\seleniumhq\selenium\selenium-firefox-driver\4.13.0\selenium-firefox-driver-4.13.0.jar;C:\Users\dougl\.m2\repository\org\seleniumhq\selenium\selenium-http\4.13.0\selenium-http-4.13.0.jar;C:\Users\dougl\.m2\repository\dev\failsafe\failsafe\3.3.2\failsafe-3.3.2.jar;C:\Users\dougl\.m2\repository\org\seleniumhq\selenium\selenium-ie-driver\4.13.0\selenium-ie-driver-4.13.0.jar;C:\Users\dougl\.m2\repository\org\seleniumhq\selenium\selenium-remote-driver\4.13.0\selenium-remote-driver-4.13.0.jar;C:\Users\dougl\.m2\repository\io\netty\netty-buffer\4.1.96.Final\netty-buffer-4.1.96.Final.jar;C:\Users\dougl\.m2\repository\io\netty\netty-codec-http\4.1.96.Final\netty-codec-http-4.1.96.Final.jar;C:\Users\dougl\.m2\repository\io\netty\netty-codec\4.1.96.Final\netty-codec-4.1.96.Final.jar;C:\Users\dougl\.m2\repository\io\netty\netty-handler\4.1.96.Final\netty-handler-4.1.96.Final.jar;C:\Users\dougl\.m2\repository\io\netty\netty-common\4.1.96.Final\netty-common-4.1.96.Final.jar;C:\Users\dougl\.m2\repository\io\netty\netty-transport-classes-epoll\4.1.96.Final\netty-transport-classes-epoll-4.1.96.Final.jar;C:\Users\dougl\.m2\repository\io\netty\netty-transport-classes-kqueue\4.1.96.Final\netty-transport-classes-kqueue-4.1.96.Final.jar;C:\Users\dougl\.m2\repository\io\netty\netty-transport-native-epoll\4.1.96.Final\netty-transport-native-epoll-4.1.96.Final.jar;C:\Users\dougl\.m2\repository\io\netty\netty-transport-native-kqueue\4.1.96.Final\netty-transport-native-kqueue-4.1.96.Final.jar;C:\Users\dougl\.m2\repository\io\netty\netty-transport-native-unix-common\4.1.96.Final\netty-transport-native-unix-common-4.1.96.Final.jar;C:\Users\dougl\.m2\repository\io\netty\netty-transport\4.1.96.Final\netty-transport-4.1.96.Final.jar;C:\Users\dougl\.m2\repository\io\netty\netty-resolver\4.1.96.Final\netty-resolver-4.1.96.Final.jar;C:\Users\dougl\.m2\repository\io\opentelemetry\opentelemetry-api\1.28.0\opentelemetry-api-1.28.0.jar;C:\Users\dougl\.m2\repository\io\opentelemetry\opentelemetry-context\1.28.0\opentelemetry-context-1.28.0.jar;C:\Users\dougl\.m2\repository\io\opentelemetry\opentelemetry-exporter-logging\1.28.0\opentelemetry-exporter-logging-1.28.0.jar;C:\Users\dougl\.m2\repository\io\opentelemetry\opentelemetry-sdk-metrics\1.28.0\opentelemetry-sdk-metrics-1.28.0.jar;C:\Users\dougl\.m2\repository\io\opentelemetry\opentelemetry-extension-incubator\1.28.0-alpha\opentelemetry-extension-incubator-1.28.0-alpha.jar;C:\Users\dougl\.m2\repository\io\opentelemetry\opentelemetry-sdk-logs\1.28.0\opentelemetry-sdk-logs-1.28.0.jar;C:\Users\dougl\.m2\repository\io\opentelemetry\opentelemetry-sdk-common\1.28.0\opentelemetry-sdk-common-1.28.0.jar;C:\Users\dougl\.m2\repository\io\opentelemetry\opentelemetry-sdk-extension-autoconfigure-spi\1.28.0\opentelemetry-sdk-extension-autoconfigure-spi-1.28.0.jar;C:\Users\dougl\.m2\repository\io\opentelemetry\opentelemetry-sdk-extension-autoconfigure\1.28.0\opentelemetry-sdk-extension-autoconfigure-1.28.0.jar;C:\Users\dougl\.m2\repository\io\opentelemetry\opentelemetry-api-events\1.28.0-alpha\opentelemetry-api-events-1.28.0-alpha.jar;C:\Users\dougl\.m2\repository\io\opentelemetry\opentelemetry-sdk-trace\1.28.0\opentelemetry-sdk-trace-1.28.0.jar;C:\Users\dougl\.m2\repository\io\opentelemetry\opentelemetry-sdk\1.28.0\opentelemetry-sdk-1.28.0.jar;C:\Users\dougl\.m2\repository\io\opentelemetry\opentelemetry-semconv\1.28.0-alpha\opentelemetry-semconv-1.28.0-alpha.jar;C:\Users\dougl\.m2\repository\org\asynchttpclient\async-http-client\2.12.3\async-http-client-2.12.3.jar;C:\Users\dougl\.m2\repository\org\asynchttpclient\async-http-client-netty-utils\2.12.3\async-http-client-netty-utils-2.12.3.jar;C:\Users\dougl\.m2\repository\io\netty\netty-codec-socks\4.1.60.Final\netty-codec-socks-4.1.60.Final.jar;C:\Users\dougl\.m2\repository\io\netty\netty-handler-proxy\4.1.60.Final\netty-handler-proxy-4.1.60.Final.jar;C:\Users\dougl\.m2\repository\io\netty\netty-transport-native-epoll\4.1.60.Final\netty-transport-native-epoll-4.1.60.Final-linux-x86_64.jar;C:\Users\dougl\.m2\repository\io\netty\netty-transport-native-kqueue\4.1.60.Final\netty-transport-native-kqueue-4.1.60.Final-osx-x86_64.jar;C:\Users\dougl\.m2\repository\org\reactivestreams\reactive-streams\1.0.3\reactive-streams-1.0.3.jar;C:\Users\dougl\.m2\repository\com\typesafe\netty\netty-reactive-streams\2.0.4\netty-reactive-streams-2.0.4.jar;C:\Users\dougl\.m2\repository\com\sun\activation\jakarta.activation\1.2.2\jakarta.activation-1.2.2.jar;C:\Users\dougl\.m2\repository\org\seleniumhq\selenium\selenium-os\4.13.0\selenium-os-4.13.0.jar;C:\Users\dougl\.m2\repository\org\apache\commons\commons-exec\1.3\commons-exec-1.3.jar;C:\Users\dougl\.m2\repository\org\seleniumhq\selenium\selenium-safari-driver\4.13.0\selenium-safari-driver-4.13.0.jar;C:\Users\dougl\.m2\repository\org\seleniumhq\selenium\selenium-support\4.13.0\selenium-support-4.13.0.jar;C:\Users\dougl\.m2\repository\org\assertj\assertj-core\3.24.2\assertj-core-3.24.2.jar;C:\Users\dougl\.m2\repository\net\bytebuddy\byte-buddy\1.12.21\byte-buddy-1.12.21.jar;C:\Users\dougl\.m2\repository\org\projectlombok\lombok\1.18.30\lombok-1.18.30.jar;C:\Users\dougl\.m2\repository\org\slf4j\slf4j-simple\2.0.9\slf4j-simple-2.0.9.jar;C:\Users\dougl\.m2\repository\org\slf4j\slf4j-api\2.0.9\slf4j-api-2.0.9.jar;C:\Users\dougl\.m2\repository\com\github\javafaker\javafaker\1.0.2\javafaker-1.0.2.jar;C:\Users\dougl\.m2\repository\org\apache\commons\commons-lang3\3.5\commons-lang3-3.5.jar;C:\Users\dougl\.m2\repository\org\yaml\snakeyaml\1.23\snakeyaml-1.23-android.jar;C:\Users\dougl\.m2\repository\com\github\mifmif\generex\1.0.2\generex-1.0.2.jar;C:\Users\dougl\.m2\repository\dk\brics\automaton\automaton\1.11-8\automaton-1.11-8.jar;C:\Users\dougl\.m2\repository\com\deque\html\axe-core\selenium\4.7.0\selenium-4.7.0.jar;C:\Users\dougl\.m2\repository\commons-io\commons-io\2.11.0\commons-io-2.11.0.jar;C:\Users\dougl\.m2\repository\io\github\bonigarcia\webdrivermanager\5.3.1\webdrivermanager-5.3.1.jar;C:\Users\dougl\.m2\repository\com\google\code\gson\gson\2.10\gson-2.10.jar;C:\Users\dougl\.m2\repository\com\github\docker-java\docker-java\3.2.13\docker-java-3.2.13.jar;C:\Users\dougl\.m2\repository\com\github\docker-java\docker-java-core\3.2.13\docker-java-core-3.2.13.jar;C:\Users\dougl\.m2\repository\com\github\docker-java\docker-java-api\3.2.13\docker-java-api-3.2.13.jar;C:\Users\dougl\.m2\repository\org\apache\commons\commons-compress\1.21\commons-compress-1.21.jar;C:\Users\dougl\.m2\repository\org\bouncycastle\bcpkix-jdk15on\1.64\bcpkix-jdk15on-1.64.jar;C:\Users\dougl\.m2\repository\org\bouncycastle\bcprov-jdk15on\1.64\bcprov-jdk15on-1.64.jar;C:\Users\dougl\.m2\repository\org\slf4j\jcl-over-slf4j\1.7.30\jcl-over-slf4j-1.7.30.jar;C:\Users\dougl\.m2\repository\com\github\docker-java\docker-java-transport-httpclient5\3.2.13\docker-java-transport-httpclient5-3.2.13.jar;C:\Users\dougl\.m2\repository\com\github\docker-java\docker-java-transport\3.2.13\docker-java-transport-3.2.13.jar;C:\Users\dougl\.m2\repository\net\java\dev\jna\jna\5.8.0\jna-5.8.0.jar;C:\Users\dougl\.m2\repository\org\brotli\dec\0.1.2\dec-0.1.2.jar;C:\Users\dougl\.m2\repository\org\apache\httpcomponents\client5\httpclient5\5.1.3\httpclient5-5.1.3.jar;C:\Users\dougl\.m2\repository\org\apache\httpcomponents\core5\httpcore5\5.1.3\httpcore5-5.1.3.jar;C:\Users\dougl\.m2\repository\org\apache\httpcomponents\core5\httpcore5-h2\5.1.3\httpcore5-h2-5.1.3.jar;C:\Users\dougl\.m2\repository\commons-codec\commons-codec\1.15\commons-codec-1.15.jar;C:\Users\dougl\.m2\repository\com\deque\html\axe-core\dequeutilites\4.7.0\dequeutilites-4.7.0.jar;C:\Users\dougl\.m2\repository\io\qameta\allure\allure-junit5\2.24.0\allure-junit5-2.24.0.jar;C:\Users\dougl\.m2\repository\io\qameta\allure\allure-junit-platform\2.24.0\allure-junit-platform-2.24.0.jar;C:\Users\dougl\.m2\repository\io\qameta\allure\allure-java-commons\2.24.0\allure-java-commons-2.24.0.jar;C:\Users\dougl\.m2\repository\io\qameta\allure\allure-model\2.24.0\allure-model-2.24.0.jar;C:\Users\dougl\.m2\repository\io\qameta\allure\allure-test-filter\2.24.0\allure-test-filter-2.24.0.jar;C:\Users\dougl\.m2\repository\org\junit\platform\junit-platform-launcher\1.9.2\junit-platform-launcher-1.9.2.jar;C:\Users\dougl\.m2\repository\com\fasterxml\jackson\core\jackson-databind\2.15.2\jackson-databind-2.15.2.jar;C:\Users\dougl\.m2\repository\com\fasterxml\jackson\core\jackson-annotations\2.15.2\jackson-annotations-2.15.2.jar;C:\Users\dougl\.m2\repository\com\fasterxml\jackson\core\jackson-core\2.15.2\jackson-core-2.15.2.jar;C:\Users\dougl\.m2\repository\org\junit\jupiter\junit-jupiter-api\5.10.0\junit-jupiter-api-5.10.0.jar;C:\Users\dougl\.m2\repository\org\opentest4j\opentest4j\1.3.0\opentest4j-1.3.0.jar;C:\Users\dougl\.m2\repository\org\junit\platform\junit-platform-commons\1.10.0\junit-platform-commons-1.10.0.jar;C:\Users\dougl\.m2\repository\org\apiguardian\apiguardian-api\1.1.2\apiguardian-api-1.1.2.jar;C:\Users\dougl\.m2\repository\org\junit\jupiter\junit-jupiter-engine\5.10.0\junit-jupiter-engine-5.10.0.jar;C:\Users\dougl\.m2\repository\org\junit\platform\junit-platform-engine\1.10.0\junit-platform-engine-1.10.0.jar;C:\Users\dougl\.m2\repository\org\junit\jupiter\junit-jupiter-params\5.10.0\junit-jupiter-params-5.10.0.jar;"/>
    <property name="sun.cpu.endian" value="little"/>
    <property name="user.home" value="C:\Users\dougl"/>
    <property name="user.language" value="es"/>
    <property name="java.specification.vendor" value="Oracle Corporation"/>
    <property name="java.version.date" value="2023-08-22"/>
    <property name="java.home" value="C:\Program Files\Amazon Corretto\jdk17.0.8_8"/>
    <property name="file.separator" value="\"/>
    <property name="basedir" value="C:\Douglas\Automation\Proyectos\Selenium\Pumpkins\Four Project\carbonfour-selenium-4"/>
    <property name="java.vm.compressedOopsMode" value="Zero based"/>
    <property name="line.separator" value="&#10;"/>
    <property name="java.vm.specification.vendor" value="Oracle Corporation"/>
    <property name="java.specification.name" value="Java Platform API Specification"/>
    <property name="surefire.real.class.path" value="C:\Users\dougl\AppData\Local\Temp\surefire16821234706680933842\surefirebooter-20230926113047213_3.jar"/>
    <property name="user.script" value=""/>
    <property name="sun.management.compiler" value="HotSpot 64-Bit Tiered Compilers"/>
    <property name="java.runtime.version" value="17.0.8.1+8-LTS"/>
    <property name="user.name" value="dougl"/>
    <property name="path.separator" value=";"/>
    <property name="os.version" value="10.0"/>
    <property name="java.runtime.name" value="OpenJDK Runtime Environment"/>
    <property name="file.encoding" value="Cp1252"/>
    <property name="java.vm.name" value="OpenJDK 64-Bit Server VM"/>
    <property name="java.vendor.version" value="Corretto-17.0.8.8.1"/>
    <property name="localRepository" value="C:\Users\dougl\.m2\repository"/>
    <property name="java.vendor.url.bug" value="https://github.com/corretto/corretto-17/issues/"/>
    <property name="java.io.tmpdir" value="C:\Users\dougl\AppData\Local\Temp\"/>
    <property name="java.version" value="17.0.8.1"/>
    <property name="user.dir" value="C:\Douglas\Automation\Proyectos\Selenium\Pumpkins\Four Project\carbonfour-selenium-4"/>
    <property name="os.arch" value="amd64"/>
    <property name="java.vm.specification.name" value="Java Virtual Machine Specification"/>
    <property name="sun.os.patch.level" value=""/>
    <property name="native.encoding" value="Cp1252"/>
    <property name="java.library.path" value="C:\Program Files\Amazon Corretto\jdk17.0.8_8\bin;C:\Windows\Sun\Java\bin;C:\Windows\system32;C:\Windows;C:\Program Files\Amazon Corretto\jdk17.0.8_8\bin;C:\Program Files (x86)\NVIDIA Corporation\PhysX\Common;C:\Windows\system32;C:\Windows;C:\Windows\System32\Wbem;C:\Windows\System32\WindowsPowerShell\v1.0\;C:\Windows\System32\OpenSSH\;C:\Program Files\Amazon Corretto\jdk17.0.8_8\bin;C:\Program Files\Maven\bin;C:\Program Files\Calibre2\;C:\Program Files\Git\cmd;C:\Program Files\nodejs\;C:\Program Files\PowerShell\7\;C:\Users\dougl\AppData\Local\Microsoft\WindowsApps;C:\Users\dougl\AppData\Local\Programs\Microsoft VS Code\bin;C:\Program Files\JetBrains\IntelliJ IDEA 2022.1\bin;;C:\Users\dougl\AppData\Local\GitHubDesktop\bin;C:\Program Files\JetBrains\Aqua 232.9921.1\bin;;C:\Users\dougl\AppData\Local\Programs\Microsoft VS Code Insiders\bin;C:\Users\dougl\AppData\Roaming\npm;."/>
    <property name="java.vm.info" value="mixed mode, sharing"/>
    <property name="java.vendor" value="Amazon.com Inc."/>
    <property name="java.vm.version" value="17.0.8.1+8-LTS"/>
    <property name="sun.io.unicode.encoding" value="UnicodeLittle"/>
    <property name="java.class.version" value="61.0"/>
  </properties>
  <testcase name="testPerformanceCaptureHttpRequests" classname="Selenium_4_Tests.TestDevToolsPerformance" time="2.328">
    <system-out><![CDATA[Request URI: https://linkedin.com/
Request URI + Assertions: true
Request Type: Optional[Document]
Request Method: GET
Request Headers: {Upgrade-Insecure-Requests=1, User-Agent=Mozilla/5.0 (Windows NT 10.0; Win64; x64) AppleWebKit/537.36 (KHTML, like Gecko) Chrome/117.0.0.0 Safari/537.36 Edg/117.0.2045.43, sec-ch-ua="Microsoft Edge";v="117", "Not;A=Brand";v="8", "Chromium";v="117", sec-ch-ua-mobile=?0, sec-ch-ua-platform="Windows"}
Request Post Data: Optional.empty
Request Mixed Content Type: Optional[none]
Request Referrer Policy: strict-origin-when-cross-origin
Request Is Signed Exchanged: false
Request Document URL: https://linkedin.com/
Request Initiator: org.openqa.selenium.devtools.v116.network.model.Initiator@16047426
Request Timestamp: 689101.123722

Request URI: https://www.linkedin.com/
Request URI + Assertions: true
Request Type: Optional[Document]
Request Method: GET
Request Headers: {Upgrade-Insecure-Requests=1, User-Agent=Mozilla/5.0 (Windows NT 10.0; Win64; x64) AppleWebKit/537.36 (KHTML, like Gecko) Chrome/117.0.0.0 Safari/537.36 Edg/117.0.2045.43, sec-ch-ua="Microsoft Edge";v="117", "Not;A=Brand";v="8", "Chromium";v="117", sec-ch-ua-mobile=?0, sec-ch-ua-platform="Windows"}
Request Post Data: Optional.empty
Request Mixed Content Type: Optional[none]
Request Referrer Policy: strict-origin-when-cross-origin
Request Is Signed Exchanged: false
Request Document URL: https://www.linkedin.com/
Request Initiator: org.openqa.selenium.devtools.v116.network.model.Initiator@6a816e59
Request Timestamp: 689101.545468

Request URI: https://static.licdn.com/aero-v1/sc/h/dxf91zhqd2z6b0bwg85ktm5s4
Request URI + Assertions: false
Request Type: Optional[Image]
Request Method: GET
Request Headers: {sec-ch-ua="Microsoft Edge";v="117", "Not;A=Brand";v="8", "Chromium";v="117", Referer=https://www.linkedin.com/, sec-ch-ua-mobile=?0, User-Agent=Mozilla/5.0 (Windows NT 10.0; Win64; x64) AppleWebKit/537.36 (KHTML, like Gecko) Chrome/117.0.0.0 Safari/537.36 Edg/117.0.2045.43, sec-ch-ua-platform="Windows"}
Request Post Data: Optional.empty
Request Mixed Content Type: Optional[none]
Request Referrer Policy: strict-origin-when-cross-origin
Request Is Signed Exchanged: false
Request Document URL: https://www.linkedin.com/
Request Initiator: org.openqa.selenium.devtools.v116.network.model.Initiator@4fe17fd8
Request Timestamp: 689101.819698

Request URI: https://static.licdn.com/aero-v1/sc/h/da6k3p06hwhmey5aku5qn21po
Request URI + Assertions: false
Request Type: Optional[Stylesheet]
Request Method: GET
Request Headers: {sec-ch-ua="Microsoft Edge";v="117", "Not;A=Brand";v="8", "Chromium";v="117", Referer=https://www.linkedin.com/, sec-ch-ua-mobile=?0, User-Agent=Mozilla/5.0 (Windows NT 10.0; Win64; x64) AppleWebKit/537.36 (KHTML, like Gecko) Chrome/117.0.0.0 Safari/537.36 Edg/117.0.2045.43, sec-ch-ua-platform="Windows"}
Request Post Data: Optional.empty
Request Mixed Content Type: Optional[none]
Request Referrer Policy: strict-origin-when-cross-origin
Request Is Signed Exchanged: false
Request Document URL: https://www.linkedin.com/
Request Initiator: org.openqa.selenium.devtools.v116.network.model.Initiator@783e66cf
Request Timestamp: 689101.819471

Request URI: https://static.licdn.com/aero-v1/sc/h/bf2zti0m4hz70upnw90rlmjfm
Request URI + Assertions: false
Request Type: Optional[Script]
Request Method: GET
Request Headers: {sec-ch-ua="Microsoft Edge";v="117", "Not;A=Brand";v="8", "Chromium";v="117", Referer=https://www.linkedin.com/, sec-ch-ua-mobile=?0, User-Agent=Mozilla/5.0 (Windows NT 10.0; Win64; x64) AppleWebKit/537.36 (KHTML, like Gecko) Chrome/117.0.0.0 Safari/537.36 Edg/117.0.2045.43, sec-ch-ua-platform="Windows"}
Request Post Data: Optional.empty
Request Mixed Content Type: Optional[none]
Request Referrer Policy: strict-origin-when-cross-origin
Request Is Signed Exchanged: false
Request Document URL: https://www.linkedin.com/
Request Initiator: org.openqa.selenium.devtools.v116.network.model.Initiator@14dce0fc
Request Timestamp: 689101.846726

Request URI: https://static.licdn.com/aero-v1/sc/h/a6a3vk4dpqcg5xf71cjoy0mvn
Request URI + Assertions: false
Request Type: Optional[Script]
Request Method: GET
Request Headers: {sec-ch-ua="Microsoft Edge";v="117", "Not;A=Brand";v="8", "Chromium";v="117", Referer=https://www.linkedin.com/, sec-ch-ua-mobile=?0, User-Agent=Mozilla/5.0 (Windows NT 10.0; Win64; x64) AppleWebKit/537.36 (KHTML, like Gecko) Chrome/117.0.0.0 Safari/537.36 Edg/117.0.2045.43, sec-ch-ua-platform="Windows"}
Request Post Data: Optional.empty
Request Mixed Content Type: Optional[none]
Request Referrer Policy: strict-origin-when-cross-origin
Request Is Signed Exchanged: false
Request Document URL: https://www.linkedin.com/
Request Initiator: org.openqa.selenium.devtools.v116.network.model.Initiator@41269854
Request Timestamp: 689101.84647

Request URI: https://static.licdn.com/aero-v1/sc/h/e5ka7p8s9n5r0z9p6kpmm3hig
Request URI + Assertions: false
Request Type: Optional[Fetch]
Request Method: GET
Request Headers: {sec-ch-ua="Microsoft Edge";v="117", "Not;A=Brand";v="8", "Chromium";v="117", Referer=https://www.linkedin.com/, sec-ch-ua-mobile=?0, User-Agent=Mozilla/5.0 (Windows NT 10.0; Win64; x64) AppleWebKit/537.36 (KHTML, like Gecko) Chrome/117.0.0.0 Safari/537.36 Edg/117.0.2045.43, sec-ch-ua-platform="Windows"}
Request Post Data: Optional.empty
Request Mixed Content Type: Optional[none]
Request Referrer Policy: strict-origin-when-cross-origin
Request Is Signed Exchanged: false
Request Document URL: https://www.linkedin.com/
Request Initiator: org.openqa.selenium.devtools.v116.network.model.Initiator@f49c1e1
Request Timestamp: 689102.051802

Request URI: https://static.licdn.com/aero-v1/sc/h/8wykgzgbqy0t3fnkgborvz54u
Request URI + Assertions: false
Request Type: Optional[Fetch]
Request Method: GET
Request Headers: {sec-ch-ua="Microsoft Edge";v="117", "Not;A=Brand";v="8", "Chromium";v="117", Referer=https://www.linkedin.com/, sec-ch-ua-mobile=?0, User-Agent=Mozilla/5.0 (Windows NT 10.0; Win64; x64) AppleWebKit/537.36 (KHTML, like Gecko) Chrome/117.0.0.0 Safari/537.36 Edg/117.0.2045.43, sec-ch-ua-platform="Windows"}
Request Post Data: Optional.empty
Request Mixed Content Type: Optional[none]
Request Referrer Policy: strict-origin-when-cross-origin
Request Is Signed Exchanged: false
Request Document URL: https://www.linkedin.com/
Request Initiator: org.openqa.selenium.devtools.v116.network.model.Initiator@153d32f1
Request Timestamp: 689102.051146

Request URI: https://static.licdn.com/aero-v1/sc/h/92eb1xekc34eklevj0io6x4ki
Request URI + Assertions: false
Request Type: Optional[Fetch]
Request Method: GET
Request Headers: {sec-ch-ua="Microsoft Edge";v="117", "Not;A=Brand";v="8", "Chromium";v="117", Referer=https://www.linkedin.com/, sec-ch-ua-mobile=?0, User-Agent=Mozilla/5.0 (Windows NT 10.0; Win64; x64) AppleWebKit/537.36 (KHTML, like Gecko) Chrome/117.0.0.0 Safari/537.36 Edg/117.0.2045.43, sec-ch-ua-platform="Windows"}
Request Post Data: Optional.empty
Request Mixed Content Type: Optional[none]
Request Referrer Policy: strict-origin-when-cross-origin
Request Is Signed Exchanged: false
Request Document URL: https://www.linkedin.com/
Request Initiator: org.openqa.selenium.devtools.v116.network.model.Initiator@e5fb34
Request Timestamp: 689102.051411

Request URI: https://static.licdn.com/aero-v1/sc/h/51t74mlo1ty7vakn3a80a9jcp
Request URI + Assertions: false
Request Type: Optional[Script]
Request Method: GET
Request Headers: {sec-ch-ua="Microsoft Edge";v="117", "Not;A=Brand";v="8", "Chromium";v="117", Referer=https://www.linkedin.com/, sec-ch-ua-mobile=?0, User-Agent=Mozilla/5.0 (Windows NT 10.0; Win64; x64) AppleWebKit/537.36 (KHTML, like Gecko) Chrome/117.0.0.0 Safari/537.36 Edg/117.0.2045.43, sec-ch-ua-platform="Windows"}
Request Post Data: Optional.empty
Request Mixed Content Type: Optional[none]
Request Referrer Policy: strict-origin-when-cross-origin
Request Is Signed Exchanged: false
Request Document URL: https://www.linkedin.com/
Request Initiator: org.openqa.selenium.devtools.v116.network.model.Initiator@1933d76a
Request Timestamp: 689102.052292

Request URI: https://static.licdn.com/aero-v1/sc/h/4chtt12k98xwnba1nimld2oyg
Request URI + Assertions: false
Request Type: Optional[Fetch]
Request Method: GET
Request Headers: {sec-ch-ua="Microsoft Edge";v="117", "Not;A=Brand";v="8", "Chromium";v="117", Referer=https://www.linkedin.com/, sec-ch-ua-mobile=?0, User-Agent=Mozilla/5.0 (Windows NT 10.0; Win64; x64) AppleWebKit/537.36 (KHTML, like Gecko) Chrome/117.0.0.0 Safari/537.36 Edg/117.0.2045.43, sec-ch-ua-platform="Windows"}
Request Post Data: Optional.empty
Request Mixed Content Type: Optional[none]
Request Referrer Policy: strict-origin-when-cross-origin
Request Is Signed Exchanged: false
Request Document URL: https://www.linkedin.com/
Request Initiator: org.openqa.selenium.devtools.v116.network.model.Initiator@4ad8a4f4
Request Timestamp: 689102.051634

Request URI: https://static.licdn.com/aero-v1/sc/h/8fkga714vy9b2wk5auqo5reeb
Request URI + Assertions: false
Request Type: Optional[Fetch]
Request Method: GET
Request Headers: {sec-ch-ua="Microsoft Edge";v="117", "Not;A=Brand";v="8", "Chromium";v="117", Referer=https://www.linkedin.com/, sec-ch-ua-mobile=?0, User-Agent=Mozilla/5.0 (Windows NT 10.0; Win64; x64) AppleWebKit/537.36 (KHTML, like Gecko) Chrome/117.0.0.0 Safari/537.36 Edg/117.0.2045.43, sec-ch-ua-platform="Windows"}
Request Post Data: Optional.empty
Request Mixed Content Type: Optional[none]
Request Referrer Policy: strict-origin-when-cross-origin
Request Is Signed Exchanged: false
Request Document URL: https://www.linkedin.com/
Request Initiator: org.openqa.selenium.devtools.v116.network.model.Initiator@451914a8
Request Timestamp: 689102.050255

Request URI: https://static.licdn.com/aero-v1/sc/h/8m736dfzskmdn6bwwqz67iiki
Request URI + Assertions: false
Request Type: Optional[Script]
Request Method: GET
Request Headers: {sec-ch-ua="Microsoft Edge";v="117", "Not;A=Brand";v="8", "Chromium";v="117", Referer=https://www.linkedin.com/, sec-ch-ua-mobile=?0, User-Agent=Mozilla/5.0 (Windows NT 10.0; Win64; x64) AppleWebKit/537.36 (KHTML, like Gecko) Chrome/117.0.0.0 Safari/537.36 Edg/117.0.2045.43, sec-ch-ua-platform="Windows"}
Request Post Data: Optional.empty
Request Mixed Content Type: Optional[none]
Request Referrer Policy: strict-origin-when-cross-origin
Request Is Signed Exchanged: false
Request Document URL: https://www.linkedin.com/
Request Initiator: org.openqa.selenium.devtools.v116.network.model.Initiator@153e19f5
Request Timestamp: 689102.04996

Request URI: https://static.licdn.com/aero-v1/sc/h/6ulnj3n2ijcmhej768y6oj1hr
Request URI + Assertions: false
Request Type: Optional[Fetch]
Request Method: GET
Request Headers: {sec-ch-ua="Microsoft Edge";v="117", "Not;A=Brand";v="8", "Chromium";v="117", Referer=https://www.linkedin.com/, sec-ch-ua-mobile=?0, User-Agent=Mozilla/5.0 (Windows NT 10.0; Win64; x64) AppleWebKit/537.36 (KHTML, like Gecko) Chrome/117.0.0.0 Safari/537.36 Edg/117.0.2045.43, sec-ch-ua-platform="Windows"}
Request Post Data: Optional.empty
Request Mixed Content Type: Optional[none]
Request Referrer Policy: strict-origin-when-cross-origin
Request Is Signed Exchanged: false
Request Document URL: https://www.linkedin.com/
Request Initiator: org.openqa.selenium.devtools.v116.network.model.Initiator@633acf12
Request Timestamp: 689102.05057

Request URI: https://static.licdn.com/aero-v1/sc/h/ddi43qwelxeqjxdd45pe3fvs1
Request URI + Assertions: false
Request Type: Optional[Fetch]
Request Method: GET
Request Headers: {sec-ch-ua="Microsoft Edge";v="117", "Not;A=Brand";v="8", "Chromium";v="117", Referer=https://www.linkedin.com/, sec-ch-ua-mobile=?0, User-Agent=Mozilla/5.0 (Windows NT 10.0; Win64; x64) AppleWebKit/537.36 (KHTML, like Gecko) Chrome/117.0.0.0 Safari/537.36 Edg/117.0.2045.43, sec-ch-ua-platform="Windows"}
Request Post Data: Optional.empty
Request Mixed Content Type: Optional[none]
Request Referrer Policy: strict-origin-when-cross-origin
Request Is Signed Exchanged: false
Request Document URL: https://www.linkedin.com/
Request Initiator: org.openqa.selenium.devtools.v116.network.model.Initiator@4f559289
Request Timestamp: 689102.049122

Request URI: https://static.licdn.com/aero-v1/sc/h/7kb6sn3tm4cx918cx9a5jlb0
Request URI + Assertions: false
Request Type: Optional[Fetch]
Request Method: GET
Request Headers: {sec-ch-ua="Microsoft Edge";v="117", "Not;A=Brand";v="8", "Chromium";v="117", Referer=https://www.linkedin.com/, sec-ch-ua-mobile=?0, User-Agent=Mozilla/5.0 (Windows NT 10.0; Win64; x64) AppleWebKit/537.36 (KHTML, like Gecko) Chrome/117.0.0.0 Safari/537.36 Edg/117.0.2045.43, sec-ch-ua-platform="Windows"}
Request Post Data: Optional.empty
Request Mixed Content Type: Optional[none]
Request Referrer Policy: strict-origin-when-cross-origin
Request Is Signed Exchanged: false
Request Document URL: https://www.linkedin.com/
Request Initiator: org.openqa.selenium.devtools.v116.network.model.Initiator@6d7b6ca7
Request Timestamp: 689102.050861

Request URI: https://static.licdn.com/aero-v1/sc/h/a6a3vk4dpqcg5xf71cjoy0mvn
Request URI + Assertions: false
Request Type: Optional[Fetch]
Request Method: HEAD
Request Headers: {sec-ch-ua="Microsoft Edge";v="117", "Not;A=Brand";v="8", "Chromium";v="117", Referer=https://www.linkedin.com/, sec-ch-ua-mobile=?0, User-Agent=Mozilla/5.0 (Windows NT 10.0; Win64; x64) AppleWebKit/537.36 (KHTML, like Gecko) Chrome/117.0.0.0 Safari/537.36 Edg/117.0.2045.43, sec-ch-ua-platform="Windows"}
Request Post Data: Optional.empty
Request Mixed Content Type: Optional[none]
Request Referrer Policy: strict-origin-when-cross-origin
Request Is Signed Exchanged: false
Request Document URL: https://www.linkedin.com/
Request Initiator: org.openqa.selenium.devtools.v116.network.model.Initiator@1b926f
Request Timestamp: 689102.056076

Request URI: https://ponf.linkedin.com/pixel/tracking.png?reqid=94b7018f-1ba4-4bb0-8f1a-649a92e6a81d&pageInstance=urn%3Ali%3Apage%3Ad_homepage-guest-home_jsbeacon%3BTmNmv8emRRiWlxxXFf2xug%3D%3D&js=enabled
Request URI + Assertions: true
Request Type: Optional[Image]
Request Method: GET
Request Headers: {sec-ch-ua="Microsoft Edge";v="117", "Not;A=Brand";v="8", "Chromium";v="117", Referer=https://www.linkedin.com/, sec-ch-ua-mobile=?0, User-Agent=Mozilla/5.0 (Windows NT 10.0; Win64; x64) AppleWebKit/537.36 (KHTML, like Gecko) Chrome/117.0.0.0 Safari/537.36 Edg/117.0.2045.43, sec-ch-ua-platform="Windows"}
Request Post Data: Optional.empty
Request Mixed Content Type: Optional[none]
Request Referrer Policy: strict-origin-when-cross-origin
Request Is Signed Exchanged: false
Request Document URL: https://www.linkedin.com/
Request Initiator: org.openqa.selenium.devtools.v116.network.model.Initiator@1bface26
Request Timestamp: 689102.289118

Request URI: https://static.licdn.com/aero-v1/sc/h/dxf91zhqd2z6b0bwg85ktm5s4
Request URI + Assertions: false
Request Type: Optional[Fetch]
Request Method: HEAD
Request Headers: {sec-ch-ua="Microsoft Edge";v="117", "Not;A=Brand";v="8", "Chromium";v="117", Referer=https://www.linkedin.com/, sec-ch-ua-mobile=?0, User-Agent=Mozilla/5.0 (Windows NT 10.0; Win64; x64) AppleWebKit/537.36 (KHTML, like Gecko) Chrome/117.0.0.0 Safari/537.36 Edg/117.0.2045.43, sec-ch-ua-platform="Windows"}
Request Post Data: Optional.empty
Request Mixed Content Type: Optional[none]
Request Referrer Policy: strict-origin-when-cross-origin
Request Is Signed Exchanged: false
Request Document URL: https://www.linkedin.com/
Request Initiator: org.openqa.selenium.devtools.v116.network.model.Initiator@150cdeeb
Request Timestamp: 689102.055927

Request URI: https://platform.linkedin.com/litms/utag/homepage-guest-frontend/utag.js?cb=1695746100000
Request URI + Assertions: true
Request Type: Optional[Script]
Request Method: GET
Request Headers: {sec-ch-ua="Microsoft Edge";v="117", "Not;A=Brand";v="8", "Chromium";v="117", Referer=https://www.linkedin.com/, sec-ch-ua-mobile=?0, User-Agent=Mozilla/5.0 (Windows NT 10.0; Win64; x64) AppleWebKit/537.36 (KHTML, like Gecko) Chrome/117.0.0.0 Safari/537.36 Edg/117.0.2045.43, sec-ch-ua-platform="Windows"}
Request Post Data: Optional.empty
Request Mixed Content Type: Optional[none]
Request Referrer Policy: strict-origin-when-cross-origin
Request Is Signed Exchanged: false
Request Document URL: https://www.linkedin.com/
Request Initiator: org.openqa.selenium.devtools.v116.network.model.Initiator@1c1fb19a
Request Timestamp: 689102.064867

Request URI: https://static.licdn.com/aero-v1/sc/h/bf2zti0m4hz70upnw90rlmjfm
Request URI + Assertions: false
Request Type: Optional[Fetch]
Request Method: HEAD
Request Headers: {sec-ch-ua="Microsoft Edge";v="117", "Not;A=Brand";v="8", "Chromium";v="117", Referer=https://www.linkedin.com/, sec-ch-ua-mobile=?0, User-Agent=Mozilla/5.0 (Windows NT 10.0; Win64; x64) AppleWebKit/537.36 (KHTML, like Gecko) Chrome/117.0.0.0 Safari/537.36 Edg/117.0.2045.43, sec-ch-ua-platform="Windows"}
Request Post Data: Optional.empty
Request Mixed Content Type: Optional[none]
Request Referrer Policy: strict-origin-when-cross-origin
Request Is Signed Exchanged: false
Request Document URL: https://www.linkedin.com/
Request Initiator: org.openqa.selenium.devtools.v116.network.model.Initiator@18e3e78
Request Timestamp: 689102.056222

Request URI: https://www.linkedin.com/litms/api/metadata/user
Request URI + Assertions: true
Request Type: Optional[XHR]
Request Method: GET
Request Headers: {sec-ch-ua="Microsoft Edge";v="117", "Not;A=Brand";v="8", "Chromium";v="117", Referer=https://www.linkedin.com/, sec-ch-ua-mobile=?0, User-Agent=Mozilla/5.0 (Windows NT 10.0; Win64; x64) AppleWebKit/537.36 (KHTML, like Gecko) Chrome/117.0.0.0 Safari/537.36 Edg/117.0.2045.43, sec-ch-ua-platform="Windows"}
Request Post Data: Optional.empty
Request Mixed Content Type: Optional[none]
Request Referrer Policy: strict-origin-when-cross-origin
Request Is Signed Exchanged: false
Request Document URL: https://www.linkedin.com/
Request Initiator: org.openqa.selenium.devtools.v116.network.model.Initiator@b8a1368
Request Timestamp: 689102.063662

Request URI: https://www.linkedin.com/homepage-guest/manifest.json
Request URI + Assertions: true
Request Type: Optional[Manifest]
Request Method: GET
Request Headers: {sec-ch-ua="Microsoft Edge";v="117", "Not;A=Brand";v="8", "Chromium";v="117", Referer=https://www.linkedin.com/, sec-ch-ua-mobile=?0, User-Agent=Mozilla/5.0 (Windows NT 10.0; Win64; x64) AppleWebKit/537.36 (KHTML, like Gecko) Chrome/117.0.0.0 Safari/537.36 Edg/117.0.2045.43, sec-ch-ua-platform="Windows"}
Request Post Data: Optional.empty
Request Mixed Content Type: Optional[none]
Request Referrer Policy: strict-origin-when-cross-origin
Request Is Signed Exchanged: false
Request Document URL: https://www.linkedin.com/
Request Initiator: org.openqa.selenium.devtools.v116.network.model.Initiator@10921889
Request Timestamp: 689102.062955

Request URI: https://static.licdn.com/aero-v1/sc/h/da6k3p06hwhmey5aku5qn21po
Request URI + Assertions: false
Request Type: Optional[Fetch]
Request Method: HEAD
Request Headers: {sec-ch-ua="Microsoft Edge";v="117", "Not;A=Brand";v="8", "Chromium";v="117", Referer=https://www.linkedin.com/, sec-ch-ua-mobile=?0, User-Agent=Mozilla/5.0 (Windows NT 10.0; Win64; x64) AppleWebKit/537.36 (KHTML, like Gecko) Chrome/117.0.0.0 Safari/537.36 Edg/117.0.2045.43, sec-ch-ua-platform="Windows"}
Request Post Data: Optional.empty
Request Mixed Content Type: Optional[none]
Request Referrer Policy: strict-origin-when-cross-origin
Request Is Signed Exchanged: false
Request Document URL: https://www.linkedin.com/
Request Initiator: org.openqa.selenium.devtools.v116.network.model.Initiator@4935afe5
Request Timestamp: 689102.055441

Request URI: https://www.linkedin.com/homepage-guest/api/ingraphs/gauge
Request URI + Assertions: true
Request Type: Optional[Fetch]
Request Method: POST
Request Headers: {sec-ch-ua="Microsoft Edge";v="117", "Not;A=Brand";v="8", "Chromium";v="117", sec-ch-ua-mobile=?0, User-Agent=Mozilla/5.0 (Windows NT 10.0; Win64; x64) AppleWebKit/537.36 (KHTML, like Gecko) Chrome/117.0.0.0 Safari/537.36 Edg/117.0.2045.43, Content-Type=application/json, Csrf-Token=ajax:7127017710839772708, x-li-pageInstance=urn:li:page:d_homepage-guest-home_jsbeacon;TmNmv8emRRiWlxxXFf2xug==, Referer=https://www.linkedin.com/, sec-ch-ua-platform="Windows"}
Request Post Data: Optional[{"pageKey":"d_homepage-guest-home_jsbeacon","metricsType":"pageLoadTime","metricsValue":926}]
Request Mixed Content Type: Optional[none]
Request Referrer Policy: strict-origin-when-cross-origin
Request Is Signed Exchanged: false
Request Document URL: https://www.linkedin.com/
Request Initiator: org.openqa.selenium.devtools.v116.network.model.Initiator@3aeb1056
Request Timestamp: 689102.06055

Request URI: https://www.linkedin.com/homepage-guest/manifest.json
Request URI + Assertions: true
Request Type: Optional[Manifest]
Request Method: GET
Request Headers: {sec-ch-ua="Microsoft Edge";v="117", "Not;A=Brand";v="8", "Chromium";v="117", Referer=https://www.linkedin.com/, sec-ch-ua-mobile=?0, User-Agent=Mozilla/5.0 (Windows NT 10.0; Win64; x64) AppleWebKit/537.36 (KHTML, like Gecko) Chrome/117.0.0.0 Safari/537.36 Edg/117.0.2045.43, sec-ch-ua-platform="Windows"}
Request Post Data: Optional.empty
Request Mixed Content Type: Optional[none]
Request Referrer Policy: strict-origin-when-cross-origin
Request Is Signed Exchanged: false
Request Document URL: https://www.linkedin.com/
Request Initiator: org.openqa.selenium.devtools.v116.network.model.Initiator@21fb92
Request Timestamp: 689102.29659

Request URI: https://static.licdn.com/aero-v1/sc/h/ddi43qwelxeqjxdd45pe3fvs1
Request URI + Assertions: false
Request Type: Optional[Fetch]
Request Method: HEAD
Request Headers: {sec-ch-ua="Microsoft Edge";v="117", "Not;A=Brand";v="8", "Chromium";v="117", Referer=https://www.linkedin.com/, sec-ch-ua-mobile=?0, User-Agent=Mozilla/5.0 (Windows NT 10.0; Win64; x64) AppleWebKit/537.36 (KHTML, like Gecko) Chrome/117.0.0.0 Safari/537.36 Edg/117.0.2045.43, sec-ch-ua-platform="Windows"}
Request Post Data: Optional.empty
Request Mixed Content Type: Optional[none]
Request Referrer Policy: strict-origin-when-cross-origin
Request Is Signed Exchanged: false
Request Document URL: https://www.linkedin.com/
Request Initiator: org.openqa.selenium.devtools.v116.network.model.Initiator@46c55d33
Request Timestamp: 689102.297642

Request URI: https://static.licdn.com/aero-v1/sc/h/al2o9zrvru7aqj8e1x2rzsrca
Request URI + Assertions: false
Request Type: Optional[Other]
Request Method: GET
Request Headers: {sec-ch-ua="Microsoft Edge";v="117", "Not;A=Brand";v="8", "Chromium";v="117", Referer=https://www.linkedin.com/, sec-ch-ua-mobile=?0, User-Agent=Mozilla/5.0 (Windows NT 10.0; Win64; x64) AppleWebKit/537.36 (KHTML, like Gecko) Chrome/117.0.0.0 Safari/537.36 Edg/117.0.2045.43, sec-ch-ua-platform="Windows"}
Request Post Data: Optional.empty
Request Mixed Content Type: Optional[none]
Request Referrer Policy: strict-origin-when-cross-origin
Request Is Signed Exchanged: false
Request Document URL: https://www.linkedin.com/
Request Initiator: org.openqa.selenium.devtools.v116.network.model.Initiator@120fb7fb
Request Timestamp: 689102.298687

Request URI: https://accounts.google.com/gsi/button?logo_alignment=center&shape=pill&size=large&text=continue_with&theme=undefined&type=undefined&width=398&client_id=990339570472-k6nqn1tpmitg8pui82bfaun3jrpmiuhs.apps.googleusercontent.com&iframe_id=gsi_118282_491099&as=du0KjdCo%2BBADNb%2FbMwyyZw&hl=en_US
Request URI + Assertions: false
Request Type: Optional[Document]
Request Method: GET
Request Headers: {Referer=https://www.linkedin.com/, Upgrade-Insecure-Requests=1, User-Agent=Mozilla/5.0 (Windows NT 10.0; Win64; x64) AppleWebKit/537.36 (KHTML, like Gecko) Chrome/117.0.0.0 Safari/537.36 Edg/117.0.2045.43, sec-ch-ua="Microsoft Edge";v="117", "Not;A=Brand";v="8", "Chromium";v="117", sec-ch-ua-mobile=?0, sec-ch-ua-platform="Windows"}
Request Post Data: Optional.empty
Request Mixed Content Type: Optional[none]
Request Referrer Policy: strict-origin-when-cross-origin
Request Is Signed Exchanged: false
Request Document URL: https://accounts.google.com/gsi/button?logo_alignment=center&shape=pill&size=large&text=continue_with&theme=undefined&type=undefined&width=398&client_id=990339570472-k6nqn1tpmitg8pui82bfaun3jrpmiuhs.apps.googleusercontent.com&iframe_id=gsi_118282_491099&as=du0KjdCo%2BBADNb%2FbMwyyZw&hl=en_US
Request Initiator: org.openqa.selenium.devtools.v116.network.model.Initiator@738a862
Request Timestamp: 689102.319756

Request URI: https://accounts.google.com/gsi/status?client_id=990339570472-k6nqn1tpmitg8pui82bfaun3jrpmiuhs.apps.googleusercontent.com&as=du0KjdCo%2BBADNb%2FbMwyyZw
Request URI + Assertions: false
Request Type: Optional[XHR]
Request Method: GET
Request Headers: {sec-ch-ua="Microsoft Edge";v="117", "Not;A=Brand";v="8", "Chromium";v="117", Referer=https://www.linkedin.com/, sec-ch-ua-mobile=?0, User-Agent=Mozilla/5.0 (Windows NT 10.0; Win64; x64) AppleWebKit/537.36 (KHTML, like Gecko) Chrome/117.0.0.0 Safari/537.36 Edg/117.0.2045.43, sec-ch-ua-platform="Windows"}
Request Post Data: Optional.empty
Request Mixed Content Type: Optional[none]
Request Referrer Policy: strict-origin-when-cross-origin
Request Is Signed Exchanged: false
Request Document URL: https://www.linkedin.com/
Request Initiator: org.openqa.selenium.devtools.v116.network.model.Initiator@5c72eabe
Request Timestamp: 689102.314536

]]></system-out>
  </testcase>
  <testcase name="testPerformanceMetrics" classname="Selenium_4_Tests.TestDevToolsPerformance" time="2.535">
    <system-out><![CDATA[Metric: Timestamp
689104.709677
Metric: Documents
5
Metric: Frames
3
Metric: JSEventListeners
103
Metric: Nodes
3887
Metric: LayoutCount
12
Metric: RecalcStyleCount
14
Metric: RecalcStyleDuration
0.023173
Metric: LayoutDuration
0.082681
Metric: MediaKeySessions
0
Metric: Resources
23
Metric: DomContentLoaded
689104.280472
Metric: NavigationStart
689103.513615
Metric: TaskDuration
0.38221
Metric: JSHeapUsedSize
3048684
Metric: JSHeapTotalSize
6008832
Metric: ScriptDuration
0.068023
]]></system-out>
  </testcase>
</testsuite>